<?xml version="1.0" encoding="UTF-8"?>
<!-- Generated by org.testng.reporters.JUnitReportReporter -->
<testsuite hostname="BiswaranjanD-PC" name="com.ebay.test.Ebay_Test" tests="1" failures="0" timestamp="27 Feb 2019 08:06:39 GMT" time="119.051" errors="1">
  <testcase name="login_ParkNow" time="119.051" classname="com.ebay.test.Ebay_Test">
    <error type="org.openqa.selenium.remote.SessionNotFoundException" message="A session is either terminated or not started (WARNING: The server did not provide any stacktrace information)
Command duration or timeout: 24 milliseconds
Build info: version: &#039;2.53.1&#039;, revision: &#039;a36b8b1cd5757287168e54b817830adce9b0158d&#039;, time: &#039;2016-06-30 19:26:09&#039;
System info: host: &#039;BiswaranjanD-PC&#039;, ip: &#039;192.168.102.16&#039;, os.name: &#039;Windows 10&#039;, os.arch: &#039;amd64&#039;, os.version: &#039;10.0&#039;, java.version: &#039;1.8.0_121&#039;
Driver info: io.appium.java_client.android.AndroidDriver
Capabilities [{appPackage=com.climate.farmrise, noReset=false, fullReset=false, deviceName=459c53c7, platform=LINUX, deviceUDID=459c53c7, desired={app=C:\Users\biswaranjand\Downloads\farmrise_latest.apk, noReset=false, automatioNname=appium, appactivity=com.climate.farmrise.*, newCommandTimeout=10000, apppackage=com.climate.farmrise, platformName=Android, platformversion=5.0.0, fullReset=false, deviceName=459c5c7}, newCommandTimeout=10000, platformVersion=5.0.2, webStorageEnabled=false, takesScreenshot=true, javascriptEnabled=true, platformName=Android, deviceManufacturer=LENOVO, app=C:\Users\biswaranjand\Downloads\farmrise_latest.apk, deviceScreenSize=720x1280, networkConnectionEnabled=true, automatioNname=appium, warnings={}, apppackage=com.climate.farmrise, appWaitPackage=com.climate.farmrise, appWaitActivity=com.climate.farmrise.SplashScreen, databaseEnabled=false, appActivity=com.climate.farmrise.SplashScreen, appactivity=com.climate.farmrise.*, locationContextEnabled=false, deviceModel=Lenovo A6000, platformversion=5.0.0}]
Session ID: f610e6ad-aac3-4236-b918-3170202504b7">
      <![CDATA[org.openqa.selenium.remote.SessionNotFoundException: A session is either terminated or not started (WARNING: The server did not provide any stacktrace information)
Command duration or timeout: 24 milliseconds
Build info: version: '2.53.1', revision: 'a36b8b1cd5757287168e54b817830adce9b0158d', time: '2016-06-30 19:26:09'
System info: host: 'BiswaranjanD-PC', ip: '192.168.102.16', os.name: 'Windows 10', os.arch: 'amd64', os.version: '10.0', java.version: '1.8.0_121'
Driver info: io.appium.java_client.android.AndroidDriver
Capabilities [{appPackage=com.climate.farmrise, noReset=false, fullReset=false, deviceName=459c53c7, platform=LINUX, deviceUDID=459c53c7, desired={app=C:\Users\biswaranjand\Downloads\farmrise_latest.apk, noReset=false, automatioNname=appium, appactivity=com.climate.farmrise.*, newCommandTimeout=10000, apppackage=com.climate.farmrise, platformName=Android, platformversion=5.0.0, fullReset=false, deviceName=459c5c7}, newCommandTimeout=10000, platformVersion=5.0.2, webStorageEnabled=false, takesScreenshot=true, javascriptEnabled=true, platformName=Android, deviceManufacturer=LENOVO, app=C:\Users\biswaranjand\Downloads\farmrise_latest.apk, deviceScreenSize=720x1280, networkConnectionEnabled=true, automatioNname=appium, warnings={}, apppackage=com.climate.farmrise, appWaitPackage=com.climate.farmrise, appWaitActivity=com.climate.farmrise.SplashScreen, databaseEnabled=false, appActivity=com.climate.farmrise.SplashScreen, appactivity=com.climate.farmrise.*, locationContextEnabled=false, deviceModel=Lenovo A6000, platformversion=5.0.0}]
Session ID: f610e6ad-aac3-4236-b918-3170202504b7
	at sun.reflect.NativeConstructorAccessorImpl.newInstance0(Native Method)
	at sun.reflect.NativeConstructorAccessorImpl.newInstance(NativeConstructorAccessorImpl.java:62)
	at sun.reflect.DelegatingConstructorAccessorImpl.newInstance(DelegatingConstructorAccessorImpl.java:45)
	at java.lang.reflect.Constructor.newInstance(Constructor.java:423)
	at org.openqa.selenium.remote.ErrorHandler.createThrowable(ErrorHandler.java:206)
	at org.openqa.selenium.remote.ErrorHandler.throwIfResponseFailed(ErrorHandler.java:158)
	at org.openqa.selenium.remote.RemoteWebDriver.execute(RemoteWebDriver.java:678)
	at io.appium.java_client.DefaultGenericMobileDriver.execute(DefaultGenericMobileDriver.java:40)
	at io.appium.java_client.AppiumDriver.execute(AppiumDriver.java:1)
	at io.appium.java_client.android.AndroidDriver.execute(AndroidDriver.java:1)
	at io.appium.java_client.AppiumDriver.performTouchAction(AppiumDriver.java:336)
	at io.appium.java_client.TouchAction.perform(TouchAction.java:323)
	at io.appium.java_client.AppiumDriver.doSwipe(AppiumDriver.java:383)
	at io.appium.java_client.android.AndroidDriver.swipe(AndroidDriver.java:186)
	at com.ebay.test.Ebay_Test.login_ParkNow(Ebay_Test.java:51)
	at sun.reflect.NativeMethodAccessorImpl.invoke0(Native Method)
	at sun.reflect.NativeMethodAccessorImpl.invoke(NativeMethodAccessorImpl.java:62)
	at sun.reflect.DelegatingMethodAccessorImpl.invoke(DelegatingMethodAccessorImpl.java:43)
	at java.lang.reflect.Method.invoke(Method.java:498)
	at org.testng.internal.MethodInvocationHelper.invokeMethod(MethodInvocationHelper.java:86)
	at org.testng.internal.Invoker.invokeMethod(Invoker.java:643)
	at org.testng.internal.Invoker.invokeTestMethod(Invoker.java:820)
	at org.testng.internal.Invoker.invokeTestMethods(Invoker.java:1128)
	at org.testng.internal.TestMethodWorker.invokeTestMethods(TestMethodWorker.java:129)
	at org.testng.internal.TestMethodWorker.run(TestMethodWorker.java:112)
	at org.testng.TestRunner.privateRun(TestRunner.java:782)
	at org.testng.TestRunner.run(TestRunner.java:632)
	at org.testng.SuiteRunner.runTest(SuiteRunner.java:366)
	at org.testng.SuiteRunner.runSequentially(SuiteRunner.java:361)
	at org.testng.SuiteRunner.privateRun(SuiteRunner.java:319)
	at org.testng.SuiteRunner.run(SuiteRunner.java:268)
	at org.testng.SuiteRunnerWorker.runSuite(SuiteRunnerWorker.java:52)
	at org.testng.SuiteRunnerWorker.run(SuiteRunnerWorker.java:86)
	at org.testng.TestNG.runSuitesSequentially(TestNG.java:1244)
	at org.testng.TestNG.runSuitesLocally(TestNG.java:1169)
	at org.testng.TestNG.run(TestNG.java:1064)
	at com.loylty.automationframework.TestRunner.main(TestRunner.java:123)
	at sun.reflect.NativeMethodAccessorImpl.invoke0(Native Method)
	at sun.reflect.NativeMethodAccessorImpl.invoke(NativeMethodAccessorImpl.java:62)
	at sun.reflect.DelegatingMethodAccessorImpl.invoke(DelegatingMethodAccessorImpl.java:43)
	at java.lang.reflect.Method.invoke(Method.java:498)
	at org.codehaus.mojo.exec.ExecJavaMojo$1.run(ExecJavaMojo.java:294)
	at java.lang.Thread.run(Thread.java:745)
]]>
    </error>
  </testcase> <!-- login_ParkNow -->
</testsuite> <!-- com.ebay.test.Ebay_Test -->
