<html>
<head>
<title>TestNG:  Command line test 3f065d78-7fe4-49b3-bf03-b9fa88d7d124</title>
<link href="../testng.css" rel="stylesheet" type="text/css" />
<link href="../my-testng.css" rel="stylesheet" type="text/css" />

<style type="text/css">
.log { display: none;} 
.stack-trace { display: none;} 
</style>
<script type="text/javascript">
<!--
function flip(e) {
  current = e.style.display;
  if (current == 'block') {
    e.style.display = 'none';
    return 0;
  }
  else {
    e.style.display = 'block';
    return 1;
  }
}

function toggleBox(szDivId, elem, msg1, msg2)
{
  var res = -1;  if (document.getElementById) {
    res = flip(document.getElementById(szDivId));
  }
  else if (document.all) {
    // this is the way old msie versions work
    res = flip(document.all[szDivId]);
  }
  if(elem) {
    if(res == 0) elem.innerHTML = msg1; else elem.innerHTML = msg2;
  }

}

function toggleAllBoxes() {
  if (document.getElementsByTagName) {
    d = document.getElementsByTagName('div');
    for (i = 0; i < d.length; i++) {
      if (d[i].className == 'log') {
        flip(d[i]);
      }
    }
  }
}

// -->
</script>

</head>
<body>
<h2 align='center'>Command line test 3f065d78-7fe4-49b3-bf03-b9fa88d7d124</h2><table border='1' align="center">
<tr>
<td>Tests passed/Failed/Skipped:</td><td>12/2/0</td>
</tr><tr>
<td>Started on:</td><td>Tue Jan 23 10:34:51 IST 2018</td>
</tr>
<tr><td>Total time:</td><td>2148 seconds (2148938 ms)</td>
</tr><tr>
<td>Included groups:</td><td></td>
</tr><tr>
<td>Excluded groups:</td><td></td>
</tr>
</table><p/>
<small><i>(Hover the method name to see the test class name)</i></small><p/>
<table width='100%' border='1' class='invocation-failed'>
<tr><td colspan='4' align='center'><b>FAILED TESTS</b></td></tr>
<tr><td><b>Test method</b></td>
<td width="30%"><b>Exception</b></td>
<td width="10%"><b>Time (seconds)</b></td>
<td><b>Instance</b></td>
</tr>
<tr>
<td title='com.loylty.mobileautomation.campaign.Campaign_Test.checkCSpanelCustomschedule()'><b>checkCSpanelCustomschedule</b><br>Test class: com.loylty.mobileautomation.campaign.Campaign_Test<br>Parameters: mPoint CS Panel, 26/Jan/2018, 12:30, 27/Jan/2018, 12:00, 28/Jan/2018, 10:30, 31/Jan/2018</td>
<td><div><pre>org.openqa.selenium.InvalidElementStateException: invalid element state: Element is not currently interactable and may not be manipulated
  (Session info: chrome=63.0.3239.132)
  (Driver info: chromedriver=2.28.455520 (cc17746adff54984afff480136733114c6b3704b),platform=Windows NT 10.0.14393 x86_64) (WARNING: The server did not provide any stacktrace information)
Command duration or timeout: 28 milliseconds
Build info: version: &apos;2.53.1&apos;, revision: &apos;a36b8b1cd5757287168e54b817830adce9b0158d&apos;, time: &apos;2016-06-30 19:26:09&apos;
System info: host: &apos;BiswaranjanD-PC&apos;, ip: &apos;192.168.102.105&apos;, os.name: &apos;Windows 10&apos;, os.arch: &apos;amd64&apos;, os.version: &apos;10.0&apos;, java.version: &apos;1.8.0_121&apos;
Driver info: org.openqa.selenium.chrome.ChromeDriver
Capabilities [{applicationCacheEnabled=false, rotatable=false, mobileEmulationEnabled=false, networkConnectionEnabled=false, chrome={chromedriverVersion=2.28.455520 (cc17746adff54984afff480136733114c6b3704b), userDataDir=C:\Users\BISWAR~1\AppData\Local\Temp\scoped_dir38368_21147}, takesHeapSnapshot=true, pageLoadStrategy=normal, databaseEnabled=false, handlesAlerts=true, hasTouchScreen=false, version=63.0.3239.132, platform=XP, browserConnectionEnabled=false, nativeEvents=true, acceptSslCerts=true, locationContextEnabled=true, webStorageEnabled=true, browserName=chrome, takesScreenshot=true, javascriptEnabled=true, cssSelectorsEnabled=true, unexpectedAlertBehaviour=}]
Session ID: f3d01a87dab13084b7adc36f2490274d
	at org.openqa.selenium.remote.ErrorHandler.createThrowable(ErrorHandler.java:206)
	at org.openqa.selenium.remote.ErrorHandler.throwIfResponseFailed(ErrorHandler.java:158)
	at org.openqa.selenium.remote.RemoteWebDriver.execute(RemoteWebDriver.java:678)
	at org.openqa.selenium.remote.RemoteWebElement.execute(RemoteWebElement.java:327)
	at org.openqa.selenium.remote.RemoteWebElement.clear(RemoteWebElement.java:140)
	at org.openqa.selenium.support.pagefactory.internal.LocatingElementHandler.invoke(LocatingElementHandler.java:51)
	at com.sun.proxy.$Proxy30.clear(Unknown Source)
	at com.loylty.mobileautomation.util.DrivercCommonLib.type(DrivercCommonLib.java:166)
	at com.loylty.mobileautomation.campaign.CSPanelDashboard_po.scheduleFirstsms(CSPanelDashboard_po.java:300)
	at com.loylty.mobileautomation.campaign.CampaignFlow.check_customSchedule(CampaignFlow.java:422)
	at com.loylty.mobileautomation.campaign.Campaign_Test.checkCSpanelCustomschedule(Campaign_Test.java:411)
	at com.loylty.automationframework.TestRunner.main(TestRunner.java:116)
	at org.codehaus.mojo.exec.ExecJavaMojo$1.run(ExecJavaMojo.java:294)
	at java.lang.Thread.run(Thread.java:745)
... Removed 32 stack frames</pre></div><a href='#' onClick='toggleBox("stack-trace1866956964", this, "Click to show all stack frames", "Click to hide stack frames")'>Click to show all stack frames</a>
<div class='stack-trace' id='stack-trace1866956964'><pre>org.openqa.selenium.InvalidElementStateException: invalid element state: Element is not currently interactable and may not be manipulated
  (Session info: chrome=63.0.3239.132)
  (Driver info: chromedriver=2.28.455520 (cc17746adff54984afff480136733114c6b3704b),platform=Windows NT 10.0.14393 x86_64) (WARNING: The server did not provide any stacktrace information)
Command duration or timeout: 28 milliseconds
Build info: version: &apos;2.53.1&apos;, revision: &apos;a36b8b1cd5757287168e54b817830adce9b0158d&apos;, time: &apos;2016-06-30 19:26:09&apos;
System info: host: &apos;BiswaranjanD-PC&apos;, ip: &apos;192.168.102.105&apos;, os.name: &apos;Windows 10&apos;, os.arch: &apos;amd64&apos;, os.version: &apos;10.0&apos;, java.version: &apos;1.8.0_121&apos;
Driver info: org.openqa.selenium.chrome.ChromeDriver
Capabilities [{applicationCacheEnabled=false, rotatable=false, mobileEmulationEnabled=false, networkConnectionEnabled=false, chrome={chromedriverVersion=2.28.455520 (cc17746adff54984afff480136733114c6b3704b), userDataDir=C:\Users\BISWAR~1\AppData\Local\Temp\scoped_dir38368_21147}, takesHeapSnapshot=true, pageLoadStrategy=normal, databaseEnabled=false, handlesAlerts=true, hasTouchScreen=false, version=63.0.3239.132, platform=XP, browserConnectionEnabled=false, nativeEvents=true, acceptSslCerts=true, locationContextEnabled=true, webStorageEnabled=true, browserName=chrome, takesScreenshot=true, javascriptEnabled=true, cssSelectorsEnabled=true, unexpectedAlertBehaviour=}]
Session ID: f3d01a87dab13084b7adc36f2490274d
	at sun.reflect.NativeConstructorAccessorImpl.newInstance0(Native Method)
	at sun.reflect.NativeConstructorAccessorImpl.newInstance(NativeConstructorAccessorImpl.java:62)
	at sun.reflect.DelegatingConstructorAccessorImpl.newInstance(DelegatingConstructorAccessorImpl.java:45)
	at java.lang.reflect.Constructor.newInstance(Constructor.java:423)
	at org.openqa.selenium.remote.ErrorHandler.createThrowable(ErrorHandler.java:206)
	at org.openqa.selenium.remote.ErrorHandler.throwIfResponseFailed(ErrorHandler.java:158)
	at org.openqa.selenium.remote.RemoteWebDriver.execute(RemoteWebDriver.java:678)
	at org.openqa.selenium.remote.RemoteWebElement.execute(RemoteWebElement.java:327)
	at org.openqa.selenium.remote.RemoteWebElement.clear(RemoteWebElement.java:140)
	at sun.reflect.GeneratedMethodAccessor38.invoke(Unknown Source)
	at sun.reflect.DelegatingMethodAccessorImpl.invoke(DelegatingMethodAccessorImpl.java:43)
	at java.lang.reflect.Method.invoke(Method.java:498)
	at org.openqa.selenium.support.pagefactory.internal.LocatingElementHandler.invoke(LocatingElementHandler.java:51)
	at com.sun.proxy.$Proxy30.clear(Unknown Source)
	at com.loylty.mobileautomation.util.DrivercCommonLib.type(DrivercCommonLib.java:166)
	at com.loylty.mobileautomation.campaign.CSPanelDashboard_po.scheduleFirstsms(CSPanelDashboard_po.java:300)
	at com.loylty.mobileautomation.campaign.CampaignFlow.check_customSchedule(CampaignFlow.java:422)
	at com.loylty.mobileautomation.campaign.Campaign_Test.checkCSpanelCustomschedule(Campaign_Test.java:411)
	at sun.reflect.NativeMethodAccessorImpl.invoke0(Native Method)
	at sun.reflect.NativeMethodAccessorImpl.invoke(NativeMethodAccessorImpl.java:62)
	at sun.reflect.DelegatingMethodAccessorImpl.invoke(DelegatingMethodAccessorImpl.java:43)
	at java.lang.reflect.Method.invoke(Method.java:498)
	at org.testng.internal.MethodInvocationHelper.invokeMethod(MethodInvocationHelper.java:86)
	at org.testng.internal.Invoker.invokeMethod(Invoker.java:643)
	at org.testng.internal.Invoker.invokeTestMethod(Invoker.java:820)
	at org.testng.internal.Invoker.invokeTestMethods(Invoker.java:1128)
	at org.testng.internal.TestMethodWorker.invokeTestMethods(TestMethodWorker.java:129)
	at org.testng.internal.TestMethodWorker.run(TestMethodWorker.java:112)
	at org.testng.TestRunner.privateRun(TestRunner.java:782)
	at org.testng.TestRunner.run(TestRunner.java:632)
	at org.testng.SuiteRunner.runTest(SuiteRunner.java:366)
	at org.testng.SuiteRunner.runSequentially(SuiteRunner.java:361)
	at org.testng.SuiteRunner.privateRun(SuiteRunner.java:319)
	at org.testng.SuiteRunner.run(SuiteRunner.java:268)
	at org.testng.SuiteRunnerWorker.runSuite(SuiteRunnerWorker.java:52)
	at org.testng.SuiteRunnerWorker.run(SuiteRunnerWorker.java:86)
	at org.testng.TestNG.runSuitesSequentially(TestNG.java:1244)
	at org.testng.TestNG.runSuitesLocally(TestNG.java:1169)
	at org.testng.TestNG.run(TestNG.java:1064)
	at com.loylty.automationframework.TestRunner.main(TestRunner.java:116)
	at sun.reflect.NativeMethodAccessorImpl.invoke0(Native Method)
	at sun.reflect.NativeMethodAccessorImpl.invoke(NativeMethodAccessorImpl.java:62)
	at sun.reflect.DelegatingMethodAccessorImpl.invoke(DelegatingMethodAccessorImpl.java:43)
	at java.lang.reflect.Method.invoke(Method.java:498)
	at org.codehaus.mojo.exec.ExecJavaMojo$1.run(ExecJavaMojo.java:294)
	at java.lang.Thread.run(Thread.java:745)
</pre></div></td>
<td>15</td>
<td>com.loylty.mobileautomation.campaign.Campaign_Test@32030990</td></tr>
<tr>
<td title='com.loylty.mobileautomation.campaign.Campaign_Test.checkcampaignHistory()'><b>checkcampaignHistory</b><br>Test class: com.loylty.mobileautomation.campaign.Campaign_Test<br>Parameters: Apparel and Footwear-Apparel and Footwear, 400000-600000, Men-Women, Less than 21_21 - 30_Female_Male_Traditional mindset_Prefers local stores, New Collection, sms2, 26 January 2018, 5:05, Payment successful</td>
<td><div><pre>java.lang.NullPointerException
	at com.loylty.mobileautomation.campaign.CampaignLogin_po.enter_Password(CampaignLogin_po.java:177)
	at com.loylty.mobileautomation.campaign.CampaignFlow.login(CampaignFlow.java:58)
	at com.loylty.mobileautomation.campaign.Campaign_Test.checkcampaignHistory(Campaign_Test.java:348)
	at com.loylty.automationframework.TestRunner.main(TestRunner.java:116)
	at org.codehaus.mojo.exec.ExecJavaMojo$1.run(ExecJavaMojo.java:294)
	at java.lang.Thread.run(Thread.java:745)
... Removed 25 stack frames</pre></div><a href='#' onClick='toggleBox("stack-trace1749293927", this, "Click to show all stack frames", "Click to hide stack frames")'>Click to show all stack frames</a>
<div class='stack-trace' id='stack-trace1749293927'><pre>java.lang.NullPointerException
	at com.loylty.mobileautomation.campaign.CampaignLogin_po.enter_Password(CampaignLogin_po.java:177)
	at com.loylty.mobileautomation.campaign.CampaignFlow.login(CampaignFlow.java:58)
	at com.loylty.mobileautomation.campaign.Campaign_Test.checkcampaignHistory(Campaign_Test.java:348)
	at sun.reflect.NativeMethodAccessorImpl.invoke0(Native Method)
	at sun.reflect.NativeMethodAccessorImpl.invoke(NativeMethodAccessorImpl.java:62)
	at sun.reflect.DelegatingMethodAccessorImpl.invoke(DelegatingMethodAccessorImpl.java:43)
	at java.lang.reflect.Method.invoke(Method.java:498)
	at org.testng.internal.MethodInvocationHelper.invokeMethod(MethodInvocationHelper.java:86)
	at org.testng.internal.Invoker.invokeMethod(Invoker.java:643)
	at org.testng.internal.Invoker.invokeTestMethod(Invoker.java:820)
	at org.testng.internal.Invoker.invokeTestMethods(Invoker.java:1128)
	at org.testng.internal.TestMethodWorker.invokeTestMethods(TestMethodWorker.java:129)
	at org.testng.internal.TestMethodWorker.run(TestMethodWorker.java:112)
	at org.testng.TestRunner.privateRun(TestRunner.java:782)
	at org.testng.TestRunner.run(TestRunner.java:632)
	at org.testng.SuiteRunner.runTest(SuiteRunner.java:366)
	at org.testng.SuiteRunner.runSequentially(SuiteRunner.java:361)
	at org.testng.SuiteRunner.privateRun(SuiteRunner.java:319)
	at org.testng.SuiteRunner.run(SuiteRunner.java:268)
	at org.testng.SuiteRunnerWorker.runSuite(SuiteRunnerWorker.java:52)
	at org.testng.SuiteRunnerWorker.run(SuiteRunnerWorker.java:86)
	at org.testng.TestNG.runSuitesSequentially(TestNG.java:1244)
	at org.testng.TestNG.runSuitesLocally(TestNG.java:1169)
	at org.testng.TestNG.run(TestNG.java:1064)
	at com.loylty.automationframework.TestRunner.main(TestRunner.java:116)
	at sun.reflect.NativeMethodAccessorImpl.invoke0(Native Method)
	at sun.reflect.NativeMethodAccessorImpl.invoke(NativeMethodAccessorImpl.java:62)
	at sun.reflect.DelegatingMethodAccessorImpl.invoke(DelegatingMethodAccessorImpl.java:43)
	at java.lang.reflect.Method.invoke(Method.java:498)
	at org.codehaus.mojo.exec.ExecJavaMojo$1.run(ExecJavaMojo.java:294)
	at java.lang.Thread.run(Thread.java:745)
</pre></div></td>
<td>129</td>
<td>com.loylty.mobileautomation.campaign.Campaign_Test@32030990</td></tr>
</table><p>
<table width='100%' border='1' class='invocation-passed'>
<tr><td colspan='4' align='center'><b>PASSED TESTS</b></td></tr>
<tr><td><b>Test method</b></td>
<td width="30%"><b>Exception</b></td>
<td width="10%"><b>Time (seconds)</b></td>
<td><b>Instance</b></td>
</tr>
<tr>
<td title='com.loylty.mobileautomation.campaign.Campaign_Test.campaignCheckPromocode()'><b>campaignCheckPromocode</b><br>Test class: com.loylty.mobileautomation.campaign.Campaign_Test<br>Parameters: Apparel and Footwear-Apparel and Footwear, 400000-600000, Men-Women, Less than 21_21 - 30_Female_Male_Traditional mindset_Prefers local stores, New Collection, xxx</td>
<td></td>
<td>331</td>
<td>com.loylty.mobileautomation.campaign.Campaign_Test@32030990</td></tr>
<tr>
<td title='com.loylty.mobileautomation.campaign.Campaign_Test.campaignCheckSmsScheduling()'><b>campaignCheckSmsScheduling</b><br>Test class: com.loylty.mobileautomation.campaign.Campaign_Test<br>Parameters: Apparel and Footwear-Apparel and Footwear, 400000-600000, Men-Women, Less than 21_21 - 30_Female_Male_Traditional mindset_Prefers local stores, New Collection, sms2, 26 January 2018, 5:05, xxx</td>
<td></td>
<td>392</td>
<td>com.loylty.mobileautomation.campaign.Campaign_Test@32030990</td></tr>
<tr>
<td title='com.loylty.mobileautomation.campaign.Campaign_Test.campaignCheckThirdsms()'><b>campaignCheckThirdsms</b><br>Test class: com.loylty.mobileautomation.campaign.Campaign_Test<br>Parameters: Apparel and Footwear-Apparel and Footwear, 400000-600000, Men-Women, Less than 21_21 - 30_Female_Male_Traditional mindset_Prefers local stores, New Collection, xxx</td>
<td></td>
<td>256</td>
<td>com.loylty.mobileautomation.campaign.Campaign_Test@32030990</td></tr>
<tr>
<td title='com.loylty.mobileautomation.campaign.Campaign_Test.campaignWithoneEligibleStore()'><b>campaignWithoneEligibleStore</b><br>Test class: com.loylty.mobileautomation.campaign.Campaign_Test<br>Parameters: Jewellery-Food and Restaurants, 400000-600000, xxx</td>
<td></td>
<td>156</td>
<td>com.loylty.mobileautomation.campaign.Campaign_Test@32030990</td></tr>
<tr>
<td title='com.loylty.mobileautomation.campaign.Campaign_Test.campaignWithoutAgeGender()'><b>campaignWithoutAgeGender</b><br>Test class: com.loylty.mobileautomation.campaign.Campaign_Test<br>Parameters: Apparel and Footwear-Apparel and Footwear, 400000-600000, Men-Women, Please select customer age group</td>
<td></td>
<td>175</td>
<td>com.loylty.mobileautomation.campaign.Campaign_Test@32030990</td></tr>
<tr>
<td title='com.loylty.mobileautomation.campaign.Campaign_Test.campaignWithoutEligibleStore()'><b>campaignWithoutEligibleStore</b><br>Test class: com.loylty.mobileautomation.campaign.Campaign_Test<br>Parameters: Jewellery-Jewellery, 400000-600000, Coming Soon</td>
<td></td>
<td>161</td>
<td>com.loylty.mobileautomation.campaign.Campaign_Test@32030990</td></tr>
<tr>
<td title='com.loylty.mobileautomation.campaign.Campaign_Test.campaignWithoutGPS()'><b>campaignWithoutGPS</b><br>Test class: com.loylty.mobileautomation.campaign.Campaign_Test<br>Parameters: location</td>
<td></td>
<td>87</td>
<td>com.loylty.mobileautomation.campaign.Campaign_Test@32030990</td></tr>
<tr>
<td title='com.loylty.mobileautomation.campaign.Campaign_Test.campaignWithoutSubcategoryStore()'><b>campaignWithoutSubcategoryStore</b><br>Test class: com.loylty.mobileautomation.campaign.Campaign_Test<br>Parameters: Apparel and Footwear-Apparel and Footwear, 400000-600000, No sub category is selected</td>
<td></td>
<td>155</td>
<td>com.loylty.mobileautomation.campaign.Campaign_Test@32030990</td></tr>
<tr>
<td title='com.loylty.mobileautomation.campaign.Campaign_Test.campaignWithoutsmsScript()'><b>campaignWithoutsmsScript</b><br>Test class: com.loylty.mobileautomation.campaign.Campaign_Test<br>Parameters: Apparel and Footwear-Apparel and Footwear, 400000-600000, Men-Women, Less than 21_21 - 30_Female_Male_Traditional mindset_Prefers local stores, Please select an SMS message or create one</td>
<td></td>
<td>193</td>
<td>com.loylty.mobileautomation.campaign.Campaign_Test@32030990</td></tr>
<tr>
<td title='com.loylty.mobileautomation.campaign.Campaign_Test.checkCSpanelApprovecampaigns()'><b>checkCSpanelApprovecampaigns</b><br>Test class: com.loylty.mobileautomation.campaign.Campaign_Test<br>Parameters: mPoint CS Panel</td>
<td></td>
<td>14</td>
<td>com.loylty.mobileautomation.campaign.Campaign_Test@32030990</td></tr>
<tr>
<td title='com.loylty.mobileautomation.campaign.Campaign_Test.checkCSpanelAutoschedule()'><b>checkCSpanelAutoschedule</b><br>Test class: com.loylty.mobileautomation.campaign.Campaign_Test<br>Parameters: mPoint CS Panel</td>
<td></td>
<td>15</td>
<td>com.loylty.mobileautomation.campaign.Campaign_Test@32030990</td></tr>
<tr>
<td title='com.loylty.mobileautomation.campaign.Campaign_Test.checkCSpanelDashboard()'><b>checkCSpanelDashboard</b><br>Test class: com.loylty.mobileautomation.campaign.Campaign_Test<br>Parameters: mPoint CS Panel</td>
<td></td>
<td>16</td>
<td>com.loylty.mobileautomation.campaign.Campaign_Test@32030990</td></tr>
</table><p>
</body>
</html>