<?xml version="1.0" encoding="UTF-8"?>
<!-- Generated by org.testng.reporters.JUnitXMLReporter -->
<testsuite hostname="BiswaranjanD-PC" name="Command line test 0ce976c5-fbdd-4c6d-9c46-9d7c3bba8982" tests="5" failures="3" timestamp="18 Dec 2017 05:04:07 GMT" time="1504.496" errors="0">
  <testcase name="DTHrecharge_SBI" time="176.372" classname="com.loylty.mobileautomation.testcases.SBI_Test">
    <failure type="org.openqa.selenium.NoSuchElementException" message="An element could not be located on the page using the given search parameters. (WARNING: The server did not provide any stacktrace information)
Command duration or timeout: 25.13 seconds
For documentation on this error, please visit: http://seleniumhq.org/exceptions/no_such_element.html
Build info: version: &amp;apos;2.53.1&amp;apos;, revision: &amp;apos;a36b8b1cd5757287168e54b817830adce9b0158d&amp;apos;, time: &amp;apos;2016-06-30 19:26:09&amp;apos;
System info: host: &amp;apos;BiswaranjanD-PC&amp;apos;, ip: &amp;apos;192.168.136.2&amp;apos;, os.name: &amp;apos;Windows 10&amp;apos;, os.arch: &amp;apos;amd64&amp;apos;, os.version: &amp;apos;10.0&amp;apos;, java.version: &amp;apos;1.8.0_121&amp;apos;
Driver info: io.appium.java_client.android.AndroidDriver
Capabilities [{app=C:\LR_MOBILE\freedomRewardz-debug.apk, networkConnectionEnabled=true, noReset=false, automatioNname=appium, warnings={}, apppackage=com.freedomrewardz-1.apk, databaseEnabled=false, fullReset=false, deviceName=0bf06532, platform=LINUX, desired={app=C:\LR_MOBILE\freedomRewardz-debug.apk, noReset=false, automatioNname=appium, appactivity=com.rewardz.SplashScreen, newCommandTimeout=10000, apppackage=com.freedomrewardz-1.apk, platformName=Android, platformversion=5.1.1, fullReset=false, deviceName=0bf06532}, appactivity=com.rewardz.SplashScreen, newCommandTimeout=10000, platformVersion=4.4.2, webStorageEnabled=false, locationContextEnabled=false, browserName=Android, takesScreenshot=true, javascriptEnabled=true, platformName=Android, platformversion=5.1.1}]
Session ID: 82dc2a11-d68f-419a-9837-dafce7b175a2
*** Element info: {Using=name, value=AIRTEL DIGITAL TV}">
      <![CDATA[org.openqa.selenium.NoSuchElementException: An element could not be located on the page using the given search parameters. (WARNING: The server did not provide any stacktrace information)
Command duration or timeout: 25.13 seconds
For documentation on this error, please visit: http://seleniumhq.org/exceptions/no_such_element.html
Build info: version: '2.53.1', revision: 'a36b8b1cd5757287168e54b817830adce9b0158d', time: '2016-06-30 19:26:09'
System info: host: 'BiswaranjanD-PC', ip: '192.168.136.2', os.name: 'Windows 10', os.arch: 'amd64', os.version: '10.0', java.version: '1.8.0_121'
Driver info: io.appium.java_client.android.AndroidDriver
Capabilities [{app=C:\LR_MOBILE\freedomRewardz-debug.apk, networkConnectionEnabled=true, noReset=false, automatioNname=appium, warnings={}, apppackage=com.freedomrewardz-1.apk, databaseEnabled=false, fullReset=false, deviceName=0bf06532, platform=LINUX, desired={app=C:\LR_MOBILE\freedomRewardz-debug.apk, noReset=false, automatioNname=appium, appactivity=com.rewardz.SplashScreen, newCommandTimeout=10000, apppackage=com.freedomrewardz-1.apk, platformName=Android, platformversion=5.1.1, fullReset=false, deviceName=0bf06532}, appactivity=com.rewardz.SplashScreen, newCommandTimeout=10000, platformVersion=4.4.2, webStorageEnabled=false, locationContextEnabled=false, browserName=Android, takesScreenshot=true, javascriptEnabled=true, platformName=Android, platformversion=5.1.1}]
Session ID: 82dc2a11-d68f-419a-9837-dafce7b175a2
*** Element info: {Using=name, value=AIRTEL DIGITAL TV}
	at org.openqa.selenium.remote.ErrorHandler.createThrowable(ErrorHandler.java:206)
	at org.openqa.selenium.remote.ErrorHandler.throwIfResponseFailed(ErrorHandler.java:158)
	at org.openqa.selenium.remote.RemoteWebDriver.execute(RemoteWebDriver.java:678)
	at io.appium.java_client.DefaultGenericMobileDriver.execute(DefaultGenericMobileDriver.java:40)
	at io.appium.java_client.AppiumDriver.execute(AppiumDriver.java:1)
	at io.appium.java_client.android.AndroidDriver.execute(AndroidDriver.java:1)
	at org.openqa.selenium.remote.RemoteWebDriver.findElement(RemoteWebDriver.java:363)
	at io.appium.java_client.DefaultGenericMobileDriver.findElement(DefaultGenericMobileDriver.java:56)
	at io.appium.java_client.AppiumDriver.findElement(AppiumDriver.java:1)
	at io.appium.java_client.android.AndroidDriver.findElement(AndroidDriver.java:1)
	at org.openqa.selenium.remote.RemoteWebDriver.findElementByName(RemoteWebDriver.java:461)
	at io.appium.java_client.DefaultGenericMobileDriver.findElementByName(DefaultGenericMobileDriver.java:104)
	at io.appium.java_client.AppiumDriver.findElementByName(AppiumDriver.java:1)
	at io.appium.java_client.android.AndroidDriver.findElementByName(AndroidDriver.java:1)
	at org.openqa.selenium.By$ByName.findElement(By.java:303)
	at org.openqa.selenium.remote.RemoteWebDriver.findElement(RemoteWebDriver.java:355)
	at io.appium.java_client.DefaultGenericMobileDriver.findElement(DefaultGenericMobileDriver.java:52)
	at io.appium.java_client.AppiumDriver.findElement(AppiumDriver.java:1)
	at io.appium.java_client.android.AndroidDriver.findElement(AndroidDriver.java:1)
	at com.loylty.mobileautomation.sbi.po.Sbi_DTH.selectOperatorName(Sbi_DTH.java:151)
	at com.loylty.mobileautomation.flow.FlowDTH.DTHrecharge(FlowDTH.java:77)
	at com.loylty.mobileautomation.testcases.SBI_Test.DTHrecharge_SBI(SBI_Test.java:215)
	at com.loylty.automationframework.TestRunner.main(TestRunner.java:116)
	at org.codehaus.mojo.exec.ExecJavaMojo$1.run(ExecJavaMojo.java:294)
	at java.lang.Thread.run(Thread.java:745)
... Removed 29 stack frames]]>
    </failure>
  </testcase> <!-- DTHrecharge_SBI -->
  <testcase name="Explore_SBI" time="91.273" classname="com.loylty.mobileautomation.testcases.SBI_Test">
    <failure type="java.lang.NullPointerException">
      <![CDATA[java.lang.NullPointerException
	at com.loylty.mobileautomation.sbi.po.Sbi_Explore.addtoCartBtn(Sbi_Explore.java:216)
	at com.loylty.mobileautomation.flow.FlowExplore.explore(FlowExplore.java:19)
	at com.loylty.mobileautomation.testcases.SBI_Test.Explore_SBI(SBI_Test.java:256)
	at com.loylty.automationframework.TestRunner.main(TestRunner.java:116)
	at org.codehaus.mojo.exec.ExecJavaMojo$1.run(ExecJavaMojo.java:294)
	at java.lang.Thread.run(Thread.java:745)
... Removed 25 stack frames]]>
    </failure>
  </testcase> <!-- Explore_SBI -->
  <testcase name="Flight_SBI" time="413.207" classname="com.loylty.mobileautomation.testcases.SBI_Test"/>
  <testcase name="Giftcard_SBI" time="136.655" classname="com.loylty.mobileautomation.testcases.SBI_Test"/>
  <testcase name="forgotpassword_SBI" time="75.437" classname="com.loylty.mobileautomation.testcases.SBI_Test">
    <failure type="java.lang.NullPointerException">
      <![CDATA[java.lang.NullPointerException
	at com.loylty.mobileautomation.sbi.po.Sbi_Forgotpassword.clickOnSignIn_Btn(Sbi_Forgotpassword.java:128)
	at com.loylty.mobileautomation.flow.FlowForgotPassword.forgotpwd(FlowForgotPassword.java:172)
	at com.loylty.mobileautomation.testcases.SBI_Test.forgotpassword_SBI(SBI_Test.java:140)
	at com.loylty.automationframework.TestRunner.main(TestRunner.java:116)
	at org.codehaus.mojo.exec.ExecJavaMojo$1.run(ExecJavaMojo.java:294)
	at java.lang.Thread.run(Thread.java:745)
... Removed 25 stack frames]]>
    </failure>
  </testcase> <!-- forgotpassword_SBI -->
</testsuite> <!-- Command line test 0ce976c5-fbdd-4c6d-9c46-9d7c3bba8982 -->
