<?xml version="1.0" encoding="UTF-8"?>
<!-- Generated by org.testng.reporters.JUnitXMLReporter -->
<testsuite hostname="BiswaranjanD-PC" name="Command line test 699d85e7-6603-45df-ab8d-ea2e1df6263d" tests="2" failures="1" timestamp="14 Dec 2017 10:33:31 GMT" time="187.702" errors="0">
  <testcase name="campaignWithoutEligibleMerchant" time="100.648" classname="com.loylty.mobileautomation.campaign.Campaign_Test">
    <failure type="java.lang.AssertionError" message="Campaign with in-eligible catagory failed expected [true] but found [false]">
      <![CDATA[java.lang.AssertionError: Campaign with in-eligible catagory failed expected [true] but found [false]
	at com.loylty.mobileautomation.campaign.Campaign_Test.campaignWithoutEligibleMerchant(Campaign_Test.java:86)
	at com.loylty.automationframework.TestRunner.main(TestRunner.java:116)
	at org.codehaus.mojo.exec.ExecJavaMojo$1.run(ExecJavaMojo.java:294)
	at java.lang.Thread.run(Thread.java:745)
... Removed 28 stack frames]]>
    </failure>
  </testcase> <!-- campaignWithoutEligibleMerchant -->
  <testcase name="campaignWithoutGPS" time="83.131" classname="com.loylty.mobileautomation.campaign.Campaign_Test"/>
</testsuite> <!-- Command line test 699d85e7-6603-45df-ab8d-ea2e1df6263d -->
