<?xml version="1.0" encoding="UTF-8"?>
<!-- Generated by org.testng.reporters.JUnitXMLReporter -->
<testsuite hostname="BiswaranjanD-PC" name="Command line test 10e19298-51fa-46f3-bf20-a008543a0521" tests="1" failures="1" timestamp="14 Dec 2017 10:48:35 GMT" time="112.336" errors="0">
  <testcase name="campaignWithoutEligibleMerchant" time="108.045" classname="com.loylty.mobileautomation.campaign.Campaign_Test">
    <failure type="java.lang.AssertionError" message="Campaign with in-eligible catagory failed expected [true] but found [false]">
      <![CDATA[java.lang.AssertionError: Campaign with in-eligible catagory failed expected [true] but found [false]
	at com.loylty.mobileautomation.campaign.Campaign_Test.campaignWithoutEligibleMerchant(Campaign_Test.java:87)
	at com.loylty.automationframework.TestRunner.main(TestRunner.java:116)
	at org.codehaus.mojo.exec.ExecJavaMojo$1.run(ExecJavaMojo.java:294)
	at java.lang.Thread.run(Thread.java:745)
... Removed 28 stack frames]]>
    </failure>
  </testcase> <!-- campaignWithoutEligibleMerchant -->
</testsuite> <!-- Command line test 10e19298-51fa-46f3-bf20-a008543a0521 -->
