<?xml version="1.0" encoding="UTF-8"?>
<!-- Generated by org.testng.reporters.JUnitXMLReporter -->
<testsuite hostname="BiswaranjanD-PC" name="Command line test a7e0c3a0-eff0-47a0-97e1-29f12c101651" tests="6" failures="3" timestamp="6 Dec 2017 05:07:16 GMT" time="663.037" errors="0">
  <testcase name="DTHrecharge_LVB" time="123.058" classname="com.loylty.mobileautomation.testcases.Lvb_Test">
    <failure type="org.openqa.selenium.NoSuchElementException" message="An element could not be located on the page using the given search parameters. (WARNING: The server did not provide any stacktrace information)
Command duration or timeout: 25.33 seconds
For documentation on this error, please visit: http://seleniumhq.org/exceptions/no_such_element.html
Build info: version: &amp;apos;2.53.1&amp;apos;, revision: &amp;apos;a36b8b1cd5757287168e54b817830adce9b0158d&amp;apos;, time: &amp;apos;2016-06-30 19:26:09&amp;apos;
System info: host: &amp;apos;BiswaranjanD-PC&amp;apos;, ip: &amp;apos;192.168.102.105&amp;apos;, os.name: &amp;apos;Windows 10&amp;apos;, os.arch: &amp;apos;amd64&amp;apos;, os.version: &amp;apos;10.0&amp;apos;, java.version: &amp;apos;1.8.0_121&amp;apos;
Driver info: io.appium.java_client.android.AndroidDriver
Capabilities [{app=C:\LR_MOBILE\com.lvbrewardz-1.apk, networkConnectionEnabled=true, automatioNname=appium, warnings={}, apppackage=com.lvbrewardz-1.apk, databaseEnabled=false, deviceName=0bf06532, platform=LINUX, desired={app=C:\LR_MOBILE\com.lvbrewardz-1.apk, automatioNname=appium, appactivity=com.rewardz.SplashScreen, newCommandTimeout=10000, apppackage=com.lvbrewardz-1.apk, platformName=Android, platformversion=5.1.1, deviceName=0bf06532}, appactivity=com.rewardz.SplashScreen, newCommandTimeout=10000, platformVersion=4.4.2, webStorageEnabled=false, locationContextEnabled=false, browserName=Android, takesScreenshot=true, javascriptEnabled=true, platformName=Android, platformversion=5.1.1}]
Session ID: 4957e495-177a-4cfa-ac5c-acd549d1e0ea
*** Element info: {Using=id, value=com.lvbrewardz:id/text_title}">
      <![CDATA[org.openqa.selenium.NoSuchElementException: An element could not be located on the page using the given search parameters. (WARNING: The server did not provide any stacktrace information)
Command duration or timeout: 25.33 seconds
For documentation on this error, please visit: http://seleniumhq.org/exceptions/no_such_element.html
Build info: version: '2.53.1', revision: 'a36b8b1cd5757287168e54b817830adce9b0158d', time: '2016-06-30 19:26:09'
System info: host: 'BiswaranjanD-PC', ip: '192.168.102.105', os.name: 'Windows 10', os.arch: 'amd64', os.version: '10.0', java.version: '1.8.0_121'
Driver info: io.appium.java_client.android.AndroidDriver
Capabilities [{app=C:\LR_MOBILE\com.lvbrewardz-1.apk, networkConnectionEnabled=true, automatioNname=appium, warnings={}, apppackage=com.lvbrewardz-1.apk, databaseEnabled=false, deviceName=0bf06532, platform=LINUX, desired={app=C:\LR_MOBILE\com.lvbrewardz-1.apk, automatioNname=appium, appactivity=com.rewardz.SplashScreen, newCommandTimeout=10000, apppackage=com.lvbrewardz-1.apk, platformName=Android, platformversion=5.1.1, deviceName=0bf06532}, appactivity=com.rewardz.SplashScreen, newCommandTimeout=10000, platformVersion=4.4.2, webStorageEnabled=false, locationContextEnabled=false, browserName=Android, takesScreenshot=true, javascriptEnabled=true, platformName=Android, platformversion=5.1.1}]
Session ID: 4957e495-177a-4cfa-ac5c-acd549d1e0ea
*** Element info: {Using=id, value=com.lvbrewardz:id/text_title}
	at org.openqa.selenium.remote.ErrorHandler.createThrowable(ErrorHandler.java:206)
	at org.openqa.selenium.remote.ErrorHandler.throwIfResponseFailed(ErrorHandler.java:158)
	at org.openqa.selenium.remote.RemoteWebDriver.execute(RemoteWebDriver.java:678)
	at io.appium.java_client.DefaultGenericMobileDriver.execute(DefaultGenericMobileDriver.java:40)
	at io.appium.java_client.AppiumDriver.execute(AppiumDriver.java:1)
	at io.appium.java_client.android.AndroidDriver.execute(AndroidDriver.java:1)
	at org.openqa.selenium.remote.RemoteWebDriver.findElement(RemoteWebDriver.java:363)
	at io.appium.java_client.DefaultGenericMobileDriver.findElement(DefaultGenericMobileDriver.java:56)
	at io.appium.java_client.AppiumDriver.findElement(AppiumDriver.java:1)
	at io.appium.java_client.android.AndroidDriver.findElement(AndroidDriver.java:1)
	at org.openqa.selenium.remote.RemoteWebDriver.findElementById(RemoteWebDriver.java:413)
	at io.appium.java_client.DefaultGenericMobileDriver.findElementById(DefaultGenericMobileDriver.java:64)
	at io.appium.java_client.AppiumDriver.findElementById(AppiumDriver.java:1)
	at io.appium.java_client.android.AndroidDriver.findElementById(AndroidDriver.java:1)
	at org.openqa.selenium.By$ById.findElement(By.java:218)
	at org.openqa.selenium.remote.RemoteWebDriver.findElement(RemoteWebDriver.java:355)
	at io.appium.java_client.DefaultGenericMobileDriver.findElement(DefaultGenericMobileDriver.java:52)
	at io.appium.java_client.AppiumDriver.findElement(AppiumDriver.java:1)
	at io.appium.java_client.android.AndroidDriver.findElement(AndroidDriver.java:1)
	at org.openqa.selenium.support.pagefactory.DefaultElementLocator.findElement(DefaultElementLocator.java:69)
	at org.openqa.selenium.support.pagefactory.internal.LocatingElementHandler.invoke(LocatingElementHandler.java:38)
	at com.sun.proxy.$Proxy30.getText(Unknown Source)
	at com.loylty.mobileautomation.testcases.Lvb_Test.DTHrecharge_LVB(Lvb_Test.java:162)
	at com.loylty.automationframework.TestRunner.main(TestRunner.java:116)
	at org.codehaus.mojo.exec.ExecJavaMojo$1.run(ExecJavaMojo.java:294)
	at java.lang.Thread.run(Thread.java:745)
... Removed 29 stack frames]]>
    </failure>
  </testcase> <!-- DTHrecharge_LVB -->
  <testcase name="forgotuserId_LVB" time="53.817" classname="com.loylty.mobileautomation.testcases.Lvb_Test">
    <failure type="java.lang.AssertionError" message="Unable to get userid expected [true] but found [false]">
      <![CDATA[java.lang.AssertionError: Unable to get userid expected [true] but found [false]
	at com.loylty.mobileautomation.testcases.Lvb_Test.forgotuserId_LVB(Lvb_Test.java:182)
	at com.loylty.automationframework.TestRunner.main(TestRunner.java:116)
	at org.codehaus.mojo.exec.ExecJavaMojo$1.run(ExecJavaMojo.java:294)
	at java.lang.Thread.run(Thread.java:745)
... Removed 28 stack frames]]>
    </failure>
  </testcase> <!-- forgotuserId_LVB -->
  <testcase name="merchandise_LVB" time="86.697" classname="com.loylty.mobileautomation.testcases.Lvb_Test"/>
  <testcase name="moviebooking_LVB" time="146.245" classname="com.loylty.mobileautomation.testcases.Lvb_Test">
    <failure type="java.lang.NullPointerException">
      <![CDATA[java.lang.NullPointerException
	at com.loylty.mobileautomation.testcases.Lvb_Test.moviebooking_LVB(Lvb_Test.java:139)
	at com.loylty.automationframework.TestRunner.main(TestRunner.java:116)
	at org.codehaus.mojo.exec.ExecJavaMojo$1.run(ExecJavaMojo.java:294)
	at java.lang.Thread.run(Thread.java:745)
... Removed 25 stack frames]]>
    </failure>
  </testcase> <!-- moviebooking_LVB -->
  <testcase name="recharge_LVB" time="114.726" classname="com.loylty.mobileautomation.testcases.Lvb_Test"/>
  <testcase name="registration_LVB" time="117.213" classname="com.loylty.mobileautomation.testcases.Lvb_Test"/>
</testsuite> <!-- Command line test a7e0c3a0-eff0-47a0-97e1-29f12c101651 -->
