<?xml version="1.0" encoding="UTF-8"?>
<!-- Generated by org.testng.reporters.JUnitXMLReporter -->
<testsuite hostname="BiswaranjanD-PC" name="Command line test b7f2477e-0ac4-45cd-8efc-5e0bc60a972d" tests="13" failures="2" timestamp="15 Feb 2018 05:36:41 GMT" time="2803.044" errors="0">
  <testcase name="campaignCheckPromocode" time="388.339" classname="com.loylty.mobileautomation.campaign.Campaign_Test"/>
  <testcase name="campaignCheckSmsScheduling" time="398.238" classname="com.loylty.mobileautomation.campaign.Campaign_Test"/>
  <testcase name="campaignCheckThirdsms" time="290.215" classname="com.loylty.mobileautomation.campaign.Campaign_Test"/>
  <testcase name="campaignWithoneEligibleStore" time="183.475" classname="com.loylty.mobileautomation.campaign.Campaign_Test"/>
  <testcase name="campaignWithoutAgeGender" time="203.103" classname="com.loylty.mobileautomation.campaign.Campaign_Test"/>
  <testcase name="campaignWithoutEligibleMerchant" time="191.529" classname="com.loylty.mobileautomation.campaign.Campaign_Test">
    <failure type="java.lang.NullPointerException">
      <![CDATA[java.lang.NullPointerException
	at com.loylty.mobileautomation.campaign.Campaign_po.popupMsg(Campaign_po.java:859)
	at com.loylty.mobileautomation.campaign.CampaignFlow.CampaignWmerchant(CampaignFlow.java:77)
	at com.loylty.mobileautomation.campaign.Campaign_Test.campaignWithoutEligibleMerchant(Campaign_Test.java:95)
	at com.loylty.automationframework.TestRunner.main(TestRunner.java:116)
	at org.codehaus.mojo.exec.ExecJavaMojo$1.run(ExecJavaMojo.java:294)
	at java.lang.Thread.run(Thread.java:745)
... Removed 25 stack frames]]>
    </failure>
  </testcase> <!-- campaignWithoutEligibleMerchant -->
  <testcase name="campaignWithoutEligibleStore" time="195.511" classname="com.loylty.mobileautomation.campaign.Campaign_Test"/>
  <testcase name="campaignWithoutSubcategoryStore" time="191.118" classname="com.loylty.mobileautomation.campaign.Campaign_Test"/>
  <testcase name="campaignWithoutsmsScript" time="218.383" classname="com.loylty.mobileautomation.campaign.Campaign_Test"/>
  <testcase name="checkCSpanelApprovecampaigns" time="22.207" classname="com.loylty.mobileautomation.campaign.Campaign_Test"/>
  <testcase name="checkCSpanelAutoschedule" time="18.2" classname="com.loylty.mobileautomation.campaign.Campaign_Test"/>
  <testcase name="checkCSpanelDashboard" time="16.519" classname="com.loylty.mobileautomation.campaign.Campaign_Test"/>
  <testcase name="checkcampaignHistory" time="412.696" classname="com.loylty.mobileautomation.campaign.Campaign_Test">
    <failure type="org.openqa.selenium.NoSuchElementException" message="An element could not be located on the page using the given search parameters. (WARNING: The server did not provide any stacktrace information)
Command duration or timeout: 60.26 seconds
For documentation on this error, please visit: http://seleniumhq.org/exceptions/no_such_element.html
Build info: version: &amp;apos;2.53.1&amp;apos;, revision: &amp;apos;a36b8b1cd5757287168e54b817830adce9b0158d&amp;apos;, time: &amp;apos;2016-06-30 19:26:09&amp;apos;
System info: host: &amp;apos;BiswaranjanD-PC&amp;apos;, ip: &amp;apos;192.168.102.105&amp;apos;, os.name: &amp;apos;Windows 10&amp;apos;, os.arch: &amp;apos;amd64&amp;apos;, os.version: &amp;apos;10.0&amp;apos;, java.version: &amp;apos;1.8.0_121&amp;apos;
Driver info: io.appium.java_client.android.AndroidDriver
Capabilities [{app=C:\LR_MOBILE\mPointBusiness2.13.apk, networkConnectionEnabled=true, noReset=false, automatioNname=appium, warnings={}, apppackage=com.mgm.merchant-1.apk, databaseEnabled=false, fullReset=false, deviceName=0bf06532, platform=LINUX, desired={app=C:\LR_MOBILE\mPointBusiness2.13.apk, noReset=false, automatioNname=appium, appactivity=com.mgm.merchant.account.SplashScreenActivity, newCommandTimeout=10000, apppackage=com.mgm.merchant-1.apk, platformName=Android, platformversion=5.1.1, fullReset=false, deviceName=0bf06532}, appactivity=com.mgm.merchant.account.SplashScreenActivity, newCommandTimeout=10000, platformVersion=4.4.2, webStorageEnabled=false, locationContextEnabled=false, browserName=Android, takesScreenshot=true, javascriptEnabled=true, platformName=Android, platformversion=5.1.1}]
Session ID: bab7ae90-b7e0-4ffe-9d71-22c0fe326f02
*** Element info: {Using=xpath, value=//android.view.View[@content-desc=&amp;apos;18 February  2018&amp;apos;]}">
      <![CDATA[org.openqa.selenium.NoSuchElementException: An element could not be located on the page using the given search parameters. (WARNING: The server did not provide any stacktrace information)
Command duration or timeout: 60.26 seconds
For documentation on this error, please visit: http://seleniumhq.org/exceptions/no_such_element.html
Build info: version: '2.53.1', revision: 'a36b8b1cd5757287168e54b817830adce9b0158d', time: '2016-06-30 19:26:09'
System info: host: 'BiswaranjanD-PC', ip: '192.168.102.105', os.name: 'Windows 10', os.arch: 'amd64', os.version: '10.0', java.version: '1.8.0_121'
Driver info: io.appium.java_client.android.AndroidDriver
Capabilities [{app=C:\LR_MOBILE\mPointBusiness2.13.apk, networkConnectionEnabled=true, noReset=false, automatioNname=appium, warnings={}, apppackage=com.mgm.merchant-1.apk, databaseEnabled=false, fullReset=false, deviceName=0bf06532, platform=LINUX, desired={app=C:\LR_MOBILE\mPointBusiness2.13.apk, noReset=false, automatioNname=appium, appactivity=com.mgm.merchant.account.SplashScreenActivity, newCommandTimeout=10000, apppackage=com.mgm.merchant-1.apk, platformName=Android, platformversion=5.1.1, fullReset=false, deviceName=0bf06532}, appactivity=com.mgm.merchant.account.SplashScreenActivity, newCommandTimeout=10000, platformVersion=4.4.2, webStorageEnabled=false, locationContextEnabled=false, browserName=Android, takesScreenshot=true, javascriptEnabled=true, platformName=Android, platformversion=5.1.1}]
Session ID: bab7ae90-b7e0-4ffe-9d71-22c0fe326f02
*** Element info: {Using=xpath, value=//android.view.View[@content-desc='18 February  2018']}
	at org.openqa.selenium.remote.ErrorHandler.createThrowable(ErrorHandler.java:206)
	at org.openqa.selenium.remote.ErrorHandler.throwIfResponseFailed(ErrorHandler.java:158)
	at org.openqa.selenium.remote.RemoteWebDriver.execute(RemoteWebDriver.java:678)
	at io.appium.java_client.DefaultGenericMobileDriver.execute(DefaultGenericMobileDriver.java:40)
	at io.appium.java_client.AppiumDriver.execute(AppiumDriver.java:1)
	at io.appium.java_client.android.AndroidDriver.execute(AndroidDriver.java:1)
	at org.openqa.selenium.remote.RemoteWebDriver.findElement(RemoteWebDriver.java:363)
	at io.appium.java_client.DefaultGenericMobileDriver.findElement(DefaultGenericMobileDriver.java:56)
	at io.appium.java_client.AppiumDriver.findElement(AppiumDriver.java:1)
	at io.appium.java_client.android.AndroidDriver.findElement(AndroidDriver.java:1)
	at org.openqa.selenium.remote.RemoteWebDriver.findElementByXPath(RemoteWebDriver.java:500)
	at io.appium.java_client.DefaultGenericMobileDriver.findElementByXPath(DefaultGenericMobileDriver.java:134)
	at io.appium.java_client.AppiumDriver.findElementByXPath(AppiumDriver.java:1)
	at io.appium.java_client.android.AndroidDriver.findElementByXPath(AndroidDriver.java:1)
	at org.openqa.selenium.By$ByXPath.findElement(By.java:361)
	at org.openqa.selenium.remote.RemoteWebDriver.findElement(RemoteWebDriver.java:355)
	at io.appium.java_client.DefaultGenericMobileDriver.findElement(DefaultGenericMobileDriver.java:52)
	at io.appium.java_client.AppiumDriver.findElement(AppiumDriver.java:1)
	at io.appium.java_client.android.AndroidDriver.findElement(AndroidDriver.java:1)
	at com.loylty.mobileautomation.campaign.Campaign_po.selectDate(Campaign_po.java:808)
	at com.loylty.mobileautomation.campaign.CampaignFlow.checkcampaignHistory(CampaignFlow.java:297)
	at com.loylty.mobileautomation.campaign.Campaign_Test.checkcampaignHistory(Campaign_Test.java:353)
	at com.loylty.automationframework.TestRunner.main(TestRunner.java:116)
	at org.codehaus.mojo.exec.ExecJavaMojo$1.run(ExecJavaMojo.java:294)
	at java.lang.Thread.run(Thread.java:745)
... Removed 29 stack frames]]>
    </failure>
  </testcase> <!-- checkcampaignHistory -->
</testsuite> <!-- Command line test b7f2477e-0ac4-45cd-8efc-5e0bc60a972d -->
