<?xml version="1.0" encoding="UTF-8"?>
<!-- Generated by org.testng.reporters.JUnitXMLReporter -->
<testsuite hostname="BiswaranjanD-PC" name="Command line test c1463479-8dc2-4efe-a862-38d8c35e3994" tests="1" failures="1" timestamp="24 Oct 2017 10:08:44 GMT" time="134.69" errors="0">
  <testcase name="merchandise_SBI" time="133.058" classname="com.loylty.mobileautomation.testcases.SBI_Test">
    <failure type="org.openqa.selenium.WebDriverException" message="Not yet implemented. Please help us: http://appium.io/get-involved.html (WARNING: The server did not provide any stacktrace information)
Command duration or timeout: 9 milliseconds
Build info: version: &amp;apos;2.53.1&amp;apos;, revision: &amp;apos;a36b8b1cd5757287168e54b817830adce9b0158d&amp;apos;, time: &amp;apos;2016-06-30 19:26:09&amp;apos;
System info: host: &amp;apos;BiswaranjanD-PC&amp;apos;, ip: &amp;apos;192.168.102.105&amp;apos;, os.name: &amp;apos;Windows 10&amp;apos;, os.arch: &amp;apos;amd64&amp;apos;, os.version: &amp;apos;10.0&amp;apos;, java.version: &amp;apos;1.8.0_121&amp;apos;
Driver info: io.appium.java_client.android.AndroidDriver
Capabilities [{app=C:\LR_MOBILE\freedomRewardz-debug.apk, networkConnectionEnabled=true, automatioNname=appium, warnings={}, apppackage=com.freedomrewardz-1/base.apk, databaseEnabled=false, deviceName=0bf06532, platform=LINUX, desired={app=C:\LR_MOBILE\freedomRewardz-debug.apk, automatioNname=appium, appactivity=com.rewardz.SplashScreen, apppackage=com.freedomrewardz-1/base.apk, platformName=Android, platformversion=5.1.1, deviceName=0bf06532}, appactivity=com.rewardz.SplashScreen, platformVersion=4.4.2, webStorageEnabled=false, locationContextEnabled=false, browserName=Android, takesScreenshot=true, javascriptEnabled=true, platformName=Android, platformversion=5.1.1}]
Session ID: 89624af7-7afb-45c6-918a-02f88ef67bcd">
      <![CDATA[org.openqa.selenium.WebDriverException: Not yet implemented. Please help us: http://appium.io/get-involved.html (WARNING: The server did not provide any stacktrace information)
Command duration or timeout: 9 milliseconds
Build info: version: '2.53.1', revision: 'a36b8b1cd5757287168e54b817830adce9b0158d', time: '2016-06-30 19:26:09'
System info: host: 'BiswaranjanD-PC', ip: '192.168.102.105', os.name: 'Windows 10', os.arch: 'amd64', os.version: '10.0', java.version: '1.8.0_121'
Driver info: io.appium.java_client.android.AndroidDriver
Capabilities [{app=C:\LR_MOBILE\freedomRewardz-debug.apk, networkConnectionEnabled=true, automatioNname=appium, warnings={}, apppackage=com.freedomrewardz-1/base.apk, databaseEnabled=false, deviceName=0bf06532, platform=LINUX, desired={app=C:\LR_MOBILE\freedomRewardz-debug.apk, automatioNname=appium, appactivity=com.rewardz.SplashScreen, apppackage=com.freedomrewardz-1/base.apk, platformName=Android, platformversion=5.1.1, deviceName=0bf06532}, appactivity=com.rewardz.SplashScreen, platformVersion=4.4.2, webStorageEnabled=false, locationContextEnabled=false, browserName=Android, takesScreenshot=true, javascriptEnabled=true, platformName=Android, platformversion=5.1.1}]
Session ID: 89624af7-7afb-45c6-918a-02f88ef67bcd
	at org.openqa.selenium.remote.ErrorHandler.createThrowable(ErrorHandler.java:206)
	at org.openqa.selenium.remote.ErrorHandler.throwIfResponseFailed(ErrorHandler.java:158)
	at org.openqa.selenium.remote.RemoteWebDriver.execute(RemoteWebDriver.java:678)
	at io.appium.java_client.DefaultGenericMobileDriver.execute(DefaultGenericMobileDriver.java:40)
	at io.appium.java_client.AppiumDriver.execute(AppiumDriver.java:1)
	at io.appium.java_client.android.AndroidDriver.execute(AndroidDriver.java:1)
	at org.openqa.selenium.remote.RemoteWebDriver.executeScript(RemoteWebDriver.java:577)
	at com.loylty.mobileautomation.flow.FlowMarchendise.Marchendise(FlowMarchendise.java:103)
	at com.loylty.mobileautomation.testcases.SBI_Test.merchandise_SBI(SBI_Test.java:154)
	at com.loylty.automationframework.TestRunner.main(TestRunner.java:116)
	at org.codehaus.mojo.exec.ExecJavaMojo$1.run(ExecJavaMojo.java:294)
	at java.lang.Thread.run(Thread.java:745)
... Removed 29 stack frames]]>
    </failure>
  </testcase> <!-- merchandise_SBI -->
</testsuite> <!-- Command line test c1463479-8dc2-4efe-a862-38d8c35e3994 -->
