<?xml version="1.0" encoding="UTF-8"?>
<!-- Generated by org.testng.reporters.JUnitXMLReporter -->
<testsuite hostname="BiswaranjanD-PC" name="Command line test b61a82bd-cd7f-4ef3-9b86-867f27540eca" tests="24" failures="11" timestamp="27 Oct 2017 12:07:33 GMT" time="4663.51" errors="0">
  <testcase name="DTHrecharge_BOM" time="87.892" classname="com.loylty.mobileautomation.testcases.Bom_Test"/>
  <testcase name="merchandise_BOM" time="282.52" classname="com.loylty.mobileautomation.testcases.Bom_Test">
    <failure type="org.openqa.selenium.NoSuchElementException" message="An element could not be located on the page using the given search parameters. (WARNING: The server did not provide any stacktrace information)
Command duration or timeout: 25.25 seconds
For documentation on this error, please visit: http://seleniumhq.org/exceptions/no_such_element.html
Build info: version: &amp;apos;2.53.1&amp;apos;, revision: &amp;apos;a36b8b1cd5757287168e54b817830adce9b0158d&amp;apos;, time: &amp;apos;2016-06-30 19:26:09&amp;apos;
System info: host: &amp;apos;BiswaranjanD-PC&amp;apos;, ip: &amp;apos;192.168.102.105&amp;apos;, os.name: &amp;apos;Windows 10&amp;apos;, os.arch: &amp;apos;amd64&amp;apos;, os.version: &amp;apos;10.0&amp;apos;, java.version: &amp;apos;1.8.0_121&amp;apos;
Driver info: io.appium.java_client.android.AndroidDriver
Capabilities [{app=C:\LR_MOBILE\App\app-bom-debug (2).apk, networkConnectionEnabled=true, automatioNname=appium, warnings={}, apppackage=com.mahaamulyarewardz-1/base.apk, databaseEnabled=false, deviceName=0bf06532, platform=LINUX, desired={app=C:\LR_MOBILE\App\app-bom-debug (2).apk, automatioNname=appium, appactivity=com.rewardz.SplashScreen, apppackage=com.mahaamulyarewardz-1/base.apk, platformName=Android, platformversion=5.1.1, deviceName=0bf06532}, appactivity=com.rewardz.SplashScreen, platformVersion=4.4.2, webStorageEnabled=false, locationContextEnabled=false, browserName=Android, takesScreenshot=true, javascriptEnabled=true, platformName=Android, platformversion=5.1.1}]
Session ID: f995df70-f89d-4041-850b-8abf072219c1
*** Element info: {Using=id, value=com.mahaamulyarewardz:id/receiptView}">
      <![CDATA[org.openqa.selenium.NoSuchElementException: An element could not be located on the page using the given search parameters. (WARNING: The server did not provide any stacktrace information)
Command duration or timeout: 25.25 seconds
For documentation on this error, please visit: http://seleniumhq.org/exceptions/no_such_element.html
Build info: version: '2.53.1', revision: 'a36b8b1cd5757287168e54b817830adce9b0158d', time: '2016-06-30 19:26:09'
System info: host: 'BiswaranjanD-PC', ip: '192.168.102.105', os.name: 'Windows 10', os.arch: 'amd64', os.version: '10.0', java.version: '1.8.0_121'
Driver info: io.appium.java_client.android.AndroidDriver
Capabilities [{app=C:\LR_MOBILE\App\app-bom-debug (2).apk, networkConnectionEnabled=true, automatioNname=appium, warnings={}, apppackage=com.mahaamulyarewardz-1/base.apk, databaseEnabled=false, deviceName=0bf06532, platform=LINUX, desired={app=C:\LR_MOBILE\App\app-bom-debug (2).apk, automatioNname=appium, appactivity=com.rewardz.SplashScreen, apppackage=com.mahaamulyarewardz-1/base.apk, platformName=Android, platformversion=5.1.1, deviceName=0bf06532}, appactivity=com.rewardz.SplashScreen, platformVersion=4.4.2, webStorageEnabled=false, locationContextEnabled=false, browserName=Android, takesScreenshot=true, javascriptEnabled=true, platformName=Android, platformversion=5.1.1}]
Session ID: f995df70-f89d-4041-850b-8abf072219c1
*** Element info: {Using=id, value=com.mahaamulyarewardz:id/receiptView}
	at org.openqa.selenium.remote.ErrorHandler.createThrowable(ErrorHandler.java:206)
	at org.openqa.selenium.remote.ErrorHandler.throwIfResponseFailed(ErrorHandler.java:158)
	at org.openqa.selenium.remote.RemoteWebDriver.execute(RemoteWebDriver.java:678)
	at io.appium.java_client.DefaultGenericMobileDriver.execute(DefaultGenericMobileDriver.java:40)
	at io.appium.java_client.AppiumDriver.execute(AppiumDriver.java:1)
	at io.appium.java_client.android.AndroidDriver.execute(AndroidDriver.java:1)
	at org.openqa.selenium.remote.RemoteWebDriver.findElement(RemoteWebDriver.java:363)
	at io.appium.java_client.DefaultGenericMobileDriver.findElement(DefaultGenericMobileDriver.java:56)
	at io.appium.java_client.AppiumDriver.findElement(AppiumDriver.java:1)
	at io.appium.java_client.android.AndroidDriver.findElement(AndroidDriver.java:1)
	at org.openqa.selenium.remote.RemoteWebDriver.findElementById(RemoteWebDriver.java:413)
	at io.appium.java_client.DefaultGenericMobileDriver.findElementById(DefaultGenericMobileDriver.java:64)
	at io.appium.java_client.AppiumDriver.findElementById(AppiumDriver.java:1)
	at io.appium.java_client.android.AndroidDriver.findElementById(AndroidDriver.java:1)
	at org.openqa.selenium.By$ById.findElement(By.java:218)
	at org.openqa.selenium.remote.RemoteWebDriver.findElement(RemoteWebDriver.java:355)
	at io.appium.java_client.DefaultGenericMobileDriver.findElement(DefaultGenericMobileDriver.java:52)
	at io.appium.java_client.AppiumDriver.findElement(AppiumDriver.java:1)
	at io.appium.java_client.android.AndroidDriver.findElement(AndroidDriver.java:1)
	at org.openqa.selenium.support.pagefactory.DefaultElementLocator.findElement(DefaultElementLocator.java:69)
	at org.openqa.selenium.support.pagefactory.internal.LocatingElementHandler.invoke(LocatingElementHandler.java:38)
	at com.sun.proxy.$Proxy30.getText(Unknown Source)
	at com.loylty.mobileautomation.testcases.Bom_Test.merchandise_BOM(Bom_Test.java:173)
	at com.loylty.automationframework.TestRunner.main(TestRunner.java:116)
	at org.codehaus.mojo.exec.ExecJavaMojo$1.run(ExecJavaMojo.java:294)
	at java.lang.Thread.run(Thread.java:745)
... Removed 29 stack frames]]>
    </failure>
  </testcase> <!-- merchandise_BOM -->
  <testcase name="moviebooking_BOM" time="139.891" classname="com.loylty.mobileautomation.testcases.Bom_Test">
    <failure type="java.lang.AssertionError" message="BOM movie booking unsucessfull expected [true] but found [false]">
      <![CDATA[java.lang.AssertionError: BOM movie booking unsucessfull expected [true] but found [false]
	at com.loylty.mobileautomation.testcases.Bom_Test.moviebooking_BOM(Bom_Test.java:260)
	at com.loylty.automationframework.TestRunner.main(TestRunner.java:116)
	at org.codehaus.mojo.exec.ExecJavaMojo$1.run(ExecJavaMojo.java:294)
	at java.lang.Thread.run(Thread.java:745)
... Removed 28 stack frames]]>
    </failure>
  </testcase> <!-- moviebooking_BOM -->
  <testcase name="DTHrecharge_UNION" time="88.5" classname="com.loylty.mobileautomation.testcases.Union_Test"/>
  <testcase name="merchandise_UNION" time="199.966" classname="com.loylty.mobileautomation.testcases.Union_Test"/>
  <testcase name="moviebooking_UNION" time="114.6" classname="com.loylty.mobileautomation.testcases.Union_Test"/>
  <testcase name="DTHrecharge_TMB" time="130.877" classname="com.loylty.mobileautomation.testcases.Tmb_Test"/>
  <testcase name="merchandise_TMB" time="162.944" classname="com.loylty.mobileautomation.testcases.Tmb_Test"/>
  <testcase name="moviebooking_TMB" time="183.334" classname="com.loylty.mobileautomation.testcases.Tmb_Test">
    <failure type="java.lang.NullPointerException">
      <![CDATA[java.lang.NullPointerException
	at com.loylty.mobileautomation.testcases.Tmb_Test.moviebooking_TMB(Tmb_Test.java:228)
	at com.loylty.automationframework.TestRunner.main(TestRunner.java:116)
	at org.codehaus.mojo.exec.ExecJavaMojo$1.run(ExecJavaMojo.java:294)
	at java.lang.Thread.run(Thread.java:745)
... Removed 25 stack frames]]>
    </failure>
  </testcase> <!-- moviebooking_TMB -->
  <testcase name="DTHrecharge_BOI" time="131.405" classname="com.loylty.mobileautomation.testcases.Boi_Test"/>
  <testcase name="merchandise_BOI" time="74.002" classname="com.loylty.mobileautomation.testcases.Boi_Test"/>
  <testcase name="moviebooking_BOI" time="102.166" classname="com.loylty.mobileautomation.testcases.Boi_Test"/>
  <testcase name="DTHrecharge_SBI" time="152.048" classname="com.loylty.mobileautomation.testcases.SBI_Test">
    <failure type="java.lang.NullPointerException">
      <![CDATA[java.lang.NullPointerException
	at com.loylty.mobileautomation.sbi.po.Sbi_Payment.clickon_Ratenever(Sbi_Payment.java:324)
	at com.loylty.mobileautomation.testcases.SBI_Test.DTHrecharge_SBI(SBI_Test.java:216)
	at com.loylty.automationframework.TestRunner.main(TestRunner.java:116)
	at org.codehaus.mojo.exec.ExecJavaMojo$1.run(ExecJavaMojo.java:294)
	at java.lang.Thread.run(Thread.java:745)
... Removed 25 stack frames]]>
    </failure>
  </testcase> <!-- DTHrecharge_SBI -->
  <testcase name="merchandise_SBI" time="180.174" classname="com.loylty.mobileautomation.testcases.SBI_Test">
    <failure type="java.lang.NullPointerException">
      <![CDATA[java.lang.NullPointerException
	at com.loylty.mobileautomation.sbi.po.Sbi_Payment.clickon_Ratenever(Sbi_Payment.java:324)
	at com.loylty.mobileautomation.testcases.SBI_Test.merchandise_SBI(SBI_Test.java:159)
	at com.loylty.automationframework.TestRunner.main(TestRunner.java:116)
	at org.codehaus.mojo.exec.ExecJavaMojo$1.run(ExecJavaMojo.java:294)
	at java.lang.Thread.run(Thread.java:745)
... Removed 25 stack frames]]>
    </failure>
  </testcase> <!-- merchandise_SBI -->
  <testcase name="moviebooking_SBI" time="233.538" classname="com.loylty.mobileautomation.testcases.SBI_Test">
    <failure type="java.lang.NullPointerException">
      <![CDATA[java.lang.NullPointerException
	at com.loylty.mobileautomation.sbi.po.Sbi_Payment.clickon_Ratenever(Sbi_Payment.java:324)
	at com.loylty.mobileautomation.testcases.SBI_Test.moviebooking_SBI(SBI_Test.java:191)
	at com.loylty.automationframework.TestRunner.main(TestRunner.java:116)
	at org.codehaus.mojo.exec.ExecJavaMojo$1.run(ExecJavaMojo.java:294)
	at java.lang.Thread.run(Thread.java:745)
... Removed 25 stack frames]]>
    </failure>
  </testcase> <!-- moviebooking_SBI -->
  <testcase name="DTHrecharge_IDBI" time="131.792" classname="com.loylty.mobileautomation.testcases.Idbi_Test"/>
  <testcase name="merchandise_IDBI" time="163.19" classname="com.loylty.mobileautomation.testcases.Idbi_Test"/>
  <testcase name="moviebooking_IDBI" time="177.413" classname="com.loylty.mobileautomation.testcases.Idbi_Test">
    <failure type="java.lang.AssertionError" message="IDBI movie booking unsucessfull expected [true] but found [false]">
      <![CDATA[java.lang.AssertionError: IDBI movie booking unsucessfull expected [true] but found [false]
	at com.loylty.mobileautomation.testcases.Idbi_Test.moviebooking_IDBI(Idbi_Test.java:193)
	at com.loylty.automationframework.TestRunner.main(TestRunner.java:116)
	at org.codehaus.mojo.exec.ExecJavaMojo$1.run(ExecJavaMojo.java:294)
	at java.lang.Thread.run(Thread.java:745)
... Removed 28 stack frames]]>
    </failure>
  </testcase> <!-- moviebooking_IDBI -->
  <testcase name="DTHrecharge_CORP" time="178.532" classname="com.loylty.mobileautomation.testcases.Corp_Test">
    <failure type="java.lang.NullPointerException">
      <![CDATA[java.lang.NullPointerException
	at com.loylty.mobileautomation.corp.po.Corp_Payment.clickon_Ratenever(Corp_Payment.java:330)
	at com.loylty.mobileautomation.testcases.Corp_Test.DTHrecharge_CORP(Corp_Test.java:210)
	at com.loylty.automationframework.TestRunner.main(TestRunner.java:116)
	at org.codehaus.mojo.exec.ExecJavaMojo$1.run(ExecJavaMojo.java:294)
	at java.lang.Thread.run(Thread.java:745)
... Removed 25 stack frames]]>
    </failure>
  </testcase> <!-- DTHrecharge_CORP -->
  <testcase name="merchandise_CORP" time="210.719" classname="com.loylty.mobileautomation.testcases.Corp_Test"/>
  <testcase name="moviebooking_CORP" time="175.28" classname="com.loylty.mobileautomation.testcases.Corp_Test"/>
  <testcase name="DTHrecharge_BOB" time="163.074" classname="com.loylty.mobileautomation.testcases.Bob_Test">
    <failure type="org.openqa.selenium.NoSuchElementException" message="An element could not be located on the page using the given search parameters. (WARNING: The server did not provide any stacktrace information)
Command duration or timeout: 25.44 seconds
For documentation on this error, please visit: http://seleniumhq.org/exceptions/no_such_element.html
Build info: version: &amp;apos;2.53.1&amp;apos;, revision: &amp;apos;a36b8b1cd5757287168e54b817830adce9b0158d&amp;apos;, time: &amp;apos;2016-06-30 19:26:09&amp;apos;
System info: host: &amp;apos;BiswaranjanD-PC&amp;apos;, ip: &amp;apos;192.168.102.105&amp;apos;, os.name: &amp;apos;Windows 10&amp;apos;, os.arch: &amp;apos;amd64&amp;apos;, os.version: &amp;apos;10.0&amp;apos;, java.version: &amp;apos;1.8.0_121&amp;apos;
Driver info: io.appium.java_client.android.AndroidDriver
Capabilities [{app=C:\LR_MOBILE\app-bob-debug (2).apk, networkConnectionEnabled=true, automatioNname=appium, warnings={}, apppackage=com.bobrewardz-1/base.apk, databaseEnabled=false, deviceName=0bf06532, platform=LINUX, desired={app=C:\LR_MOBILE\app-bob-debug (2).apk, automatioNname=appium, appactivity=com.rewardz.SplashScreen, apppackage=com.bobrewardz-1/base.apk, platformName=Android, platformversion=5.1.1, deviceName=0bf06532}, appactivity=com.rewardz.SplashScreen, platformVersion=4.4.2, webStorageEnabled=false, locationContextEnabled=false, browserName=Android, takesScreenshot=true, javascriptEnabled=true, platformName=Android, platformversion=5.1.1}]
Session ID: 5b71fd89-0cf0-4906-a154-6b97b136ecd4
*** Element info: {Using=name, value=Airtel Digital Tv}">
      <![CDATA[org.openqa.selenium.NoSuchElementException: An element could not be located on the page using the given search parameters. (WARNING: The server did not provide any stacktrace information)
Command duration or timeout: 25.44 seconds
For documentation on this error, please visit: http://seleniumhq.org/exceptions/no_such_element.html
Build info: version: '2.53.1', revision: 'a36b8b1cd5757287168e54b817830adce9b0158d', time: '2016-06-30 19:26:09'
System info: host: 'BiswaranjanD-PC', ip: '192.168.102.105', os.name: 'Windows 10', os.arch: 'amd64', os.version: '10.0', java.version: '1.8.0_121'
Driver info: io.appium.java_client.android.AndroidDriver
Capabilities [{app=C:\LR_MOBILE\app-bob-debug (2).apk, networkConnectionEnabled=true, automatioNname=appium, warnings={}, apppackage=com.bobrewardz-1/base.apk, databaseEnabled=false, deviceName=0bf06532, platform=LINUX, desired={app=C:\LR_MOBILE\app-bob-debug (2).apk, automatioNname=appium, appactivity=com.rewardz.SplashScreen, apppackage=com.bobrewardz-1/base.apk, platformName=Android, platformversion=5.1.1, deviceName=0bf06532}, appactivity=com.rewardz.SplashScreen, platformVersion=4.4.2, webStorageEnabled=false, locationContextEnabled=false, browserName=Android, takesScreenshot=true, javascriptEnabled=true, platformName=Android, platformversion=5.1.1}]
Session ID: 5b71fd89-0cf0-4906-a154-6b97b136ecd4
*** Element info: {Using=name, value=Airtel Digital Tv}
	at org.openqa.selenium.remote.ErrorHandler.createThrowable(ErrorHandler.java:206)
	at org.openqa.selenium.remote.ErrorHandler.throwIfResponseFailed(ErrorHandler.java:158)
	at org.openqa.selenium.remote.RemoteWebDriver.execute(RemoteWebDriver.java:678)
	at io.appium.java_client.DefaultGenericMobileDriver.execute(DefaultGenericMobileDriver.java:40)
	at io.appium.java_client.AppiumDriver.execute(AppiumDriver.java:1)
	at io.appium.java_client.android.AndroidDriver.execute(AndroidDriver.java:1)
	at org.openqa.selenium.remote.RemoteWebDriver.findElement(RemoteWebDriver.java:363)
	at io.appium.java_client.DefaultGenericMobileDriver.findElement(DefaultGenericMobileDriver.java:56)
	at io.appium.java_client.AppiumDriver.findElement(AppiumDriver.java:1)
	at io.appium.java_client.android.AndroidDriver.findElement(AndroidDriver.java:1)
	at org.openqa.selenium.remote.RemoteWebDriver.findElementByName(RemoteWebDriver.java:461)
	at io.appium.java_client.DefaultGenericMobileDriver.findElementByName(DefaultGenericMobileDriver.java:104)
	at io.appium.java_client.AppiumDriver.findElementByName(AppiumDriver.java:1)
	at io.appium.java_client.android.AndroidDriver.findElementByName(AndroidDriver.java:1)
	at org.openqa.selenium.By$ByName.findElement(By.java:303)
	at org.openqa.selenium.remote.RemoteWebDriver.findElement(RemoteWebDriver.java:355)
	at io.appium.java_client.DefaultGenericMobileDriver.findElement(DefaultGenericMobileDriver.java:52)
	at io.appium.java_client.AppiumDriver.findElement(AppiumDriver.java:1)
	at io.appium.java_client.android.AndroidDriver.findElement(AndroidDriver.java:1)
	at com.loylty.mobileautomation.bob.po.Bob_DTH.selectOperatorName(Bob_DTH.java:137)
	at com.loylty.mobileautomation.flow.FlowDTH.DTHrecharge(FlowDTH.java:69)
	at com.loylty.mobileautomation.testcases.Bob_Test.DTHrecharge_BOB(Bob_Test.java:213)
	at com.loylty.automationframework.TestRunner.main(TestRunner.java:116)
	at org.codehaus.mojo.exec.ExecJavaMojo$1.run(ExecJavaMojo.java:294)
	at java.lang.Thread.run(Thread.java:745)
... Removed 28 stack frames]]>
    </failure>
  </testcase> <!-- DTHrecharge_BOB -->
  <testcase name="merchandise_BOB" time="771.737" classname="com.loylty.mobileautomation.testcases.Bob_Test">
    <failure type="java.lang.NullPointerException">
      <![CDATA[java.lang.NullPointerException
	at com.loylty.mobileautomation.bob.po.Bob_Payment.clickOnPaybyPoint_chkbox(Bob_Payment.java:147)
	at com.loylty.mobileautomation.flow.FlowPayment.payments(FlowPayment.java:120)
	at com.loylty.mobileautomation.testcases.Bob_Test.merchandise_BOB(Bob_Test.java:141)
	at com.loylty.automationframework.TestRunner.main(TestRunner.java:116)
	at org.codehaus.mojo.exec.ExecJavaMojo$1.run(ExecJavaMojo.java:294)
	at java.lang.Thread.run(Thread.java:745)
... Removed 25 stack frames]]>
    </failure>
  </testcase> <!-- merchandise_BOB -->
  <testcase name="moviebooking_BOB" time="373.348" classname="com.loylty.mobileautomation.testcases.Bob_Test">
    <failure type="java.lang.AssertionError" message="BOB Movie booking unsucessfull expected [true] but found [false]">
      <![CDATA[java.lang.AssertionError: BOB Movie booking unsucessfull expected [true] but found [false]
	at com.loylty.mobileautomation.testcases.Bob_Test.moviebooking_BOB(Bob_Test.java:194)
	at com.loylty.automationframework.TestRunner.main(TestRunner.java:116)
	at org.codehaus.mojo.exec.ExecJavaMojo$1.run(ExecJavaMojo.java:294)
	at java.lang.Thread.run(Thread.java:745)
... Removed 28 stack frames]]>
    </failure>
  </testcase> <!-- moviebooking_BOB -->
</testsuite> <!-- Command line test b61a82bd-cd7f-4ef3-9b86-867f27540eca -->
