<?xml version="1.0" encoding="UTF-8"?>
<!-- Generated by org.testng.reporters.JUnitXMLReporter -->
<testsuite hostname="BiswaranjanD-PC" name="Command line test bec7e859-f5fe-4018-8f1c-6790f1ec7265" tests="14" failures="1" timestamp="24 Jan 2018 05:16:03 GMT" time="148.327" errors="0">
  <testcase name="@AfterMethod teardown" time="0.0" classname="com.loylty.mobileautomation.campaign.Campaign_Test">
    <failure type="java.lang.NullPointerException">
      <![CDATA[java.lang.NullPointerException
	at com.loylty.mobileautomation.campaign.Campaign_Test.teardown(Campaign_Test.java:443)
	at com.loylty.automationframework.TestRunner.main(TestRunner.java:116)
	at org.codehaus.mojo.exec.ExecJavaMojo$1.run(ExecJavaMojo.java:294)
	at java.lang.Thread.run(Thread.java:745)
... Removed 27 stack frames]]>
    </failure>
  </testcase> <!-- @AfterMethod teardown -->
  <testcase name="@AfterMethod getResult" time="0.0" classname="com.loylty.mobileautomation.campaign.Campaign_Test">
    <skipped/>
  </testcase> <!-- @AfterMethod getResult -->
  <testcase name="@AfterMethod teardown" time="0.0" classname="com.loylty.mobileautomation.campaign.Campaign_Test">
    <skipped/>
  </testcase> <!-- @AfterMethod teardown -->
  <testcase name="@AfterMethod getResult" time="0.0" classname="com.loylty.mobileautomation.campaign.Campaign_Test">
    <skipped/>
  </testcase> <!-- @AfterMethod getResult -->
  <testcase name="@AfterMethod teardown" time="0.0" classname="com.loylty.mobileautomation.campaign.Campaign_Test">
    <skipped/>
  </testcase> <!-- @AfterMethod teardown -->
  <testcase name="@AfterMethod getResult" time="0.0" classname="com.loylty.mobileautomation.campaign.Campaign_Test">
    <skipped/>
  </testcase> <!-- @AfterMethod getResult -->
  <testcase name="@AfterMethod teardown" time="0.0" classname="com.loylty.mobileautomation.campaign.Campaign_Test">
    <skipped/>
  </testcase> <!-- @AfterMethod teardown -->
  <testcase name="@AfterMethod getResult" time="0.0" classname="com.loylty.mobileautomation.campaign.Campaign_Test">
    <skipped/>
  </testcase> <!-- @AfterMethod getResult -->
  <testcase name="@AfterMethod teardown" time="0.0" classname="com.loylty.mobileautomation.campaign.Campaign_Test">
    <skipped/>
  </testcase> <!-- @AfterMethod teardown -->
  <testcase name="@AfterMethod getResult" time="0.0" classname="com.loylty.mobileautomation.campaign.Campaign_Test">
    <skipped/>
  </testcase> <!-- @AfterMethod getResult -->
  <testcase name="@AfterMethod teardown" time="0.0" classname="com.loylty.mobileautomation.campaign.Campaign_Test">
    <skipped/>
  </testcase> <!-- @AfterMethod teardown -->
  <testcase name="@AfterMethod getResult" time="0.0" classname="com.loylty.mobileautomation.campaign.Campaign_Test">
    <skipped/>
  </testcase> <!-- @AfterMethod getResult -->
  <testcase name="@AfterMethod teardown" time="0.0" classname="com.loylty.mobileautomation.campaign.Campaign_Test">
    <skipped/>
  </testcase> <!-- @AfterMethod teardown -->
  <testcase name="@AfterMethod getResult" time="0.0" classname="com.loylty.mobileautomation.campaign.Campaign_Test">
    <skipped/>
  </testcase> <!-- @AfterMethod getResult -->
  <testcase name="@AfterMethod teardown" time="0.0" classname="com.loylty.mobileautomation.campaign.Campaign_Test">
    <skipped/>
  </testcase> <!-- @AfterMethod teardown -->
  <testcase name="@AfterMethod getResult" time="0.0" classname="com.loylty.mobileautomation.campaign.Campaign_Test">
    <skipped/>
  </testcase> <!-- @AfterMethod getResult -->
  <testcase name="@AfterMethod teardown" time="0.0" classname="com.loylty.mobileautomation.campaign.Campaign_Test">
    <skipped/>
  </testcase> <!-- @AfterMethod teardown -->
  <testcase name="@AfterMethod getResult" time="0.0" classname="com.loylty.mobileautomation.campaign.Campaign_Test">
    <skipped/>
  </testcase> <!-- @AfterMethod getResult -->
  <testcase name="@AfterMethod teardown" time="0.0" classname="com.loylty.mobileautomation.campaign.Campaign_Test">
    <skipped/>
  </testcase> <!-- @AfterMethod teardown -->
  <testcase name="@AfterMethod getResult" time="0.0" classname="com.loylty.mobileautomation.campaign.Campaign_Test">
    <skipped/>
  </testcase> <!-- @AfterMethod getResult -->
  <testcase name="@AfterMethod teardown" time="0.0" classname="com.loylty.mobileautomation.campaign.Campaign_Test">
    <skipped/>
  </testcase> <!-- @AfterMethod teardown -->
  <testcase name="@AfterMethod getResult" time="0.0" classname="com.loylty.mobileautomation.campaign.Campaign_Test">
    <skipped/>
  </testcase> <!-- @AfterMethod getResult -->
  <testcase name="@AfterMethod teardown" time="0.0" classname="com.loylty.mobileautomation.campaign.Campaign_Test">
    <skipped/>
  </testcase> <!-- @AfterMethod teardown -->
  <testcase name="@AfterMethod getResult" time="0.0" classname="com.loylty.mobileautomation.campaign.Campaign_Test">
    <skipped/>
  </testcase> <!-- @AfterMethod getResult -->
  <testcase name="@AfterMethod teardown" time="0.0" classname="com.loylty.mobileautomation.campaign.Campaign_Test">
    <skipped/>
  </testcase> <!-- @AfterMethod teardown -->
  <testcase name="@AfterMethod getResult" time="0.0" classname="com.loylty.mobileautomation.campaign.Campaign_Test">
    <skipped/>
  </testcase> <!-- @AfterMethod getResult -->
  <testcase name="@AfterMethod teardown" time="0.0" classname="com.loylty.mobileautomation.campaign.Campaign_Test">
    <skipped/>
  </testcase> <!-- @AfterMethod teardown -->
  <testcase name="@AfterMethod getResult" time="0.0" classname="com.loylty.mobileautomation.campaign.Campaign_Test">
    <skipped/>
  </testcase> <!-- @AfterMethod getResult -->
  <testcase name="campaignCheckPromocode" time="142.629" classname="com.loylty.mobileautomation.campaign.Campaign_Test">
    <failure type="org.openqa.selenium.NoSuchElementException" message="An element could not be located on the page using the given search parameters. (WARNING: The server did not provide any stacktrace information)
Command duration or timeout: 11.32 seconds
For documentation on this error, please visit: http://seleniumhq.org/exceptions/no_such_element.html
Build info: version: &amp;apos;2.53.1&amp;apos;, revision: &amp;apos;a36b8b1cd5757287168e54b817830adce9b0158d&amp;apos;, time: &amp;apos;2016-06-30 19:26:09&amp;apos;
System info: host: &amp;apos;BiswaranjanD-PC&amp;apos;, ip: &amp;apos;192.168.102.105&amp;apos;, os.name: &amp;apos;Windows 10&amp;apos;, os.arch: &amp;apos;amd64&amp;apos;, os.version: &amp;apos;10.0&amp;apos;, java.version: &amp;apos;1.8.0_121&amp;apos;
Driver info: io.appium.java_client.android.AndroidDriver
Capabilities [{app=C:\LR_MOBILE\mPointBusiness2.13.apk, networkConnectionEnabled=true, noReset=false, automatioNname=appium, warnings={}, apppackage=com.mgm.merchant-1.apk, databaseEnabled=false, fullReset=false, deviceName=0bf06532, platform=LINUX, desired={app=C:\LR_MOBILE\mPointBusiness2.13.apk, noReset=false, automatioNname=appium, appactivity=com.mgm.merchant.account.SplashScreenActivity, newCommandTimeout=10000, apppackage=com.mgm.merchant-1.apk, platformName=Android, platformversion=5.1.1, fullReset=false, deviceName=0bf06532}, appactivity=com.mgm.merchant.account.SplashScreenActivity, newCommandTimeout=10000, platformVersion=4.4.2, webStorageEnabled=false, locationContextEnabled=false, browserName=Android, takesScreenshot=true, javascriptEnabled=true, platformName=Android, platformversion=5.1.1}]
Session ID: f4fc5e7c-c093-4010-b76a-5ab51b0952d0">
      <![CDATA[org.openqa.selenium.NoSuchElementException: An element could not be located on the page using the given search parameters. (WARNING: The server did not provide any stacktrace information)
Command duration or timeout: 11.32 seconds
For documentation on this error, please visit: http://seleniumhq.org/exceptions/no_such_element.html
Build info: version: '2.53.1', revision: 'a36b8b1cd5757287168e54b817830adce9b0158d', time: '2016-06-30 19:26:09'
System info: host: 'BiswaranjanD-PC', ip: '192.168.102.105', os.name: 'Windows 10', os.arch: 'amd64', os.version: '10.0', java.version: '1.8.0_121'
Driver info: io.appium.java_client.android.AndroidDriver
Capabilities [{app=C:\LR_MOBILE\mPointBusiness2.13.apk, networkConnectionEnabled=true, noReset=false, automatioNname=appium, warnings={}, apppackage=com.mgm.merchant-1.apk, databaseEnabled=false, fullReset=false, deviceName=0bf06532, platform=LINUX, desired={app=C:\LR_MOBILE\mPointBusiness2.13.apk, noReset=false, automatioNname=appium, appactivity=com.mgm.merchant.account.SplashScreenActivity, newCommandTimeout=10000, apppackage=com.mgm.merchant-1.apk, platformName=Android, platformversion=5.1.1, fullReset=false, deviceName=0bf06532}, appactivity=com.mgm.merchant.account.SplashScreenActivity, newCommandTimeout=10000, platformVersion=4.4.2, webStorageEnabled=false, locationContextEnabled=false, browserName=Android, takesScreenshot=true, javascriptEnabled=true, platformName=Android, platformversion=5.1.1}]
Session ID: f4fc5e7c-c093-4010-b76a-5ab51b0952d0
	at org.openqa.selenium.remote.ErrorHandler.createThrowable(ErrorHandler.java:206)
	at org.openqa.selenium.remote.ErrorHandler.throwIfResponseFailed(ErrorHandler.java:158)
	at org.openqa.selenium.remote.RemoteWebDriver.execute(RemoteWebDriver.java:678)
	at io.appium.java_client.DefaultGenericMobileDriver.execute(DefaultGenericMobileDriver.java:40)
	at io.appium.java_client.AppiumDriver.execute(AppiumDriver.java:1)
	at io.appium.java_client.android.AndroidDriver.execute(AndroidDriver.java:1)
	at org.openqa.selenium.remote.RemoteWebElement.execute(RemoteWebElement.java:327)
	at io.appium.java_client.DefaultGenericMobileElement.execute(DefaultGenericMobileElement.java:33)
	at io.appium.java_client.MobileElement.execute(MobileElement.java:1)
	at io.appium.java_client.android.AndroidElement.execute(AndroidElement.java:1)
	at org.openqa.selenium.remote.RemoteWebElement.getText(RemoteWebElement.java:179)
	at com.loylty.mobileautomation.campaign.CampaignCreateStore_po.clickon_Storelist_Btn(CampaignCreateStore_po.java:245)
	at com.loylty.mobileautomation.campaign.CampaignFlow.createStore(CampaignFlow.java:340)
	at com.loylty.mobileautomation.campaign.Campaign_Test.campaignCheckPromocode(Campaign_Test.java:262)
	at com.loylty.automationframework.TestRunner.main(TestRunner.java:116)
	at org.codehaus.mojo.exec.ExecJavaMojo$1.run(ExecJavaMojo.java:294)
	at java.lang.Thread.run(Thread.java:745)
... Removed 29 stack frames]]>
    </failure>
  </testcase> <!-- campaignCheckPromocode -->
  <testcase name="campaignCheckSmsScheduling" time="0.0" classname="com.loylty.mobileautomation.campaign.Campaign_Test">
    <skipped/>
  </testcase> <!-- campaignCheckSmsScheduling -->
  <testcase name="campaignCheckThirdsms" time="0.0" classname="com.loylty.mobileautomation.campaign.Campaign_Test">
    <skipped/>
  </testcase> <!-- campaignCheckThirdsms -->
  <testcase name="campaignWithoneEligibleStore" time="0.0" classname="com.loylty.mobileautomation.campaign.Campaign_Test">
    <skipped/>
  </testcase> <!-- campaignWithoneEligibleStore -->
  <testcase name="campaignWithoutAgeGender" time="0.0" classname="com.loylty.mobileautomation.campaign.Campaign_Test">
    <skipped/>
  </testcase> <!-- campaignWithoutAgeGender -->
  <testcase name="campaignWithoutEligibleStore" time="0.0" classname="com.loylty.mobileautomation.campaign.Campaign_Test">
    <skipped/>
  </testcase> <!-- campaignWithoutEligibleStore -->
  <testcase name="campaignWithoutGPS" time="0.0" classname="com.loylty.mobileautomation.campaign.Campaign_Test">
    <skipped/>
  </testcase> <!-- campaignWithoutGPS -->
  <testcase name="campaignWithoutSubcategoryStore" time="0.0" classname="com.loylty.mobileautomation.campaign.Campaign_Test">
    <skipped/>
  </testcase> <!-- campaignWithoutSubcategoryStore -->
  <testcase name="campaignWithoutsmsScript" time="0.0" classname="com.loylty.mobileautomation.campaign.Campaign_Test">
    <skipped/>
  </testcase> <!-- campaignWithoutsmsScript -->
  <testcase name="checkCSpanelApprovecampaigns" time="0.0" classname="com.loylty.mobileautomation.campaign.Campaign_Test">
    <skipped/>
  </testcase> <!-- checkCSpanelApprovecampaigns -->
  <testcase name="checkCSpanelAutoschedule" time="0.0" classname="com.loylty.mobileautomation.campaign.Campaign_Test">
    <skipped/>
  </testcase> <!-- checkCSpanelAutoschedule -->
  <testcase name="checkCSpanelCustomschedule" time="0.0" classname="com.loylty.mobileautomation.campaign.Campaign_Test">
    <skipped/>
  </testcase> <!-- checkCSpanelCustomschedule -->
  <testcase name="checkCSpanelDashboard" time="0.0" classname="com.loylty.mobileautomation.campaign.Campaign_Test">
    <skipped/>
  </testcase> <!-- checkCSpanelDashboard -->
  <testcase name="checkcampaignHistory" time="0.0" classname="com.loylty.mobileautomation.campaign.Campaign_Test">
    <skipped/>
  </testcase> <!-- checkcampaignHistory -->
</testsuite> <!-- Command line test bec7e859-f5fe-4018-8f1c-6790f1ec7265 -->
