<html>
<head>
<title>TestNG:  Command line test cb2c0397-7234-42ea-bffc-e7bb9d149b5e</title>
<link href="../testng.css" rel="stylesheet" type="text/css" />
<link href="../my-testng.css" rel="stylesheet" type="text/css" />

<style type="text/css">
.log { display: none;} 
.stack-trace { display: none;} 
</style>
<script type="text/javascript">
<!--
function flip(e) {
  current = e.style.display;
  if (current == 'block') {
    e.style.display = 'none';
    return 0;
  }
  else {
    e.style.display = 'block';
    return 1;
  }
}

function toggleBox(szDivId, elem, msg1, msg2)
{
  var res = -1;  if (document.getElementById) {
    res = flip(document.getElementById(szDivId));
  }
  else if (document.all) {
    // this is the way old msie versions work
    res = flip(document.all[szDivId]);
  }
  if(elem) {
    if(res == 0) elem.innerHTML = msg1; else elem.innerHTML = msg2;
  }

}

function toggleAllBoxes() {
  if (document.getElementsByTagName) {
    d = document.getElementsByTagName('div');
    for (i = 0; i < d.length; i++) {
      if (d[i].className == 'log') {
        flip(d[i]);
      }
    }
  }
}

// -->
</script>

</head>
<body>
<h2 align='center'>Command line test cb2c0397-7234-42ea-bffc-e7bb9d149b5e</h2><table border='1' align="center">
<tr>
<td>Tests passed/Failed/Skipped:</td><td>2/3/0</td>
</tr><tr>
<td>Started on:</td><td>Fri Oct 13 18:23:01 IST 2017</td>
</tr>
<tr><td>Total time:</td><td>654 seconds (654316 ms)</td>
</tr><tr>
<td>Included groups:</td><td></td>
</tr><tr>
<td>Excluded groups:</td><td></td>
</tr>
</table><p/>
<small><i>(Hover the method name to see the test class name)</i></small><p/>
<table width='100%' border='1' class='invocation-failed'>
<tr><td colspan='4' align='center'><b>FAILED TESTS</b></td></tr>
<tr><td><b>Test method</b></td>
<td width="30%"><b>Exception</b></td>
<td width="10%"><b>Time (seconds)</b></td>
<td><b>Instance</b></td>
</tr>
<tr>
<td title='com.loylty.mobileautomation.testcases.Bob_Test.moviebooking_BOB()'><b>moviebooking_BOB</b><br>Test class: com.loylty.mobileautomation.testcases.Bob_Test<br>Parameters: Mumbai, G-Force, Sat
14 Oct,  Andheri_Movies, 09:00, GOLD, 3</td>
<td><div><pre>org.openqa.selenium.NoSuchElementException: An element could not be located on the page using the given search parameters. (WARNING: The server did not provide any stacktrace information)
Command duration or timeout: 25.73 seconds
For documentation on this error, please visit: http://seleniumhq.org/exceptions/no_such_element.html
Build info: version: &apos;2.53.1&apos;, revision: &apos;a36b8b1cd5757287168e54b817830adce9b0158d&apos;, time: &apos;2016-06-30 19:26:09&apos;
System info: host: &apos;BiswaranjanD-PC&apos;, ip: &apos;192.168.102.105&apos;, os.name: &apos;Windows 10&apos;, os.arch: &apos;amd64&apos;, os.version: &apos;10.0&apos;, java.version: &apos;1.8.0_121&apos;
Driver info: io.appium.java_client.android.AndroidDriver
Capabilities [{app=C:\LR_MOBILE\app-bob-debug (2).apk, networkConnectionEnabled=true, automatioNname=appium, warnings={}, apppackage=com.bobrewardz-1/base.apk, databaseEnabled=false, deviceName=0bf06532, platform=LINUX, desired={app=C:\LR_MOBILE\app-bob-debug (2).apk, automatioNname=appium, appactivity=com.rewardz.SplashScreen, apppackage=com.bobrewardz-1/base.apk, platformName=Android, platformversion=5.1.1, deviceName=0bf06532}, appactivity=com.rewardz.SplashScreen, platformVersion=4.4.2, webStorageEnabled=false, locationContextEnabled=false, browserName=Android, takesScreenshot=true, javascriptEnabled=true, platformName=Android, platformversion=5.1.1}]
Session ID: 4c9df1cf-c637-4713-9079-6fbd59da6fa6
*** Element info: {Using=name, value=Sat
14 Oct}
	at org.openqa.selenium.remote.ErrorHandler.createThrowable(ErrorHandler.java:206)
	at org.openqa.selenium.remote.ErrorHandler.throwIfResponseFailed(ErrorHandler.java:158)
	at org.openqa.selenium.remote.RemoteWebDriver.execute(RemoteWebDriver.java:678)
	at io.appium.java_client.DefaultGenericMobileDriver.execute(DefaultGenericMobileDriver.java:40)
	at io.appium.java_client.AppiumDriver.execute(AppiumDriver.java:1)
	at io.appium.java_client.android.AndroidDriver.execute(AndroidDriver.java:1)
	at org.openqa.selenium.remote.RemoteWebDriver.findElement(RemoteWebDriver.java:363)
	at io.appium.java_client.DefaultGenericMobileDriver.findElement(DefaultGenericMobileDriver.java:56)
	at io.appium.java_client.AppiumDriver.findElement(AppiumDriver.java:1)
	at io.appium.java_client.android.AndroidDriver.findElement(AndroidDriver.java:1)
	at org.openqa.selenium.remote.RemoteWebDriver.findElementByName(RemoteWebDriver.java:461)
	at io.appium.java_client.DefaultGenericMobileDriver.findElementByName(DefaultGenericMobileDriver.java:104)
	at io.appium.java_client.AppiumDriver.findElementByName(AppiumDriver.java:1)
	at io.appium.java_client.android.AndroidDriver.findElementByName(AndroidDriver.java:1)
	at org.openqa.selenium.By$ByName.findElement(By.java:303)
	at org.openqa.selenium.remote.RemoteWebDriver.findElement(RemoteWebDriver.java:355)
	at io.appium.java_client.DefaultGenericMobileDriver.findElement(DefaultGenericMobileDriver.java:52)
	at io.appium.java_client.AppiumDriver.findElement(AppiumDriver.java:1)
	at io.appium.java_client.android.AndroidDriver.findElement(AndroidDriver.java:1)
	at com.loylty.mobileautomation.bob.po.Bob_Movie.selectDate(Bob_Movie.java:202)
	at com.loylty.mobileautomation.flow.FlowMovie.MovieBooking(FlowMovie.java:77)
	at com.loylty.mobileautomation.testcases.Bob_Test.moviebooking_BOB(Bob_Test.java:186)
	at com.loylty.automationframework.TestRunner.main(TestRunner.java:116)
	at org.codehaus.mojo.exec.ExecJavaMojo$1.run(ExecJavaMojo.java:294)
	at java.lang.Thread.run(Thread.java:745)
... Removed 29 stack frames</pre></div><a href='#' onClick='toggleBox("stack-trace329476716", this, "Click to show all stack frames", "Click to hide stack frames")'>Click to show all stack frames</a>
<div class='stack-trace' id='stack-trace329476716'><pre>org.openqa.selenium.NoSuchElementException: An element could not be located on the page using the given search parameters. (WARNING: The server did not provide any stacktrace information)
Command duration or timeout: 25.73 seconds
For documentation on this error, please visit: http://seleniumhq.org/exceptions/no_such_element.html
Build info: version: &apos;2.53.1&apos;, revision: &apos;a36b8b1cd5757287168e54b817830adce9b0158d&apos;, time: &apos;2016-06-30 19:26:09&apos;
System info: host: &apos;BiswaranjanD-PC&apos;, ip: &apos;192.168.102.105&apos;, os.name: &apos;Windows 10&apos;, os.arch: &apos;amd64&apos;, os.version: &apos;10.0&apos;, java.version: &apos;1.8.0_121&apos;
Driver info: io.appium.java_client.android.AndroidDriver
Capabilities [{app=C:\LR_MOBILE\app-bob-debug (2).apk, networkConnectionEnabled=true, automatioNname=appium, warnings={}, apppackage=com.bobrewardz-1/base.apk, databaseEnabled=false, deviceName=0bf06532, platform=LINUX, desired={app=C:\LR_MOBILE\app-bob-debug (2).apk, automatioNname=appium, appactivity=com.rewardz.SplashScreen, apppackage=com.bobrewardz-1/base.apk, platformName=Android, platformversion=5.1.1, deviceName=0bf06532}, appactivity=com.rewardz.SplashScreen, platformVersion=4.4.2, webStorageEnabled=false, locationContextEnabled=false, browserName=Android, takesScreenshot=true, javascriptEnabled=true, platformName=Android, platformversion=5.1.1}]
Session ID: 4c9df1cf-c637-4713-9079-6fbd59da6fa6
*** Element info: {Using=name, value=Sat
14 Oct}
	at sun.reflect.NativeConstructorAccessorImpl.newInstance0(Native Method)
	at sun.reflect.NativeConstructorAccessorImpl.newInstance(NativeConstructorAccessorImpl.java:62)
	at sun.reflect.DelegatingConstructorAccessorImpl.newInstance(DelegatingConstructorAccessorImpl.java:45)
	at java.lang.reflect.Constructor.newInstance(Constructor.java:423)
	at org.openqa.selenium.remote.ErrorHandler.createThrowable(ErrorHandler.java:206)
	at org.openqa.selenium.remote.ErrorHandler.throwIfResponseFailed(ErrorHandler.java:158)
	at org.openqa.selenium.remote.RemoteWebDriver.execute(RemoteWebDriver.java:678)
	at io.appium.java_client.DefaultGenericMobileDriver.execute(DefaultGenericMobileDriver.java:40)
	at io.appium.java_client.AppiumDriver.execute(AppiumDriver.java:1)
	at io.appium.java_client.android.AndroidDriver.execute(AndroidDriver.java:1)
	at org.openqa.selenium.remote.RemoteWebDriver.findElement(RemoteWebDriver.java:363)
	at io.appium.java_client.DefaultGenericMobileDriver.findElement(DefaultGenericMobileDriver.java:56)
	at io.appium.java_client.AppiumDriver.findElement(AppiumDriver.java:1)
	at io.appium.java_client.android.AndroidDriver.findElement(AndroidDriver.java:1)
	at org.openqa.selenium.remote.RemoteWebDriver.findElementByName(RemoteWebDriver.java:461)
	at io.appium.java_client.DefaultGenericMobileDriver.findElementByName(DefaultGenericMobileDriver.java:104)
	at io.appium.java_client.AppiumDriver.findElementByName(AppiumDriver.java:1)
	at io.appium.java_client.android.AndroidDriver.findElementByName(AndroidDriver.java:1)
	at org.openqa.selenium.By$ByName.findElement(By.java:303)
	at org.openqa.selenium.remote.RemoteWebDriver.findElement(RemoteWebDriver.java:355)
	at io.appium.java_client.DefaultGenericMobileDriver.findElement(DefaultGenericMobileDriver.java:52)
	at io.appium.java_client.AppiumDriver.findElement(AppiumDriver.java:1)
	at io.appium.java_client.android.AndroidDriver.findElement(AndroidDriver.java:1)
	at com.loylty.mobileautomation.bob.po.Bob_Movie.selectDate(Bob_Movie.java:202)
	at com.loylty.mobileautomation.flow.FlowMovie.MovieBooking(FlowMovie.java:77)
	at com.loylty.mobileautomation.testcases.Bob_Test.moviebooking_BOB(Bob_Test.java:186)
	at sun.reflect.NativeMethodAccessorImpl.invoke0(Native Method)
	at sun.reflect.NativeMethodAccessorImpl.invoke(NativeMethodAccessorImpl.java:62)
	at sun.reflect.DelegatingMethodAccessorImpl.invoke(DelegatingMethodAccessorImpl.java:43)
	at java.lang.reflect.Method.invoke(Method.java:498)
	at org.testng.internal.MethodInvocationHelper.invokeMethod(MethodInvocationHelper.java:86)
	at org.testng.internal.Invoker.invokeMethod(Invoker.java:643)
	at org.testng.internal.Invoker.invokeTestMethod(Invoker.java:820)
	at org.testng.internal.Invoker.invokeTestMethods(Invoker.java:1128)
	at org.testng.internal.TestMethodWorker.invokeTestMethods(TestMethodWorker.java:129)
	at org.testng.internal.TestMethodWorker.run(TestMethodWorker.java:112)
	at org.testng.TestRunner.privateRun(TestRunner.java:782)
	at org.testng.TestRunner.run(TestRunner.java:632)
	at org.testng.SuiteRunner.runTest(SuiteRunner.java:366)
	at org.testng.SuiteRunner.runSequentially(SuiteRunner.java:361)
	at org.testng.SuiteRunner.privateRun(SuiteRunner.java:319)
	at org.testng.SuiteRunner.run(SuiteRunner.java:268)
	at org.testng.SuiteRunnerWorker.runSuite(SuiteRunnerWorker.java:52)
	at org.testng.SuiteRunnerWorker.run(SuiteRunnerWorker.java:86)
	at org.testng.TestNG.runSuitesSequentially(TestNG.java:1244)
	at org.testng.TestNG.runSuitesLocally(TestNG.java:1169)
	at org.testng.TestNG.run(TestNG.java:1064)
	at com.loylty.automationframework.TestRunner.main(TestRunner.java:116)
	at sun.reflect.NativeMethodAccessorImpl.invoke0(Native Method)
	at sun.reflect.NativeMethodAccessorImpl.invoke(NativeMethodAccessorImpl.java:62)
	at sun.reflect.DelegatingMethodAccessorImpl.invoke(DelegatingMethodAccessorImpl.java:43)
	at java.lang.reflect.Method.invoke(Method.java:498)
	at org.codehaus.mojo.exec.ExecJavaMojo$1.run(ExecJavaMojo.java:294)
	at java.lang.Thread.run(Thread.java:745)
</pre></div></td>
<td>181</td>
<td>com.loylty.mobileautomation.testcases.Bob_Test@2645e1aa</td></tr>
<tr>
<td title='com.loylty.mobileautomation.testcases.Idbi_Test.moviebooking_IDBI()'><b>moviebooking_IDBI</b><br>Test class: com.loylty.mobileautomation.testcases.Idbi_Test<br>Parameters: Mumbai, G-Force, Sat
14 Oct,  Andheri_Movies, 09:00, GOLD, 3</td>
<td><div><pre>org.openqa.selenium.NoSuchElementException: An element could not be located on the page using the given search parameters. (WARNING: The server did not provide any stacktrace information)
Command duration or timeout: 26.01 seconds
For documentation on this error, please visit: http://seleniumhq.org/exceptions/no_such_element.html
Build info: version: &apos;2.53.1&apos;, revision: &apos;a36b8b1cd5757287168e54b817830adce9b0158d&apos;, time: &apos;2016-06-30 19:26:09&apos;
System info: host: &apos;BiswaranjanD-PC&apos;, ip: &apos;192.168.102.105&apos;, os.name: &apos;Windows 10&apos;, os.arch: &apos;amd64&apos;, os.version: &apos;10.0&apos;, java.version: &apos;1.8.0_121&apos;
Driver info: io.appium.java_client.android.AndroidDriver
Capabilities [{app=C:\LR_MOBILE\app-idbi-debug.apk, networkConnectionEnabled=true, automatioNname=appium, warnings={}, apppackage=com.boistarrewardz-1.apk, databaseEnabled=false, deviceName=0bf06532, platform=LINUX, desired={app=C:\LR_MOBILE\app-idbi-debug.apk, automatioNname=appium, appactivity=com.rewardz.SplashScreen, apppackage=com.boistarrewardz-1.apk, platformName=Android, platformversion=5.1.1, deviceName=0bf06532}, appactivity=com.rewardz.SplashScreen, platformVersion=4.4.2, webStorageEnabled=false, locationContextEnabled=false, browserName=Android, takesScreenshot=true, javascriptEnabled=true, platformName=Android, platformversion=5.1.1}]
Session ID: b5d8a614-0fd0-4e08-accd-b6f13d091fba
*** Element info: {Using=name, value=GOLD}
	at org.openqa.selenium.remote.ErrorHandler.createThrowable(ErrorHandler.java:206)
	at org.openqa.selenium.remote.ErrorHandler.throwIfResponseFailed(ErrorHandler.java:158)
	at org.openqa.selenium.remote.RemoteWebDriver.execute(RemoteWebDriver.java:678)
	at io.appium.java_client.DefaultGenericMobileDriver.execute(DefaultGenericMobileDriver.java:40)
	at io.appium.java_client.AppiumDriver.execute(AppiumDriver.java:1)
	at io.appium.java_client.android.AndroidDriver.execute(AndroidDriver.java:1)
	at org.openqa.selenium.remote.RemoteWebDriver.findElement(RemoteWebDriver.java:363)
	at io.appium.java_client.DefaultGenericMobileDriver.findElement(DefaultGenericMobileDriver.java:56)
	at io.appium.java_client.AppiumDriver.findElement(AppiumDriver.java:1)
	at io.appium.java_client.android.AndroidDriver.findElement(AndroidDriver.java:1)
	at org.openqa.selenium.remote.RemoteWebDriver.findElementByName(RemoteWebDriver.java:461)
	at io.appium.java_client.DefaultGenericMobileDriver.findElementByName(DefaultGenericMobileDriver.java:104)
	at io.appium.java_client.AppiumDriver.findElementByName(AppiumDriver.java:1)
	at io.appium.java_client.android.AndroidDriver.findElementByName(AndroidDriver.java:1)
	at org.openqa.selenium.By$ByName.findElement(By.java:303)
	at org.openqa.selenium.remote.RemoteWebDriver.findElement(RemoteWebDriver.java:355)
	at io.appium.java_client.DefaultGenericMobileDriver.findElement(DefaultGenericMobileDriver.java:52)
	at io.appium.java_client.AppiumDriver.findElement(AppiumDriver.java:1)
	at io.appium.java_client.android.AndroidDriver.findElement(AndroidDriver.java:1)
	at com.loylty.mobileautomation.idbi.po.Idbi_Movie.select_category(Idbi_Movie.java:239)
	at com.loylty.mobileautomation.flow.FlowMovie.MovieBooking(FlowMovie.java:85)
	at com.loylty.mobileautomation.testcases.Idbi_Test.moviebooking_IDBI(Idbi_Test.java:185)
	at com.loylty.automationframework.TestRunner.main(TestRunner.java:116)
	at org.codehaus.mojo.exec.ExecJavaMojo$1.run(ExecJavaMojo.java:294)
	at java.lang.Thread.run(Thread.java:745)
... Removed 29 stack frames</pre></div><a href='#' onClick='toggleBox("stack-trace910178363", this, "Click to show all stack frames", "Click to hide stack frames")'>Click to show all stack frames</a>
<div class='stack-trace' id='stack-trace910178363'><pre>org.openqa.selenium.NoSuchElementException: An element could not be located on the page using the given search parameters. (WARNING: The server did not provide any stacktrace information)
Command duration or timeout: 26.01 seconds
For documentation on this error, please visit: http://seleniumhq.org/exceptions/no_such_element.html
Build info: version: &apos;2.53.1&apos;, revision: &apos;a36b8b1cd5757287168e54b817830adce9b0158d&apos;, time: &apos;2016-06-30 19:26:09&apos;
System info: host: &apos;BiswaranjanD-PC&apos;, ip: &apos;192.168.102.105&apos;, os.name: &apos;Windows 10&apos;, os.arch: &apos;amd64&apos;, os.version: &apos;10.0&apos;, java.version: &apos;1.8.0_121&apos;
Driver info: io.appium.java_client.android.AndroidDriver
Capabilities [{app=C:\LR_MOBILE\app-idbi-debug.apk, networkConnectionEnabled=true, automatioNname=appium, warnings={}, apppackage=com.boistarrewardz-1.apk, databaseEnabled=false, deviceName=0bf06532, platform=LINUX, desired={app=C:\LR_MOBILE\app-idbi-debug.apk, automatioNname=appium, appactivity=com.rewardz.SplashScreen, apppackage=com.boistarrewardz-1.apk, platformName=Android, platformversion=5.1.1, deviceName=0bf06532}, appactivity=com.rewardz.SplashScreen, platformVersion=4.4.2, webStorageEnabled=false, locationContextEnabled=false, browserName=Android, takesScreenshot=true, javascriptEnabled=true, platformName=Android, platformversion=5.1.1}]
Session ID: b5d8a614-0fd0-4e08-accd-b6f13d091fba
*** Element info: {Using=name, value=GOLD}
	at sun.reflect.NativeConstructorAccessorImpl.newInstance0(Native Method)
	at sun.reflect.NativeConstructorAccessorImpl.newInstance(NativeConstructorAccessorImpl.java:62)
	at sun.reflect.DelegatingConstructorAccessorImpl.newInstance(DelegatingConstructorAccessorImpl.java:45)
	at java.lang.reflect.Constructor.newInstance(Constructor.java:423)
	at org.openqa.selenium.remote.ErrorHandler.createThrowable(ErrorHandler.java:206)
	at org.openqa.selenium.remote.ErrorHandler.throwIfResponseFailed(ErrorHandler.java:158)
	at org.openqa.selenium.remote.RemoteWebDriver.execute(RemoteWebDriver.java:678)
	at io.appium.java_client.DefaultGenericMobileDriver.execute(DefaultGenericMobileDriver.java:40)
	at io.appium.java_client.AppiumDriver.execute(AppiumDriver.java:1)
	at io.appium.java_client.android.AndroidDriver.execute(AndroidDriver.java:1)
	at org.openqa.selenium.remote.RemoteWebDriver.findElement(RemoteWebDriver.java:363)
	at io.appium.java_client.DefaultGenericMobileDriver.findElement(DefaultGenericMobileDriver.java:56)
	at io.appium.java_client.AppiumDriver.findElement(AppiumDriver.java:1)
	at io.appium.java_client.android.AndroidDriver.findElement(AndroidDriver.java:1)
	at org.openqa.selenium.remote.RemoteWebDriver.findElementByName(RemoteWebDriver.java:461)
	at io.appium.java_client.DefaultGenericMobileDriver.findElementByName(DefaultGenericMobileDriver.java:104)
	at io.appium.java_client.AppiumDriver.findElementByName(AppiumDriver.java:1)
	at io.appium.java_client.android.AndroidDriver.findElementByName(AndroidDriver.java:1)
	at org.openqa.selenium.By$ByName.findElement(By.java:303)
	at org.openqa.selenium.remote.RemoteWebDriver.findElement(RemoteWebDriver.java:355)
	at io.appium.java_client.DefaultGenericMobileDriver.findElement(DefaultGenericMobileDriver.java:52)
	at io.appium.java_client.AppiumDriver.findElement(AppiumDriver.java:1)
	at io.appium.java_client.android.AndroidDriver.findElement(AndroidDriver.java:1)
	at com.loylty.mobileautomation.idbi.po.Idbi_Movie.select_category(Idbi_Movie.java:239)
	at com.loylty.mobileautomation.flow.FlowMovie.MovieBooking(FlowMovie.java:85)
	at com.loylty.mobileautomation.testcases.Idbi_Test.moviebooking_IDBI(Idbi_Test.java:185)
	at sun.reflect.NativeMethodAccessorImpl.invoke0(Native Method)
	at sun.reflect.NativeMethodAccessorImpl.invoke(NativeMethodAccessorImpl.java:62)
	at sun.reflect.DelegatingMethodAccessorImpl.invoke(DelegatingMethodAccessorImpl.java:43)
	at java.lang.reflect.Method.invoke(Method.java:498)
	at org.testng.internal.MethodInvocationHelper.invokeMethod(MethodInvocationHelper.java:86)
	at org.testng.internal.Invoker.invokeMethod(Invoker.java:643)
	at org.testng.internal.Invoker.invokeTestMethod(Invoker.java:820)
	at org.testng.internal.Invoker.invokeTestMethods(Invoker.java:1128)
	at org.testng.internal.TestMethodWorker.invokeTestMethods(TestMethodWorker.java:129)
	at org.testng.internal.TestMethodWorker.run(TestMethodWorker.java:112)
	at org.testng.TestRunner.privateRun(TestRunner.java:782)
	at org.testng.TestRunner.run(TestRunner.java:632)
	at org.testng.SuiteRunner.runTest(SuiteRunner.java:366)
	at org.testng.SuiteRunner.runSequentially(SuiteRunner.java:361)
	at org.testng.SuiteRunner.privateRun(SuiteRunner.java:319)
	at org.testng.SuiteRunner.run(SuiteRunner.java:268)
	at org.testng.SuiteRunnerWorker.runSuite(SuiteRunnerWorker.java:52)
	at org.testng.SuiteRunnerWorker.run(SuiteRunnerWorker.java:86)
	at org.testng.TestNG.runSuitesSequentially(TestNG.java:1244)
	at org.testng.TestNG.runSuitesLocally(TestNG.java:1169)
	at org.testng.TestNG.run(TestNG.java:1064)
	at com.loylty.automationframework.TestRunner.main(TestRunner.java:116)
	at sun.reflect.NativeMethodAccessorImpl.invoke0(Native Method)
	at sun.reflect.NativeMethodAccessorImpl.invoke(NativeMethodAccessorImpl.java:62)
	at sun.reflect.DelegatingMethodAccessorImpl.invoke(DelegatingMethodAccessorImpl.java:43)
	at java.lang.reflect.Method.invoke(Method.java:498)
	at org.codehaus.mojo.exec.ExecJavaMojo$1.run(ExecJavaMojo.java:294)
	at java.lang.Thread.run(Thread.java:745)
</pre></div></td>
<td>133</td>
<td>com.loylty.mobileautomation.testcases.Idbi_Test@71d481fd</td></tr>
<tr>
<td title='com.loylty.mobileautomation.testcases.Union_Test.moviebooking_UNION()'><b>moviebooking_UNION</b><br>Test class: com.loylty.mobileautomation.testcases.Union_Test<br>Parameters: Mumbai, G-Force, Sat
14 Oct,  Andheri_Movies, 09:00, GOLD, 3</td>
<td><div><pre>org.openqa.selenium.WebDriverException: An unknown server-side error occurred while processing the command. (WARNING: The server did not provide any stacktrace information)
Command duration or timeout: 2.03 seconds
Build info: version: &apos;2.53.1&apos;, revision: &apos;a36b8b1cd5757287168e54b817830adce9b0158d&apos;, time: &apos;2016-06-30 19:26:09&apos;
System info: host: &apos;BiswaranjanD-PC&apos;, ip: &apos;192.168.102.105&apos;, os.name: &apos;Windows 10&apos;, os.arch: &apos;amd64&apos;, os.version: &apos;10.0&apos;, java.version: &apos;1.8.0_121&apos;
Driver info: io.appium.java_client.android.AndroidDriver
Capabilities [{app=C:\LR_MOBILE\Union QA 1.2.4.apk, networkConnectionEnabled=true, automatioNname=appium, warnings={}, apppackage=com.unionrewardz-1.apk, databaseEnabled=false, deviceName=0bf06532, platform=LINUX, desired={app=C:\LR_MOBILE\Union QA 1.2.4.apk, automatioNname=appium, appactivity=com.rewardz.SplashScreen, apppackage=com.unionrewardz-1.apk, platformName=Android, platformversion=5.1.1, deviceName=0bf06532}, appactivity=com.rewardz.SplashScreen, platformVersion=4.4.2, webStorageEnabled=false, locationContextEnabled=false, browserName=Android, takesScreenshot=true, javascriptEnabled=true, platformName=Android, platformversion=5.1.1}]
Session ID: 07ce64ed-51f8-4d92-a80a-c451302957bc
	at org.openqa.selenium.remote.ErrorHandler.createThrowable(ErrorHandler.java:206)
	at org.openqa.selenium.remote.ErrorHandler.throwIfResponseFailed(ErrorHandler.java:158)
	at org.openqa.selenium.remote.RemoteWebDriver.execute(RemoteWebDriver.java:678)
	at io.appium.java_client.DefaultGenericMobileDriver.execute(DefaultGenericMobileDriver.java:40)
	at io.appium.java_client.AppiumDriver.execute(AppiumDriver.java:1)
	at io.appium.java_client.android.AndroidDriver.execute(AndroidDriver.java:1)
	at io.appium.java_client.AppiumDriver.performTouchAction(AppiumDriver.java:336)
	at io.appium.java_client.MultiTouchAction.perform(MultiTouchAction.java:71)
	at io.appium.java_client.AppiumDriver.tap(AppiumDriver.java:374)
	at com.loylty.mobileautomation.union.po.Union_Movie.select_seat_layout(Union_Movie.java:282)
	at com.loylty.mobileautomation.flow.FlowMovie.MovieBooking(FlowMovie.java:94)
	at com.loylty.mobileautomation.testcases.Union_Test.moviebooking_UNION(Union_Test.java:187)
	at com.loylty.automationframework.TestRunner.main(TestRunner.java:116)
	at org.codehaus.mojo.exec.ExecJavaMojo$1.run(ExecJavaMojo.java:294)
	at java.lang.Thread.run(Thread.java:745)
... Removed 29 stack frames</pre></div><a href='#' onClick='toggleBox("stack-trace324016942", this, "Click to show all stack frames", "Click to hide stack frames")'>Click to show all stack frames</a>
<div class='stack-trace' id='stack-trace324016942'><pre>org.openqa.selenium.WebDriverException: An unknown server-side error occurred while processing the command. (WARNING: The server did not provide any stacktrace information)
Command duration or timeout: 2.03 seconds
Build info: version: &apos;2.53.1&apos;, revision: &apos;a36b8b1cd5757287168e54b817830adce9b0158d&apos;, time: &apos;2016-06-30 19:26:09&apos;
System info: host: &apos;BiswaranjanD-PC&apos;, ip: &apos;192.168.102.105&apos;, os.name: &apos;Windows 10&apos;, os.arch: &apos;amd64&apos;, os.version: &apos;10.0&apos;, java.version: &apos;1.8.0_121&apos;
Driver info: io.appium.java_client.android.AndroidDriver
Capabilities [{app=C:\LR_MOBILE\Union QA 1.2.4.apk, networkConnectionEnabled=true, automatioNname=appium, warnings={}, apppackage=com.unionrewardz-1.apk, databaseEnabled=false, deviceName=0bf06532, platform=LINUX, desired={app=C:\LR_MOBILE\Union QA 1.2.4.apk, automatioNname=appium, appactivity=com.rewardz.SplashScreen, apppackage=com.unionrewardz-1.apk, platformName=Android, platformversion=5.1.1, deviceName=0bf06532}, appactivity=com.rewardz.SplashScreen, platformVersion=4.4.2, webStorageEnabled=false, locationContextEnabled=false, browserName=Android, takesScreenshot=true, javascriptEnabled=true, platformName=Android, platformversion=5.1.1}]
Session ID: 07ce64ed-51f8-4d92-a80a-c451302957bc
	at sun.reflect.NativeConstructorAccessorImpl.newInstance0(Native Method)
	at sun.reflect.NativeConstructorAccessorImpl.newInstance(NativeConstructorAccessorImpl.java:62)
	at sun.reflect.DelegatingConstructorAccessorImpl.newInstance(DelegatingConstructorAccessorImpl.java:45)
	at java.lang.reflect.Constructor.newInstance(Constructor.java:423)
	at org.openqa.selenium.remote.ErrorHandler.createThrowable(ErrorHandler.java:206)
	at org.openqa.selenium.remote.ErrorHandler.throwIfResponseFailed(ErrorHandler.java:158)
	at org.openqa.selenium.remote.RemoteWebDriver.execute(RemoteWebDriver.java:678)
	at io.appium.java_client.DefaultGenericMobileDriver.execute(DefaultGenericMobileDriver.java:40)
	at io.appium.java_client.AppiumDriver.execute(AppiumDriver.java:1)
	at io.appium.java_client.android.AndroidDriver.execute(AndroidDriver.java:1)
	at io.appium.java_client.AppiumDriver.performTouchAction(AppiumDriver.java:336)
	at io.appium.java_client.MultiTouchAction.perform(MultiTouchAction.java:71)
	at io.appium.java_client.AppiumDriver.tap(AppiumDriver.java:374)
	at com.loylty.mobileautomation.union.po.Union_Movie.select_seat_layout(Union_Movie.java:282)
	at com.loylty.mobileautomation.flow.FlowMovie.MovieBooking(FlowMovie.java:94)
	at com.loylty.mobileautomation.testcases.Union_Test.moviebooking_UNION(Union_Test.java:187)
	at sun.reflect.NativeMethodAccessorImpl.invoke0(Native Method)
	at sun.reflect.NativeMethodAccessorImpl.invoke(NativeMethodAccessorImpl.java:62)
	at sun.reflect.DelegatingMethodAccessorImpl.invoke(DelegatingMethodAccessorImpl.java:43)
	at java.lang.reflect.Method.invoke(Method.java:498)
	at org.testng.internal.MethodInvocationHelper.invokeMethod(MethodInvocationHelper.java:86)
	at org.testng.internal.Invoker.invokeMethod(Invoker.java:643)
	at org.testng.internal.Invoker.invokeTestMethod(Invoker.java:820)
	at org.testng.internal.Invoker.invokeTestMethods(Invoker.java:1128)
	at org.testng.internal.TestMethodWorker.invokeTestMethods(TestMethodWorker.java:129)
	at org.testng.internal.TestMethodWorker.run(TestMethodWorker.java:112)
	at org.testng.TestRunner.privateRun(TestRunner.java:782)
	at org.testng.TestRunner.run(TestRunner.java:632)
	at org.testng.SuiteRunner.runTest(SuiteRunner.java:366)
	at org.testng.SuiteRunner.runSequentially(SuiteRunner.java:361)
	at org.testng.SuiteRunner.privateRun(SuiteRunner.java:319)
	at org.testng.SuiteRunner.run(SuiteRunner.java:268)
	at org.testng.SuiteRunnerWorker.runSuite(SuiteRunnerWorker.java:52)
	at org.testng.SuiteRunnerWorker.run(SuiteRunnerWorker.java:86)
	at org.testng.TestNG.runSuitesSequentially(TestNG.java:1244)
	at org.testng.TestNG.runSuitesLocally(TestNG.java:1169)
	at org.testng.TestNG.run(TestNG.java:1064)
	at com.loylty.automationframework.TestRunner.main(TestRunner.java:116)
	at sun.reflect.NativeMethodAccessorImpl.invoke0(Native Method)
	at sun.reflect.NativeMethodAccessorImpl.invoke(NativeMethodAccessorImpl.java:62)
	at sun.reflect.DelegatingMethodAccessorImpl.invoke(DelegatingMethodAccessorImpl.java:43)
	at java.lang.reflect.Method.invoke(Method.java:498)
	at org.codehaus.mojo.exec.ExecJavaMojo$1.run(ExecJavaMojo.java:294)
	at java.lang.Thread.run(Thread.java:745)
</pre></div></td>
<td>109</td>
<td>com.loylty.mobileautomation.testcases.Union_Test@574010d5</td></tr>
</table><p>
<table width='100%' border='1' class='invocation-passed'>
<tr><td colspan='4' align='center'><b>PASSED TESTS</b></td></tr>
<tr><td><b>Test method</b></td>
<td width="30%"><b>Exception</b></td>
<td width="10%"><b>Time (seconds)</b></td>
<td><b>Instance</b></td>
</tr>
<tr>
<td title='com.loylty.mobileautomation.testcases.Boi_Test.moviebooking_BOI()'><b>moviebooking_BOI</b><br>Test class: com.loylty.mobileautomation.testcases.Boi_Test<br>Parameters: Mumbai, G-Force, Sat
14 Oct,  Andheri_Movies, 09:00, GOLD, 3</td>
<td></td>
<td>109</td>
<td>com.loylty.mobileautomation.testcases.Boi_Test@4cfebaa3</td></tr>
<tr>
<td title='com.loylty.mobileautomation.testcases.Tmb_Test.moviebooking_TMB()'><b>moviebooking_TMB</b><br>Test class: com.loylty.mobileautomation.testcases.Tmb_Test<br>Parameters: Mumbai, G-Force, Sat
14 Oct,  Andheri_Movies, 09:00, GOLD, 3</td>
<td></td>
<td>107</td>
<td>com.loylty.mobileautomation.testcases.Tmb_Test@56bf116d</td></tr>
</table><p>
</body>
</html>