<?xml version="1.0" encoding="UTF-8"?>
<!-- Generated by org.testng.reporters.JUnitXMLReporter -->
<testsuite hostname="BiswaranjanD-PC" name="Command line test a8190166-e84e-4d28-bdcd-e8212d7f3299" tests="2" failures="1" timestamp="21 Jul 2017 12:23:36 GMT" time="192.731" errors="0">
  <testcase name="recharge" time="99.538" classname="com.loylty.mobileautomation.testcases.Bom_Test">
    <failure type="java.lang.AssertionError" message="expected [true] but found [false]">
      <![CDATA[java.lang.AssertionError: expected [true] but found [false]
	at com.loylty.mobileautomation.testcases.Bom_Test.recharge(Bom_Test.java:98)
	at com.loylty.automationframework.TestRunner.main(TestRunner.java:121)
... Removed 25 stack frames]]>
    </failure>
  </testcase> <!-- recharge -->
  <testcase name="verify_humberger" time="59.999" classname="com.loylty.mobileautomation.testcases.Bom_Test"/>
</testsuite> <!-- Command line test a8190166-e84e-4d28-bdcd-e8212d7f3299 -->
