<?xml version="1.0" encoding="UTF-8"?>
<!-- Generated by org.testng.reporters.JUnitXMLReporter -->
<testsuite hostname="BiswaranjanD-PC" name="Command line test 7e25e0f8-8e30-41ce-a282-1aefd5321837" tests="13" failures="2" timestamp="12 Feb 2018 05:43:59 GMT" time="2107.618" errors="0">
  <testcase name="campaignCheckPromocode" time="310.004" classname="com.loylty.mobileautomation.campaign.Campaign_Test"/>
  <testcase name="campaignCheckSmsScheduling" time="420.003" classname="com.loylty.mobileautomation.campaign.Campaign_Test">
    <failure type="java.lang.NullPointerException">
      <![CDATA[java.lang.NullPointerException
	at com.loylty.mobileautomation.campaign.Campaign_po.click_on_sms_toSchedule(Campaign_po.java:799)
	at com.loylty.mobileautomation.campaign.CampaignFlow.campaignCheckSmsScheduling(CampaignFlow.java:254)
	at com.loylty.mobileautomation.campaign.Campaign_Test.campaignCheckSmsScheduling(Campaign_Test.java:323)
	at com.loylty.automationframework.TestRunner.main(TestRunner.java:116)
	at org.codehaus.mojo.exec.ExecJavaMojo$1.run(ExecJavaMojo.java:294)
	at java.lang.Thread.run(Thread.java:745)
... Removed 25 stack frames]]>
    </failure>
  </testcase> <!-- campaignCheckSmsScheduling -->
  <testcase name="campaignCheckThirdsms" time="275.335" classname="com.loylty.mobileautomation.campaign.Campaign_Test"/>
  <testcase name="campaignWithoneEligibleStore" time="159.759" classname="com.loylty.mobileautomation.campaign.Campaign_Test"/>
  <testcase name="campaignWithoutAgeGender" time="162.527" classname="com.loylty.mobileautomation.campaign.Campaign_Test"/>
  <testcase name="campaignWithoutEligibleStore" time="158.241" classname="com.loylty.mobileautomation.campaign.Campaign_Test"/>
  <testcase name="campaignWithoutGPS" time="75.99" classname="com.loylty.mobileautomation.campaign.Campaign_Test"/>
  <testcase name="campaignWithoutSubcategoryStore" time="155.511" classname="com.loylty.mobileautomation.campaign.Campaign_Test"/>
  <testcase name="campaignWithoutsmsScript" time="182.121" classname="com.loylty.mobileautomation.campaign.Campaign_Test"/>
  <testcase name="checkCSpanelApprovecampaigns" time="14.555" classname="com.loylty.mobileautomation.campaign.Campaign_Test"/>
  <testcase name="checkCSpanelAutoschedule" time="19.483" classname="com.loylty.mobileautomation.campaign.Campaign_Test"/>
  <testcase name="checkCSpanelDashboard" time="17.586" classname="com.loylty.mobileautomation.campaign.Campaign_Test"/>
  <testcase name="checkcampaignHistory" time="118.391" classname="com.loylty.mobileautomation.campaign.Campaign_Test">
    <failure type="java.lang.NullPointerException">
      <![CDATA[java.lang.NullPointerException
	at com.loylty.mobileautomation.campaign.CampaignLogin_po.enter_Password(CampaignLogin_po.java:177)
	at com.loylty.mobileautomation.campaign.CampaignFlow.login(CampaignFlow.java:58)
	at com.loylty.mobileautomation.campaign.Campaign_Test.checkcampaignHistory(Campaign_Test.java:348)
	at com.loylty.automationframework.TestRunner.main(TestRunner.java:116)
	at org.codehaus.mojo.exec.ExecJavaMojo$1.run(ExecJavaMojo.java:294)
	at java.lang.Thread.run(Thread.java:745)
... Removed 25 stack frames]]>
    </failure>
  </testcase> <!-- checkcampaignHistory -->
</testsuite> <!-- Command line test 7e25e0f8-8e30-41ce-a282-1aefd5321837 -->
