<html>
<head>
<title>TestNG:  Command line test 1b540178-4161-48a6-95fc-e76fa96cf855</title>
<link href="../testng.css" rel="stylesheet" type="text/css" />
<link href="../my-testng.css" rel="stylesheet" type="text/css" />

<style type="text/css">
.log { display: none;} 
.stack-trace { display: none;} 
</style>
<script type="text/javascript">
<!--
function flip(e) {
  current = e.style.display;
  if (current == 'block') {
    e.style.display = 'none';
    return 0;
  }
  else {
    e.style.display = 'block';
    return 1;
  }
}

function toggleBox(szDivId, elem, msg1, msg2)
{
  var res = -1;  if (document.getElementById) {
    res = flip(document.getElementById(szDivId));
  }
  else if (document.all) {
    // this is the way old msie versions work
    res = flip(document.all[szDivId]);
  }
  if(elem) {
    if(res == 0) elem.innerHTML = msg1; else elem.innerHTML = msg2;
  }

}

function toggleAllBoxes() {
  if (document.getElementsByTagName) {
    d = document.getElementsByTagName('div');
    for (i = 0; i < d.length; i++) {
      if (d[i].className == 'log') {
        flip(d[i]);
      }
    }
  }
}

// -->
</script>

</head>
<body>
<h2 align='center'>Command line test 1b540178-4161-48a6-95fc-e76fa96cf855</h2><table border='1' align="center">
<tr>
<td>Tests passed/Failed/Skipped:</td><td>0/1/2</td>
</tr><tr>
<td>Started on:</td><td>Mon Jul 24 10:56:18 IST 2017</td>
</tr>
<tr><td>Total time:</td><td>180 seconds (180793 ms)</td>
</tr><tr>
<td>Included groups:</td><td></td>
</tr><tr>
<td>Excluded groups:</td><td></td>
</tr>
</table><p/>
<small><i>(Hover the method name to see the test class name)</i></small><p/>
<table width='100%' border='1' class='invocation-failed'>
<tr><td colspan='4' align='center'><b>FAILED CONFIGURATIONS</b></td></tr>
<tr><td><b>Test method</b></td>
<td width="30%"><b>Exception</b></td>
<td width="10%"><b>Time (seconds)</b></td>
<td><b>Instance</b></td>
</tr>
<tr>
<td title='com.loylty.mobileautomation.testcases.Bom_Test.getResult()'><b>getResult</b><br>Test class: com.loylty.mobileautomation.testcases.Bom_Test<br>Parameters: [TestResult name=recharge status=FAILURE method=Bom_Test.recharge(java.lang.String, java.lang.String)[pri:0, instance:com.loylty.mobileautomation.testcases.Bom_Test@1a7008e0] output={null}]</td>
<td><div><pre>java.lang.NullPointerException
	at com.loylty.automationframework.common.TestClassUtil.getResult(TestClassUtil.java:117)
	at com.loylty.automationframework.TestRunner.main(TestRunner.java:121)
	at org.codehaus.mojo.exec.ExecJavaMojo$1.run(ExecJavaMojo.java:294)
	at java.lang.Thread.run(Thread.java:745)
... Removed 27 stack frames</pre></div><a href='#' onClick='toggleBox("stack-trace630368536", this, "Click to show all stack frames", "Click to hide stack frames")'>Click to show all stack frames</a>
<div class='stack-trace' id='stack-trace630368536'><pre>java.lang.NullPointerException
	at com.loylty.automationframework.common.TestClassUtil.getResult(TestClassUtil.java:117)
	at sun.reflect.NativeMethodAccessorImpl.invoke0(Native Method)
	at sun.reflect.NativeMethodAccessorImpl.invoke(NativeMethodAccessorImpl.java:62)
	at sun.reflect.DelegatingMethodAccessorImpl.invoke(DelegatingMethodAccessorImpl.java:43)
	at java.lang.reflect.Method.invoke(Method.java:498)
	at org.testng.internal.MethodInvocationHelper.invokeMethod(MethodInvocationHelper.java:86)
	at org.testng.internal.Invoker.invokeConfigurationMethod(Invoker.java:514)
	at org.testng.internal.Invoker.invokeConfigurations(Invoker.java:215)
	at org.testng.internal.Invoker.invokeMethod(Invoker.java:707)
	at org.testng.internal.Invoker.invokeTestMethod(Invoker.java:820)
	at org.testng.internal.Invoker.invokeTestMethods(Invoker.java:1128)
	at org.testng.internal.TestMethodWorker.invokeTestMethods(TestMethodWorker.java:129)
	at org.testng.internal.TestMethodWorker.run(TestMethodWorker.java:112)
	at org.testng.TestRunner.privateRun(TestRunner.java:782)
	at org.testng.TestRunner.run(TestRunner.java:632)
	at org.testng.SuiteRunner.runTest(SuiteRunner.java:366)
	at org.testng.SuiteRunner.runSequentially(SuiteRunner.java:361)
	at org.testng.SuiteRunner.privateRun(SuiteRunner.java:319)
	at org.testng.SuiteRunner.run(SuiteRunner.java:268)
	at org.testng.SuiteRunnerWorker.runSuite(SuiteRunnerWorker.java:52)
	at org.testng.SuiteRunnerWorker.run(SuiteRunnerWorker.java:86)
	at org.testng.TestNG.runSuitesSequentially(TestNG.java:1244)
	at org.testng.TestNG.runSuitesLocally(TestNG.java:1169)
	at org.testng.TestNG.run(TestNG.java:1064)
	at com.loylty.automationframework.TestRunner.main(TestRunner.java:121)
	at sun.reflect.NativeMethodAccessorImpl.invoke0(Native Method)
	at sun.reflect.NativeMethodAccessorImpl.invoke(NativeMethodAccessorImpl.java:62)
	at sun.reflect.DelegatingMethodAccessorImpl.invoke(DelegatingMethodAccessorImpl.java:43)
	at java.lang.reflect.Method.invoke(Method.java:498)
	at org.codehaus.mojo.exec.ExecJavaMojo$1.run(ExecJavaMojo.java:294)
	at java.lang.Thread.run(Thread.java:745)
</pre></div></td>
<td>0</td>
<td>com.loylty.mobileautomation.testcases.Bom_Test@1a7008e0</td></tr>
</table><p>
<table width='100%' border='1' class='invocation-skipped'>
<tr><td colspan='4' align='center'><b>SKIPPED CONFIGURATIONS</b></td></tr>
<tr><td><b>Test method</b></td>
<td width="30%"><b>Exception</b></td>
<td width="10%"><b>Time (seconds)</b></td>
<td><b>Instance</b></td>
</tr>
<tr>
<td title='com.loylty.mobileautomation.testcases.Bom_Test.setup()'><b>setup</b><br>Test class: com.loylty.mobileautomation.testcases.Bom_Test</td>
<td></td>
<td>0</td>
<td>com.loylty.mobileautomation.testcases.Bom_Test@1a7008e0</td></tr>
<tr>
<td title='com.loylty.mobileautomation.testcases.Tmb_Test.setup()'><b>setup</b><br>Test class: com.loylty.mobileautomation.testcases.Tmb_Test</td>
<td></td>
<td>0</td>
<td>com.loylty.mobileautomation.testcases.Tmb_Test@8877a94</td></tr>
<tr>
<td title='com.loylty.mobileautomation.testcases.Bom_Test.teardown()'><b>teardown</b><br>Test class: com.loylty.mobileautomation.testcases.Bom_Test</td>
<td></td>
<td>0</td>
<td>com.loylty.mobileautomation.testcases.Bom_Test@1a7008e0</td></tr>
<tr>
<td title='com.loylty.mobileautomation.testcases.Bom_Test.getResult()'><b>getResult</b><br>Test class: com.loylty.mobileautomation.testcases.Bom_Test</td>
<td></td>
<td>0</td>
<td>com.loylty.mobileautomation.testcases.Bom_Test@1a7008e0</td></tr>
<tr>
<td title='com.loylty.mobileautomation.testcases.Tmb_Test.teaardown()'><b>teaardown</b><br>Test class: com.loylty.mobileautomation.testcases.Tmb_Test</td>
<td></td>
<td>0</td>
<td>com.loylty.mobileautomation.testcases.Tmb_Test@8877a94</td></tr>
<tr>
<td title='com.loylty.mobileautomation.testcases.Tmb_Test.getResult()'><b>getResult</b><br>Test class: com.loylty.mobileautomation.testcases.Tmb_Test</td>
<td></td>
<td>0</td>
<td>com.loylty.mobileautomation.testcases.Tmb_Test@8877a94</td></tr>
</table><p>
<table width='100%' border='1' class='invocation-failed'>
<tr><td colspan='4' align='center'><b>FAILED TESTS</b></td></tr>
<tr><td><b>Test method</b></td>
<td width="30%"><b>Exception</b></td>
<td width="10%"><b>Time (seconds)</b></td>
<td><b>Instance</b></td>
</tr>
<tr>
<td title='com.loylty.mobileautomation.testcases.Bom_Test.recharge()'><b>recharge</b><br>Test class: com.loylty.mobileautomation.testcases.Bom_Test<br>Parameters: 9096413181, 30</td>
<td><div><pre>java.lang.AssertionError: expected [true] but found [false]
	at com.loylty.mobileautomation.testcases.Bom_Test.recharge(Bom_Test.java:101)
	at com.loylty.automationframework.TestRunner.main(TestRunner.java:121)
	at org.codehaus.mojo.exec.ExecJavaMojo$1.run(ExecJavaMojo.java:294)
	at java.lang.Thread.run(Thread.java:745)
... Removed 29 stack frames</pre></div><a href='#' onClick='toggleBox("stack-trace570980005", this, "Click to show all stack frames", "Click to hide stack frames")'>Click to show all stack frames</a>
<div class='stack-trace' id='stack-trace570980005'><pre>java.lang.AssertionError: expected [true] but found [false]
	at org.testng.Assert.fail(Assert.java:94)
	at org.testng.Assert.failNotEquals(Assert.java:513)
	at org.testng.Assert.assertTrue(Assert.java:42)
	at org.testng.Assert.assertTrue(Assert.java:52)
	at com.loylty.mobileautomation.testcases.Bom_Test.recharge(Bom_Test.java:101)
	at sun.reflect.NativeMethodAccessorImpl.invoke0(Native Method)
	at sun.reflect.NativeMethodAccessorImpl.invoke(NativeMethodAccessorImpl.java:62)
	at sun.reflect.DelegatingMethodAccessorImpl.invoke(DelegatingMethodAccessorImpl.java:43)
	at java.lang.reflect.Method.invoke(Method.java:498)
	at org.testng.internal.MethodInvocationHelper.invokeMethod(MethodInvocationHelper.java:86)
	at org.testng.internal.Invoker.invokeMethod(Invoker.java:643)
	at org.testng.internal.Invoker.invokeTestMethod(Invoker.java:820)
	at org.testng.internal.Invoker.invokeTestMethods(Invoker.java:1128)
	at org.testng.internal.TestMethodWorker.invokeTestMethods(TestMethodWorker.java:129)
	at org.testng.internal.TestMethodWorker.run(TestMethodWorker.java:112)
	at org.testng.TestRunner.privateRun(TestRunner.java:782)
	at org.testng.TestRunner.run(TestRunner.java:632)
	at org.testng.SuiteRunner.runTest(SuiteRunner.java:366)
	at org.testng.SuiteRunner.runSequentially(SuiteRunner.java:361)
	at org.testng.SuiteRunner.privateRun(SuiteRunner.java:319)
	at org.testng.SuiteRunner.run(SuiteRunner.java:268)
	at org.testng.SuiteRunnerWorker.runSuite(SuiteRunnerWorker.java:52)
	at org.testng.SuiteRunnerWorker.run(SuiteRunnerWorker.java:86)
	at org.testng.TestNG.runSuitesSequentially(TestNG.java:1244)
	at org.testng.TestNG.runSuitesLocally(TestNG.java:1169)
	at org.testng.TestNG.run(TestNG.java:1064)
	at com.loylty.automationframework.TestRunner.main(TestRunner.java:121)
	at sun.reflect.NativeMethodAccessorImpl.invoke0(Native Method)
	at sun.reflect.NativeMethodAccessorImpl.invoke(NativeMethodAccessorImpl.java:62)
	at sun.reflect.DelegatingMethodAccessorImpl.invoke(DelegatingMethodAccessorImpl.java:43)
	at java.lang.reflect.Method.invoke(Method.java:498)
	at org.codehaus.mojo.exec.ExecJavaMojo$1.run(ExecJavaMojo.java:294)
	at java.lang.Thread.run(Thread.java:745)
</pre></div></td>
<td>149</td>
<td>com.loylty.mobileautomation.testcases.Bom_Test@1a7008e0</td></tr>
</table><p>
<table width='100%' border='1' class='invocation-skipped'>
<tr><td colspan='4' align='center'><b>SKIPPED TESTS</b></td></tr>
<tr><td><b>Test method</b></td>
<td width="30%"><b>Exception</b></td>
<td width="10%"><b>Time (seconds)</b></td>
<td><b>Instance</b></td>
</tr>
<tr>
<td title='com.loylty.mobileautomation.testcases.Bom_Test.verify_humberger()'><b>verify_humberger</b><br>Test class: com.loylty.mobileautomation.testcases.Bom_Test<br>Parameters: 10, 20</td>
<td></td>
<td>0</td>
<td>com.loylty.mobileautomation.testcases.Bom_Test@1a7008e0</td></tr>
<tr>
<td title='com.loylty.mobileautomation.testcases.Tmb_Test.verify_humberger()'><b>verify_humberger</b><br>Test class: com.loylty.mobileautomation.testcases.Tmb_Test<br>Parameters: 10, 20</td>
<td></td>
<td>0</td>
<td>com.loylty.mobileautomation.testcases.Tmb_Test@8877a94</td></tr>
</table><p>
</body>
</html>