<?xml version="1.0" encoding="UTF-8"?>
<!-- Generated by org.testng.reporters.JUnitXMLReporter -->
<testsuite hostname="BiswaranjanD-PC" name="Command line test bf632906-a988-4658-9225-e6391309870d" tests="1" failures="1" timestamp="19 Dec 2017 11:25:56 GMT" time="248.476" errors="0">
  <testcase name="campaignCheckPromocode" time="240.067" classname="com.loylty.mobileautomation.campaign.Campaign_Test">
    <failure type="java.lang.ArrayIndexOutOfBoundsException" message="0">
      <![CDATA[java.lang.ArrayIndexOutOfBoundsException: 0
	at com.loylty.mobileautomation.campaign.CampaignFlow.CampaignCheckPromo(CampaignFlow.java:138)
	at com.loylty.mobileautomation.campaign.Campaign_Test.campaignCheckPromocode(Campaign_Test.java:257)
	at com.loylty.automationframework.TestRunner.main(TestRunner.java:116)
	at org.codehaus.mojo.exec.ExecJavaMojo$1.run(ExecJavaMojo.java:294)
	at java.lang.Thread.run(Thread.java:745)
... Removed 25 stack frames]]>
    </failure>
  </testcase> <!-- campaignCheckPromocode -->
</testsuite> <!-- Command line test bf632906-a988-4658-9225-e6391309870d -->
