<?xml version="1.0" encoding="UTF-8"?>
<!-- Generated by org.testng.reporters.JUnitXMLReporter -->
<testsuite hostname="BiswaranjanD-PC" name="Command line test 63a09caa-e951-4ddf-a7da-36571cac78ea" tests="3" failures="3" timestamp="27 Feb 2018 12:32:04 GMT" time="0.453" errors="0">
  <testcase name="method11" time="0.005" classname="com.selenium.demo.Demo2">
    <failure type="java.lang.AssertionError" message="null">
      <![CDATA[java.lang.AssertionError: null
	at com.selenium.demo.Demo2.method11(Demo2.java:18)
	at com.loylty.automationframework.TestRunner.main(TestRunner.java:123)
	at org.codehaus.mojo.exec.ExecJavaMojo$1.run(ExecJavaMojo.java:294)
	at java.lang.Thread.run(Thread.java:745)
... Removed 27 stack frames]]>
    </failure>
  </testcase> <!-- method11 -->
  <testcase name="method12" time="0.0" classname="com.selenium.demo.Demo2">
    <failure type="java.lang.AssertionError" message="null">
      <![CDATA[java.lang.AssertionError: null
	at com.selenium.demo.Demo2.method12(Demo2.java:27)
	at com.loylty.automationframework.TestRunner.main(TestRunner.java:123)
	at org.codehaus.mojo.exec.ExecJavaMojo$1.run(ExecJavaMojo.java:294)
	at java.lang.Thread.run(Thread.java:745)
... Removed 27 stack frames]]>
    </failure>
  </testcase> <!-- method12 -->
  <testcase name="method13" time="0.001" classname="com.selenium.demo.Demo2">
    <failure type="java.lang.AssertionError" message="null">
      <![CDATA[java.lang.AssertionError: null
	at com.selenium.demo.Demo2.method13(Demo2.java:36)
	at com.loylty.automationframework.TestRunner.main(TestRunner.java:123)
	at org.codehaus.mojo.exec.ExecJavaMojo$1.run(ExecJavaMojo.java:294)
	at java.lang.Thread.run(Thread.java:745)
... Removed 27 stack frames]]>
    </failure>
  </testcase> <!-- method13 -->
</testsuite> <!-- Command line test 63a09caa-e951-4ddf-a7da-36571cac78ea -->
