<?xml version="1.0" encoding="UTF-8"?>
<!-- Generated by org.testng.reporters.JUnitXMLReporter -->
<testsuite hostname="BiswaranjanD-PC" name="Command line test ceea8dc2-dfab-4cf0-b2d8-c2554aaf76df" tests="3" failures="3" timestamp="24 Jul 2017 08:12:03 GMT" time="357.109" errors="0">
  <testcase name="recharge" time="104.633" classname="com.loylty.mobileautomation.testcases.Bom_Test">
    <failure type="java.lang.AssertionError" message="expected [true] but found [false]">
      <![CDATA[java.lang.AssertionError: expected [true] but found [false]
	at com.loylty.mobileautomation.testcases.Bom_Test.recharge(Bom_Test.java:94)
	at com.loylty.automationframework.TestRunner.main(TestRunner.java:121)
	at org.codehaus.mojo.exec.ExecJavaMojo$1.run(ExecJavaMojo.java:294)
	at java.lang.Thread.run(Thread.java:745)
... Removed 29 stack frames]]>
    </failure>
  </testcase> <!-- recharge -->
  <testcase name="recharge" time="93.577" classname="com.loylty.mobileautomation.testcases.Bom_Test">
    <failure type="java.lang.AssertionError" message="expected [true] but found [false]">
      <![CDATA[java.lang.AssertionError: expected [true] but found [false]
	at com.loylty.mobileautomation.testcases.Bom_Test.recharge(Bom_Test.java:94)
	at com.loylty.automationframework.TestRunner.main(TestRunner.java:121)
	at org.codehaus.mojo.exec.ExecJavaMojo$1.run(ExecJavaMojo.java:294)
	at java.lang.Thread.run(Thread.java:745)
... Removed 29 stack frames]]>
    </failure>
  </testcase> <!-- recharge -->
  <testcase name="recharge_Guest" time="114.648" classname="com.loylty.mobileautomation.testcases.Bom_Test">
    <failure type="java.lang.AssertionError" message="expected [true] but found [false]">
      <![CDATA[java.lang.AssertionError: expected [true] but found [false]
	at com.loylty.mobileautomation.testcases.Bom_Test.recharge_Guest(Bom_Test.java:113)
	at com.loylty.automationframework.TestRunner.main(TestRunner.java:121)
	at org.codehaus.mojo.exec.ExecJavaMojo$1.run(ExecJavaMojo.java:294)
	at java.lang.Thread.run(Thread.java:745)
... Removed 29 stack frames]]>
    </failure>
  </testcase> <!-- recharge_Guest -->
</testsuite> <!-- Command line test ceea8dc2-dfab-4cf0-b2d8-c2554aaf76df -->
