<html>
<head>
<title>TestNG:  Command line test 30721f88-7490-4dd1-823d-100cd34fe8fb</title>
<link href="../testng.css" rel="stylesheet" type="text/css" />
<link href="../my-testng.css" rel="stylesheet" type="text/css" />

<style type="text/css">
.log { display: none;} 
.stack-trace { display: none;} 
</style>
<script type="text/javascript">
<!--
function flip(e) {
  current = e.style.display;
  if (current == 'block') {
    e.style.display = 'none';
    return 0;
  }
  else {
    e.style.display = 'block';
    return 1;
  }
}

function toggleBox(szDivId, elem, msg1, msg2)
{
  var res = -1;  if (document.getElementById) {
    res = flip(document.getElementById(szDivId));
  }
  else if (document.all) {
    // this is the way old msie versions work
    res = flip(document.all[szDivId]);
  }
  if(elem) {
    if(res == 0) elem.innerHTML = msg1; else elem.innerHTML = msg2;
  }

}

function toggleAllBoxes() {
  if (document.getElementsByTagName) {
    d = document.getElementsByTagName('div');
    for (i = 0; i < d.length; i++) {
      if (d[i].className == 'log') {
        flip(d[i]);
      }
    }
  }
}

// -->
</script>

</head>
<body>
<h2 align='center'>Command line test 30721f88-7490-4dd1-823d-100cd34fe8fb</h2><table border='1' align="center">
<tr>
<td>Tests passed/Failed/Skipped:</td><td>7/3/0</td>
</tr><tr>
<td>Started on:</td><td>Mon Jan 15 11:40:11 IST 2018</td>
</tr>
<tr><td>Total time:</td><td>1961 seconds (1961033 ms)</td>
</tr><tr>
<td>Included groups:</td><td></td>
</tr><tr>
<td>Excluded groups:</td><td></td>
</tr>
</table><p/>
<small><i>(Hover the method name to see the test class name)</i></small><p/>
<table width='100%' border='1' class='invocation-failed'>
<tr><td colspan='4' align='center'><b>FAILED TESTS</b></td></tr>
<tr><td><b>Test method</b></td>
<td width="30%"><b>Exception</b></td>
<td width="10%"><b>Time (seconds)</b></td>
<td><b>Instance</b></td>
</tr>
<tr>
<td title='com.loylty.mobileautomation.testcases.CanaraTest.registration_CANARA()'><b>registration_CANARA</b><br>Test class: com.loylty.mobileautomation.testcases.CanaraTest<br>Parameters: Testyard, Pass1234, Creditcard, nickname</td>
<td><div><pre>java.lang.AssertionError: Already registerd 
	at com.loylty.mobileautomation.canara.po.Canara_Registration.enter_Otp(Canara_Registration.java:276)
	at com.loylty.mobileautomation.flow.FlowRegistration.Registration(FlowRegistration.java:707)
	at com.loylty.mobileautomation.testcases.CanaraTest.registration_CANARA(CanaraTest.java:51)
	at com.loylty.automationframework.TestRunner.main(TestRunner.java:116)
	at org.codehaus.mojo.exec.ExecJavaMojo$1.run(ExecJavaMojo.java:294)
	at java.lang.Thread.run(Thread.java:745)
... Removed 26 stack frames</pre></div><a href='#' onClick='toggleBox("stack-trace231263963", this, "Click to show all stack frames", "Click to hide stack frames")'>Click to show all stack frames</a>
<div class='stack-trace' id='stack-trace231263963'><pre>java.lang.AssertionError: Already registerd 
	at org.testng.Assert.fail(Assert.java:94)
	at com.loylty.mobileautomation.canara.po.Canara_Registration.enter_Otp(Canara_Registration.java:276)
	at com.loylty.mobileautomation.flow.FlowRegistration.Registration(FlowRegistration.java:707)
	at com.loylty.mobileautomation.testcases.CanaraTest.registration_CANARA(CanaraTest.java:51)
	at sun.reflect.NativeMethodAccessorImpl.invoke0(Native Method)
	at sun.reflect.NativeMethodAccessorImpl.invoke(NativeMethodAccessorImpl.java:62)
	at sun.reflect.DelegatingMethodAccessorImpl.invoke(DelegatingMethodAccessorImpl.java:43)
	at java.lang.reflect.Method.invoke(Method.java:498)
	at org.testng.internal.MethodInvocationHelper.invokeMethod(MethodInvocationHelper.java:86)
	at org.testng.internal.Invoker.invokeMethod(Invoker.java:643)
	at org.testng.internal.Invoker.invokeTestMethod(Invoker.java:820)
	at org.testng.internal.Invoker.invokeTestMethods(Invoker.java:1128)
	at org.testng.internal.TestMethodWorker.invokeTestMethods(TestMethodWorker.java:129)
	at org.testng.internal.TestMethodWorker.run(TestMethodWorker.java:112)
	at org.testng.TestRunner.privateRun(TestRunner.java:782)
	at org.testng.TestRunner.run(TestRunner.java:632)
	at org.testng.SuiteRunner.runTest(SuiteRunner.java:366)
	at org.testng.SuiteRunner.runSequentially(SuiteRunner.java:361)
	at org.testng.SuiteRunner.privateRun(SuiteRunner.java:319)
	at org.testng.SuiteRunner.run(SuiteRunner.java:268)
	at org.testng.SuiteRunnerWorker.runSuite(SuiteRunnerWorker.java:52)
	at org.testng.SuiteRunnerWorker.run(SuiteRunnerWorker.java:86)
	at org.testng.TestNG.runSuitesSequentially(TestNG.java:1244)
	at org.testng.TestNG.runSuitesLocally(TestNG.java:1169)
	at org.testng.TestNG.run(TestNG.java:1064)
	at com.loylty.automationframework.TestRunner.main(TestRunner.java:116)
	at sun.reflect.NativeMethodAccessorImpl.invoke0(Native Method)
	at sun.reflect.NativeMethodAccessorImpl.invoke(NativeMethodAccessorImpl.java:62)
	at sun.reflect.DelegatingMethodAccessorImpl.invoke(DelegatingMethodAccessorImpl.java:43)
	at java.lang.reflect.Method.invoke(Method.java:498)
	at org.codehaus.mojo.exec.ExecJavaMojo$1.run(ExecJavaMojo.java:294)
	at java.lang.Thread.run(Thread.java:745)
</pre></div></td>
<td>181</td>
<td>com.loylty.mobileautomation.testcases.CanaraTest@70e1482e</td></tr>
<tr>
<td title='com.loylty.mobileautomation.testcases.Lvb_Test.registration_LVB()'><b>registration_LVB</b><br>Test class: com.loylty.mobileautomation.testcases.Lvb_Test<br>Parameters: Testyard, Test12341, Customerid, nickname</td>
<td><div><pre>java.lang.AssertionError: Already registerd 
	at com.loylty.mobileautomation.lvb.po.Lvb_Registration.enter_Otp(Lvb_Registration.java:277)
	at com.loylty.mobileautomation.flow.FlowRegistration.Registration(FlowRegistration.java:531)
	at com.loylty.mobileautomation.testcases.Lvb_Test.registration_LVB(Lvb_Test.java:63)
	at com.loylty.automationframework.TestRunner.main(TestRunner.java:116)
	at org.codehaus.mojo.exec.ExecJavaMojo$1.run(ExecJavaMojo.java:294)
	at java.lang.Thread.run(Thread.java:745)
... Removed 26 stack frames</pre></div><a href='#' onClick='toggleBox("stack-trace1490139506", this, "Click to show all stack frames", "Click to hide stack frames")'>Click to show all stack frames</a>
<div class='stack-trace' id='stack-trace1490139506'><pre>java.lang.AssertionError: Already registerd 
	at org.testng.Assert.fail(Assert.java:94)
	at com.loylty.mobileautomation.lvb.po.Lvb_Registration.enter_Otp(Lvb_Registration.java:277)
	at com.loylty.mobileautomation.flow.FlowRegistration.Registration(FlowRegistration.java:531)
	at com.loylty.mobileautomation.testcases.Lvb_Test.registration_LVB(Lvb_Test.java:63)
	at sun.reflect.NativeMethodAccessorImpl.invoke0(Native Method)
	at sun.reflect.NativeMethodAccessorImpl.invoke(NativeMethodAccessorImpl.java:62)
	at sun.reflect.DelegatingMethodAccessorImpl.invoke(DelegatingMethodAccessorImpl.java:43)
	at java.lang.reflect.Method.invoke(Method.java:498)
	at org.testng.internal.MethodInvocationHelper.invokeMethod(MethodInvocationHelper.java:86)
	at org.testng.internal.Invoker.invokeMethod(Invoker.java:643)
	at org.testng.internal.Invoker.invokeTestMethod(Invoker.java:820)
	at org.testng.internal.Invoker.invokeTestMethods(Invoker.java:1128)
	at org.testng.internal.TestMethodWorker.invokeTestMethods(TestMethodWorker.java:129)
	at org.testng.internal.TestMethodWorker.run(TestMethodWorker.java:112)
	at org.testng.TestRunner.privateRun(TestRunner.java:782)
	at org.testng.TestRunner.run(TestRunner.java:632)
	at org.testng.SuiteRunner.runTest(SuiteRunner.java:366)
	at org.testng.SuiteRunner.runSequentially(SuiteRunner.java:361)
	at org.testng.SuiteRunner.privateRun(SuiteRunner.java:319)
	at org.testng.SuiteRunner.run(SuiteRunner.java:268)
	at org.testng.SuiteRunnerWorker.runSuite(SuiteRunnerWorker.java:52)
	at org.testng.SuiteRunnerWorker.run(SuiteRunnerWorker.java:86)
	at org.testng.TestNG.runSuitesSequentially(TestNG.java:1244)
	at org.testng.TestNG.runSuitesLocally(TestNG.java:1169)
	at org.testng.TestNG.run(TestNG.java:1064)
	at com.loylty.automationframework.TestRunner.main(TestRunner.java:116)
	at sun.reflect.NativeMethodAccessorImpl.invoke0(Native Method)
	at sun.reflect.NativeMethodAccessorImpl.invoke(NativeMethodAccessorImpl.java:62)
	at sun.reflect.DelegatingMethodAccessorImpl.invoke(DelegatingMethodAccessorImpl.java:43)
	at java.lang.reflect.Method.invoke(Method.java:498)
	at org.codehaus.mojo.exec.ExecJavaMojo$1.run(ExecJavaMojo.java:294)
	at java.lang.Thread.run(Thread.java:745)
</pre></div></td>
<td>189</td>
<td>com.loylty.mobileautomation.testcases.Lvb_Test@4daca823</td></tr>
<tr>
<td title='com.loylty.mobileautomation.testcases.Sib_Test.registration_SIB()'><b>registration_SIB</b><br>Test class: com.loylty.mobileautomation.testcases.Sib_Test<br>Parameters: Testyard, Pass1234, Accountno, nickname</td>
<td><div><pre>java.lang.AssertionError: Otp expired
	at com.loylty.mobileautomation.sib.po.Sib_Registration.clickon_dropdown(Sib_Registration.java:362)
	at com.loylty.mobileautomation.flow.FlowRegistration.Registration(FlowRegistration.java:773)
	at com.loylty.mobileautomation.testcases.Sib_Test.registration_SIB(Sib_Test.java:42)
	at com.loylty.automationframework.TestRunner.main(TestRunner.java:116)
	at org.codehaus.mojo.exec.ExecJavaMojo$1.run(ExecJavaMojo.java:294)
	at java.lang.Thread.run(Thread.java:745)
... Removed 26 stack frames</pre></div><a href='#' onClick='toggleBox("stack-trace347062071", this, "Click to show all stack frames", "Click to hide stack frames")'>Click to show all stack frames</a>
<div class='stack-trace' id='stack-trace347062071'><pre>java.lang.AssertionError: Otp expired
	at org.testng.Assert.fail(Assert.java:94)
	at com.loylty.mobileautomation.sib.po.Sib_Registration.clickon_dropdown(Sib_Registration.java:362)
	at com.loylty.mobileautomation.flow.FlowRegistration.Registration(FlowRegistration.java:773)
	at com.loylty.mobileautomation.testcases.Sib_Test.registration_SIB(Sib_Test.java:42)
	at sun.reflect.NativeMethodAccessorImpl.invoke0(Native Method)
	at sun.reflect.NativeMethodAccessorImpl.invoke(NativeMethodAccessorImpl.java:62)
	at sun.reflect.DelegatingMethodAccessorImpl.invoke(DelegatingMethodAccessorImpl.java:43)
	at java.lang.reflect.Method.invoke(Method.java:498)
	at org.testng.internal.MethodInvocationHelper.invokeMethod(MethodInvocationHelper.java:86)
	at org.testng.internal.Invoker.invokeMethod(Invoker.java:643)
	at org.testng.internal.Invoker.invokeTestMethod(Invoker.java:820)
	at org.testng.internal.Invoker.invokeTestMethods(Invoker.java:1128)
	at org.testng.internal.TestMethodWorker.invokeTestMethods(TestMethodWorker.java:129)
	at org.testng.internal.TestMethodWorker.run(TestMethodWorker.java:112)
	at org.testng.TestRunner.privateRun(TestRunner.java:782)
	at org.testng.TestRunner.run(TestRunner.java:632)
	at org.testng.SuiteRunner.runTest(SuiteRunner.java:366)
	at org.testng.SuiteRunner.runSequentially(SuiteRunner.java:361)
	at org.testng.SuiteRunner.privateRun(SuiteRunner.java:319)
	at org.testng.SuiteRunner.run(SuiteRunner.java:268)
	at org.testng.SuiteRunnerWorker.runSuite(SuiteRunnerWorker.java:52)
	at org.testng.SuiteRunnerWorker.run(SuiteRunnerWorker.java:86)
	at org.testng.TestNG.runSuitesSequentially(TestNG.java:1244)
	at org.testng.TestNG.runSuitesLocally(TestNG.java:1169)
	at org.testng.TestNG.run(TestNG.java:1064)
	at com.loylty.automationframework.TestRunner.main(TestRunner.java:116)
	at sun.reflect.NativeMethodAccessorImpl.invoke0(Native Method)
	at sun.reflect.NativeMethodAccessorImpl.invoke(NativeMethodAccessorImpl.java:62)
	at sun.reflect.DelegatingMethodAccessorImpl.invoke(DelegatingMethodAccessorImpl.java:43)
	at java.lang.reflect.Method.invoke(Method.java:498)
	at org.codehaus.mojo.exec.ExecJavaMojo$1.run(ExecJavaMojo.java:294)
	at java.lang.Thread.run(Thread.java:745)
</pre></div></td>
<td>231</td>
<td>com.loylty.mobileautomation.testcases.Sib_Test@4a7e82bd</td></tr>
</table><p>
<table width='100%' border='1' class='invocation-passed'>
<tr><td colspan='4' align='center'><b>PASSED TESTS</b></td></tr>
<tr><td><b>Test method</b></td>
<td width="30%"><b>Exception</b></td>
<td width="10%"><b>Time (seconds)</b></td>
<td><b>Instance</b></td>
</tr>
<tr>
<td title='com.loylty.mobileautomation.testcases.Cboi_Test.registration_CBOI()'><b>registration_CBOI</b><br>Test class: com.loylty.mobileautomation.testcases.Cboi_Test<br>Parameters: Testyard, Pass1234, Debit Card, nickname</td>
<td></td>
<td>210</td>
<td>com.loylty.mobileautomation.testcases.Cboi_Test@75790131</td></tr>
<tr>
<td title='com.loylty.mobileautomation.testcases.Cboi_Test.registration_CBOI()'><b>registration_CBOI</b><br>Test class: com.loylty.mobileautomation.testcases.Cboi_Test<br>Parameters: Testyard, Pass1234, Credit Card, nickname</td>
<td></td>
<td>180</td>
<td>com.loylty.mobileautomation.testcases.Cboi_Test@75790131</td></tr>
<tr>
<td title='com.loylty.mobileautomation.testcases.Dena_Test.registration_DENA()'><b>registration_DENA</b><br>Test class: com.loylty.mobileautomation.testcases.Dena_Test<br>Parameters: Testyard, Pass1234, Debitcard, nickname</td>
<td></td>
<td>181</td>
<td>com.loylty.mobileautomation.testcases.Dena_Test@7037ed51</td></tr>
<tr>
<td title='com.loylty.mobileautomation.testcases.Dena_Test.registration_DENA()'><b>registration_DENA</b><br>Test class: com.loylty.mobileautomation.testcases.Dena_Test<br>Parameters: Testyard, Pass1234, CustomerId, nickname</td>
<td></td>
<td>157</td>
<td>com.loylty.mobileautomation.testcases.Dena_Test@7037ed51</td></tr>
<tr>
<td title='com.loylty.mobileautomation.testcases.Kvb_Test.registration_KVB()'><b>registration_KVB</b><br>Test class: com.loylty.mobileautomation.testcases.Kvb_Test<br>Parameters: Testyard, Test12340, Debitcard, nickname</td>
<td></td>
<td>206</td>
<td>com.loylty.mobileautomation.testcases.Kvb_Test@4e3457e5</td></tr>
<tr>
<td title='com.loylty.mobileautomation.testcases.Sib_Test.registration_SIB()'><b>registration_SIB</b><br>Test class: com.loylty.mobileautomation.testcases.Sib_Test<br>Parameters: Testyard, Pass1234, Debitcard, nickname</td>
<td></td>
<td>185</td>
<td>com.loylty.mobileautomation.testcases.Sib_Test@4a7e82bd</td></tr>
<tr>
<td title='com.loylty.mobileautomation.testcases.Sib_Test.registration_SIB()'><b>registration_SIB</b><br>Test class: com.loylty.mobileautomation.testcases.Sib_Test<br>Parameters: Testyard, Pass1234, CustomerId, nickname</td>
<td></td>
<td>155</td>
<td>com.loylty.mobileautomation.testcases.Sib_Test@4a7e82bd</td></tr>
</table><p>
</body>
</html>