<?xml version="1.0" encoding="UTF-8"?>
<!-- Generated by org.testng.reporters.JUnitXMLReporter -->
<testsuite hostname="BiswaranjanD-PC" name="Command line test 252b2c28-8efe-4252-981a-1a8d9942008a" tests="14" failures="1" timestamp="22 Jan 2018 05:42:07 GMT" time="2141.105" errors="0">
  <testcase name="campaignCheckPromocode" time="247.344" classname="com.loylty.mobileautomation.campaign.Campaign_Test"/>
  <testcase name="campaignCheckSmsScheduling" time="315.982" classname="com.loylty.mobileautomation.campaign.Campaign_Test"/>
  <testcase name="campaignCheckThirdsms" time="267.534" classname="com.loylty.mobileautomation.campaign.Campaign_Test"/>
  <testcase name="campaignWithoneEligibleStore" time="140.946" classname="com.loylty.mobileautomation.campaign.Campaign_Test"/>
  <testcase name="campaignWithoutAgeGender" time="161.202" classname="com.loylty.mobileautomation.campaign.Campaign_Test"/>
  <testcase name="campaignWithoutEligibleStore" time="154.385" classname="com.loylty.mobileautomation.campaign.Campaign_Test"/>
  <testcase name="campaignWithoutGPS" time="74.699" classname="com.loylty.mobileautomation.campaign.Campaign_Test"/>
  <testcase name="campaignWithoutSubcategoryStore" time="184.413" classname="com.loylty.mobileautomation.campaign.Campaign_Test"/>
  <testcase name="campaignWithoutsmsScript" time="178.928" classname="com.loylty.mobileautomation.campaign.Campaign_Test"/>
  <testcase name="checkCSpanelApprovecampaigns" time="16.837" classname="com.loylty.mobileautomation.campaign.Campaign_Test"/>
  <testcase name="checkCSpanelAutoschedule" time="18.491" classname="com.loylty.mobileautomation.campaign.Campaign_Test"/>
  <testcase name="checkCSpanelCustomschedule" time="17.272" classname="com.loylty.mobileautomation.campaign.Campaign_Test">
    <failure type="org.openqa.selenium.InvalidElementStateException" message="invalid element state: Element is not currently interactable and may not be manipulated
  (Session info: chrome=63.0.3239.132)
  (Driver info: chromedriver=2.28.455520 (cc17746adff54984afff480136733114c6b3704b),platform=Windows NT 10.0.14393 x86_64) (WARNING: The server did not provide any stacktrace information)
Command duration or timeout: 30 milliseconds
Build info: version: &amp;apos;2.53.1&amp;apos;, revision: &amp;apos;a36b8b1cd5757287168e54b817830adce9b0158d&amp;apos;, time: &amp;apos;2016-06-30 19:26:09&amp;apos;
System info: host: &amp;apos;BiswaranjanD-PC&amp;apos;, ip: &amp;apos;192.168.136.2&amp;apos;, os.name: &amp;apos;Windows 10&amp;apos;, os.arch: &amp;apos;amd64&amp;apos;, os.version: &amp;apos;10.0&amp;apos;, java.version: &amp;apos;1.8.0_121&amp;apos;
Driver info: org.openqa.selenium.chrome.ChromeDriver
Capabilities [{applicationCacheEnabled=false, rotatable=false, mobileEmulationEnabled=false, networkConnectionEnabled=false, chrome={chromedriverVersion=2.28.455520 (cc17746adff54984afff480136733114c6b3704b), userDataDir=C:\Users\BISWAR~1\AppData\Local\Temp\scoped_dir17680_4980}, takesHeapSnapshot=true, pageLoadStrategy=normal, databaseEnabled=false, handlesAlerts=true, hasTouchScreen=false, version=63.0.3239.132, platform=XP, browserConnectionEnabled=false, nativeEvents=true, acceptSslCerts=true, locationContextEnabled=true, webStorageEnabled=true, browserName=chrome, takesScreenshot=true, javascriptEnabled=true, cssSelectorsEnabled=true, unexpectedAlertBehaviour=}]
Session ID: 786c091ebdcb544556755fd01b5c59e5">
      <![CDATA[org.openqa.selenium.InvalidElementStateException: invalid element state: Element is not currently interactable and may not be manipulated
  (Session info: chrome=63.0.3239.132)
  (Driver info: chromedriver=2.28.455520 (cc17746adff54984afff480136733114c6b3704b),platform=Windows NT 10.0.14393 x86_64) (WARNING: The server did not provide any stacktrace information)
Command duration or timeout: 30 milliseconds
Build info: version: '2.53.1', revision: 'a36b8b1cd5757287168e54b817830adce9b0158d', time: '2016-06-30 19:26:09'
System info: host: 'BiswaranjanD-PC', ip: '192.168.136.2', os.name: 'Windows 10', os.arch: 'amd64', os.version: '10.0', java.version: '1.8.0_121'
Driver info: org.openqa.selenium.chrome.ChromeDriver
Capabilities [{applicationCacheEnabled=false, rotatable=false, mobileEmulationEnabled=false, networkConnectionEnabled=false, chrome={chromedriverVersion=2.28.455520 (cc17746adff54984afff480136733114c6b3704b), userDataDir=C:\Users\BISWAR~1\AppData\Local\Temp\scoped_dir17680_4980}, takesHeapSnapshot=true, pageLoadStrategy=normal, databaseEnabled=false, handlesAlerts=true, hasTouchScreen=false, version=63.0.3239.132, platform=XP, browserConnectionEnabled=false, nativeEvents=true, acceptSslCerts=true, locationContextEnabled=true, webStorageEnabled=true, browserName=chrome, takesScreenshot=true, javascriptEnabled=true, cssSelectorsEnabled=true, unexpectedAlertBehaviour=}]
Session ID: 786c091ebdcb544556755fd01b5c59e5
	at org.openqa.selenium.remote.ErrorHandler.createThrowable(ErrorHandler.java:206)
	at org.openqa.selenium.remote.ErrorHandler.throwIfResponseFailed(ErrorHandler.java:158)
	at org.openqa.selenium.remote.RemoteWebDriver.execute(RemoteWebDriver.java:678)
	at org.openqa.selenium.remote.RemoteWebElement.execute(RemoteWebElement.java:327)
	at org.openqa.selenium.remote.RemoteWebElement.clear(RemoteWebElement.java:140)
	at org.openqa.selenium.support.pagefactory.internal.LocatingElementHandler.invoke(LocatingElementHandler.java:51)
	at com.sun.proxy.$Proxy30.clear(Unknown Source)
	at com.loylty.mobileautomation.util.DrivercCommonLib.type(DrivercCommonLib.java:166)
	at com.loylty.mobileautomation.campaign.CSPanelDashboard_po.scheduleFirstsms(CSPanelDashboard_po.java:300)
	at com.loylty.mobileautomation.campaign.CampaignFlow.check_customSchedule(CampaignFlow.java:421)
	at com.loylty.mobileautomation.campaign.Campaign_Test.checkCSpanelCustomschedule(Campaign_Test.java:411)
	at com.loylty.automationframework.TestRunner.main(TestRunner.java:116)
	at org.codehaus.mojo.exec.ExecJavaMojo$1.run(ExecJavaMojo.java:294)
	at java.lang.Thread.run(Thread.java:745)
... Removed 32 stack frames]]>
    </failure>
  </testcase> <!-- checkCSpanelCustomschedule -->
  <testcase name="checkCSpanelDashboard" time="18.608" classname="com.loylty.mobileautomation.campaign.Campaign_Test"/>
  <testcase name="checkcampaignHistory" time="307.073" classname="com.loylty.mobileautomation.campaign.Campaign_Test"/>
</testsuite> <!-- Command line test 252b2c28-8efe-4252-981a-1a8d9942008a -->
