<?xml version="1.0" encoding="UTF-8"?>
<!-- Generated by org.testng.reporters.JUnitXMLReporter -->
<testsuite hostname="BiswaranjanD-PC" name="Command line test ece47700-2f55-49e7-afba-28c9a44d224d" tests="1" failures="1" timestamp="27 Jul 2017 05:45:25 GMT" time="64.441" errors="0">
  <testcase name="payMarchant" time="59.275" classname="com.loylty.mobileautomation.testcases.Bom_Test">
    <failure type="java.lang.AssertionError" message="paymarchant unscessfull expected [true] but found [false]">
      <![CDATA[java.lang.AssertionError: paymarchant unscessfull expected [true] but found [false]
	at com.loylty.mobileautomation.testcases.Bom_Test.payMarchant(Bom_Test.java:132)
	at com.loylty.automationframework.TestRunner.main(TestRunner.java:126)
... Removed 24 stack frames]]>
    </failure>
  </testcase> <!-- payMarchant -->
</testsuite> <!-- Command line test ece47700-2f55-49e7-afba-28c9a44d224d -->
