<?xml version="1.0" encoding="UTF-8"?>
<!-- Generated by org.testng.reporters.JUnitXMLReporter -->
<testsuite hostname="BiswaranjanD-PC" name="Command line test e6186cb4-3270-4062-969b-8c4b28196978" tests="14" failures="2" timestamp="12 Jan 2018 08:34:20 GMT" time="2252.019" errors="0">
  <testcase name="campaignCheckPromocode" time="274.473" classname="com.loylty.mobileautomation.campaign.Campaign_Test"/>
  <testcase name="campaignCheckSmsScheduling" time="147.323" classname="com.loylty.mobileautomation.campaign.Campaign_Test">
    <failure type="java.lang.NullPointerException">
      <![CDATA[java.lang.NullPointerException
	at com.loylty.mobileautomation.campaign.CampaignLogin_po.enter_Password(CampaignLogin_po.java:177)
	at com.loylty.mobileautomation.campaign.CampaignFlow.login(CampaignFlow.java:58)
	at com.loylty.mobileautomation.campaign.Campaign_Test.campaignCheckSmsScheduling(Campaign_Test.java:318)
	at com.loylty.automationframework.TestRunner.main(TestRunner.java:116)
	at org.codehaus.mojo.exec.ExecJavaMojo$1.run(ExecJavaMojo.java:294)
	at java.lang.Thread.run(Thread.java:745)
... Removed 25 stack frames]]>
    </failure>
  </testcase> <!-- campaignCheckSmsScheduling -->
  <testcase name="campaignCheckThirdsms" time="294.2" classname="com.loylty.mobileautomation.campaign.Campaign_Test"/>
  <testcase name="campaignWithoneEligibleStore" time="182.818" classname="com.loylty.mobileautomation.campaign.Campaign_Test"/>
  <testcase name="campaignWithoutAgeGender" time="149.647" classname="com.loylty.mobileautomation.campaign.Campaign_Test">
    <failure type="java.lang.NullPointerException">
      <![CDATA[java.lang.NullPointerException
	at com.loylty.mobileautomation.campaign.CampaignLogin_po.enter_Password(CampaignLogin_po.java:177)
	at com.loylty.mobileautomation.campaign.CampaignFlow.login(CampaignFlow.java:58)
	at com.loylty.mobileautomation.campaign.Campaign_Test.campaignWithoutAgeGender(Campaign_Test.java:205)
	at com.loylty.automationframework.TestRunner.main(TestRunner.java:116)
	at org.codehaus.mojo.exec.ExecJavaMojo$1.run(ExecJavaMojo.java:294)
	at java.lang.Thread.run(Thread.java:745)
... Removed 25 stack frames]]>
    </failure>
  </testcase> <!-- campaignWithoutAgeGender -->
  <testcase name="campaignWithoutEligibleStore" time="189.021" classname="com.loylty.mobileautomation.campaign.Campaign_Test"/>
  <testcase name="campaignWithoutGPS" time="109.186" classname="com.loylty.mobileautomation.campaign.Campaign_Test"/>
  <testcase name="campaignWithoutSubcategoryStore" time="179.894" classname="com.loylty.mobileautomation.campaign.Campaign_Test"/>
  <testcase name="campaignWithoutsmsScript" time="218.438" classname="com.loylty.mobileautomation.campaign.Campaign_Test"/>
  <testcase name="checkCSpanelApprovecampaigns" time="17.771" classname="com.loylty.mobileautomation.campaign.Campaign_Test"/>
  <testcase name="checkCSpanelAutoschedule" time="16.524" classname="com.loylty.mobileautomation.campaign.Campaign_Test"/>
  <testcase name="checkCSpanelCustomschedule" time="20.322" classname="com.loylty.mobileautomation.campaign.Campaign_Test"/>
  <testcase name="checkCSpanelDashboard" time="15.627" classname="com.loylty.mobileautomation.campaign.Campaign_Test"/>
  <testcase name="checkcampaignHistory" time="356.351" classname="com.loylty.mobileautomation.campaign.Campaign_Test"/>
</testsuite> <!-- Command line test e6186cb4-3270-4062-969b-8c4b28196978 -->
