<?xml version="1.0" encoding="UTF-8"?>
<!-- Generated by org.testng.reporters.JUnitXMLReporter -->
<testsuite hostname="BiswaranjanD-PC" name="Command line test 7c164421-a52c-495c-a1a5-74ea71555862" tests="13" failures="3" timestamp="20 Feb 2018 05:28:06 GMT" time="2265.329" errors="0">
  <testcase name="campaignCheckPromocode" time="265.779" classname="com.loylty.mobileautomation.campaign.Campaign_Test"/>
  <testcase name="campaignCheckSmsScheduling" time="391.46" classname="com.loylty.mobileautomation.campaign.Campaign_Test">
    <failure type="java.lang.NullPointerException">
      <![CDATA[java.lang.NullPointerException
	at com.loylty.mobileautomation.campaign.Campaign_po.click_on_sms_toSchedule(Campaign_po.java:799)
	at com.loylty.mobileautomation.campaign.CampaignFlow.campaignCheckSmsScheduling(CampaignFlow.java:254)
	at com.loylty.mobileautomation.campaign.Campaign_Test.campaignCheckSmsScheduling(Campaign_Test.java:323)
	at com.loylty.automationframework.TestRunner.main(TestRunner.java:116)
	at org.codehaus.mojo.exec.ExecJavaMojo$1.run(ExecJavaMojo.java:294)
	at java.lang.Thread.run(Thread.java:745)
... Removed 25 stack frames]]>
    </failure>
  </testcase> <!-- campaignCheckSmsScheduling -->
  <testcase name="campaignCheckThirdsms" time="254.867" classname="com.loylty.mobileautomation.campaign.Campaign_Test"/>
  <testcase name="campaignWithoneEligibleStore" time="148.727" classname="com.loylty.mobileautomation.campaign.Campaign_Test"/>
  <testcase name="campaignWithoutAgeGender" time="162.46" classname="com.loylty.mobileautomation.campaign.Campaign_Test"/>
  <testcase name="campaignWithoutEligibleStore" time="148.795" classname="com.loylty.mobileautomation.campaign.Campaign_Test"/>
  <testcase name="campaignWithoutGPS" time="72.509" classname="com.loylty.mobileautomation.campaign.Campaign_Test"/>
  <testcase name="campaignWithoutSubcategoryStore" time="149.161" classname="com.loylty.mobileautomation.campaign.Campaign_Test"/>
  <testcase name="campaignWithoutsmsScript" time="186.048" classname="com.loylty.mobileautomation.campaign.Campaign_Test"/>
  <testcase name="checkCSpanelApprovecampaigns" time="19.149" classname="com.loylty.mobileautomation.campaign.Campaign_Test"/>
  <testcase name="checkCSpanelAutoschedule" time="15.739" classname="com.loylty.mobileautomation.campaign.Campaign_Test">
    <failure type="org.openqa.selenium.WebDriverException" message="unknown error: Element &amp;lt;input type=&amp;quot;checkbox&amp;quot; id=&amp;quot;isAutoChecked&amp;quot; ng-model=&amp;quot;IsAutoCheckedVal&amp;quot; ng-click=&amp;quot;isAuToChecked()&amp;quot; class=&amp;quot;ng-pristine ng-untouched ng-valid ng-empty&amp;quot;&amp;gt; is not clickable at point (525, 117). Other element would receive the click: &amp;lt;div id=&amp;quot;progress&amp;quot; class=&amp;quot;overlay&amp;quot; ng-show=&amp;quot;ShowProgress&amp;quot;&amp;gt;...&amp;lt;/div&amp;gt;
  (Session info: chrome=63.0.3239.132)
  (Driver info: chromedriver=2.28.455520 (cc17746adff54984afff480136733114c6b3704b),platform=Windows NT 10.0.14393 x86_64) (WARNING: The server did not provide any stacktrace information)
Command duration or timeout: 127 milliseconds
Build info: version: &amp;apos;2.53.1&amp;apos;, revision: &amp;apos;a36b8b1cd5757287168e54b817830adce9b0158d&amp;apos;, time: &amp;apos;2016-06-30 19:26:09&amp;apos;
System info: host: &amp;apos;BiswaranjanD-PC&amp;apos;, ip: &amp;apos;192.168.102.105&amp;apos;, os.name: &amp;apos;Windows 10&amp;apos;, os.arch: &amp;apos;amd64&amp;apos;, os.version: &amp;apos;10.0&amp;apos;, java.version: &amp;apos;1.8.0_121&amp;apos;
Driver info: org.openqa.selenium.chrome.ChromeDriver
Capabilities [{applicationCacheEnabled=false, rotatable=false, mobileEmulationEnabled=false, networkConnectionEnabled=false, chrome={chromedriverVersion=2.28.455520 (cc17746adff54984afff480136733114c6b3704b), userDataDir=C:\Users\BISWAR~1\AppData\Local\Temp\scoped_dir18320_13634}, takesHeapSnapshot=true, pageLoadStrategy=normal, databaseEnabled=false, handlesAlerts=true, hasTouchScreen=false, version=63.0.3239.132, platform=XP, browserConnectionEnabled=false, nativeEvents=true, acceptSslCerts=true, locationContextEnabled=true, webStorageEnabled=true, browserName=chrome, takesScreenshot=true, javascriptEnabled=true, cssSelectorsEnabled=true, unexpectedAlertBehaviour=}]
Session ID: 4352cc88ebba7cf6711b9fdf29e8b52e">
      <![CDATA[org.openqa.selenium.WebDriverException: unknown error: Element <input type="checkbox" id="isAutoChecked" ng-model="IsAutoCheckedVal" ng-click="isAuToChecked()" class="ng-pristine ng-untouched ng-valid ng-empty"> is not clickable at point (525, 117). Other element would receive the click: <div id="progress" class="overlay" ng-show="ShowProgress">...</div>
  (Session info: chrome=63.0.3239.132)
  (Driver info: chromedriver=2.28.455520 (cc17746adff54984afff480136733114c6b3704b),platform=Windows NT 10.0.14393 x86_64) (WARNING: The server did not provide any stacktrace information)
Command duration or timeout: 127 milliseconds
Build info: version: '2.53.1', revision: 'a36b8b1cd5757287168e54b817830adce9b0158d', time: '2016-06-30 19:26:09'
System info: host: 'BiswaranjanD-PC', ip: '192.168.102.105', os.name: 'Windows 10', os.arch: 'amd64', os.version: '10.0', java.version: '1.8.0_121'
Driver info: org.openqa.selenium.chrome.ChromeDriver
Capabilities [{applicationCacheEnabled=false, rotatable=false, mobileEmulationEnabled=false, networkConnectionEnabled=false, chrome={chromedriverVersion=2.28.455520 (cc17746adff54984afff480136733114c6b3704b), userDataDir=C:\Users\BISWAR~1\AppData\Local\Temp\scoped_dir18320_13634}, takesHeapSnapshot=true, pageLoadStrategy=normal, databaseEnabled=false, handlesAlerts=true, hasTouchScreen=false, version=63.0.3239.132, platform=XP, browserConnectionEnabled=false, nativeEvents=true, acceptSslCerts=true, locationContextEnabled=true, webStorageEnabled=true, browserName=chrome, takesScreenshot=true, javascriptEnabled=true, cssSelectorsEnabled=true, unexpectedAlertBehaviour=}]
Session ID: 4352cc88ebba7cf6711b9fdf29e8b52e
	at org.openqa.selenium.remote.ErrorHandler.createThrowable(ErrorHandler.java:206)
	at org.openqa.selenium.remote.ErrorHandler.throwIfResponseFailed(ErrorHandler.java:158)
	at org.openqa.selenium.remote.RemoteWebDriver.execute(RemoteWebDriver.java:678)
	at org.openqa.selenium.remote.RemoteWebElement.execute(RemoteWebElement.java:327)
	at org.openqa.selenium.remote.RemoteWebElement.click(RemoteWebElement.java:85)
	at com.loylty.mobileautomation.campaign.CSPanelDashboard_po.click_on_autoschedule(CSPanelDashboard_po.java:270)
	at com.loylty.mobileautomation.campaign.CampaignFlow.checkAutoschedule(CampaignFlow.java:386)
	at com.loylty.mobileautomation.campaign.Campaign_Test.checkCSpanelAutoschedule(Campaign_Test.java:394)
	at com.loylty.automationframework.TestRunner.main(TestRunner.java:116)
	at org.codehaus.mojo.exec.ExecJavaMojo$1.run(ExecJavaMojo.java:294)
	at java.lang.Thread.run(Thread.java:745)
... Removed 29 stack frames]]>
    </failure>
  </testcase> <!-- checkCSpanelAutoschedule -->
  <testcase name="checkCSpanelDashboard" time="18.657" classname="com.loylty.mobileautomation.campaign.Campaign_Test"/>
  <testcase name="checkcampaignHistory" time="394.835" classname="com.loylty.mobileautomation.campaign.Campaign_Test">
    <failure type="java.lang.NullPointerException">
      <![CDATA[java.lang.NullPointerException
	at com.loylty.mobileautomation.campaign.Campaign_po.click_on_sms_toSchedule(Campaign_po.java:799)
	at com.loylty.mobileautomation.campaign.CampaignFlow.checkcampaignHistory(CampaignFlow.java:296)
	at com.loylty.mobileautomation.campaign.Campaign_Test.checkcampaignHistory(Campaign_Test.java:353)
	at com.loylty.automationframework.TestRunner.main(TestRunner.java:116)
	at org.codehaus.mojo.exec.ExecJavaMojo$1.run(ExecJavaMojo.java:294)
	at java.lang.Thread.run(Thread.java:745)
... Removed 25 stack frames]]>
    </failure>
  </testcase> <!-- checkcampaignHistory -->
</testsuite> <!-- Command line test 7c164421-a52c-495c-a1a5-74ea71555862 -->
