<?xml version="1.0" encoding="UTF-8"?>
<!-- Generated by org.testng.reporters.JUnitXMLReporter -->
<testsuite hostname="BiswaranjanD-PC" name="Command line test fe01ce75-085b-4c92-a511-52e3d73b92a9" tests="14" failures="5" timestamp="16 Jan 2018 05:03:24 GMT" time="2672.071" errors="0">
  <testcase name="campaignCheckPromocode" time="311.425" classname="com.loylty.mobileautomation.campaign.Campaign_Test"/>
  <testcase name="campaignCheckSmsScheduling" time="156.053" classname="com.loylty.mobileautomation.campaign.Campaign_Test">
    <failure type="java.lang.NullPointerException">
      <![CDATA[java.lang.NullPointerException
	at com.loylty.mobileautomation.campaign.CampaignLogin_po.enter_Password(CampaignLogin_po.java:177)
	at com.loylty.mobileautomation.campaign.CampaignFlow.login(CampaignFlow.java:58)
	at com.loylty.mobileautomation.campaign.Campaign_Test.campaignCheckSmsScheduling(Campaign_Test.java:318)
	at com.loylty.automationframework.TestRunner.main(TestRunner.java:116)
	at org.codehaus.mojo.exec.ExecJavaMojo$1.run(ExecJavaMojo.java:294)
	at java.lang.Thread.run(Thread.java:745)
... Removed 25 stack frames]]>
    </failure>
  </testcase> <!-- campaignCheckSmsScheduling -->
  <testcase name="campaignCheckThirdsms" time="351.28" classname="com.loylty.mobileautomation.campaign.Campaign_Test"/>
  <testcase name="campaignWithoneEligibleStore" time="264.625" classname="com.loylty.mobileautomation.campaign.Campaign_Test">
    <failure type="java.lang.NullPointerException">
      <![CDATA[java.lang.NullPointerException
	at com.loylty.mobileautomation.campaign.CampaignCreateStore_po.clickon_Back_button(CampaignCreateStore_po.java:233)
	at com.loylty.mobileautomation.campaign.CampaignFlow.createStore(CampaignFlow.java:342)
	at com.loylty.mobileautomation.campaign.Campaign_Test.campaignWithoneEligibleStore(Campaign_Test.java:152)
	at com.loylty.automationframework.TestRunner.main(TestRunner.java:116)
	at org.codehaus.mojo.exec.ExecJavaMojo$1.run(ExecJavaMojo.java:294)
	at java.lang.Thread.run(Thread.java:745)
... Removed 25 stack frames]]>
    </failure>
  </testcase> <!-- campaignWithoneEligibleStore -->
  <testcase name="campaignWithoutAgeGender" time="167.088" classname="com.loylty.mobileautomation.campaign.Campaign_Test">
    <failure type="java.lang.NullPointerException">
      <![CDATA[java.lang.NullPointerException
	at com.loylty.mobileautomation.campaign.CampaignLogin_po.enter_Password(CampaignLogin_po.java:177)
	at com.loylty.mobileautomation.campaign.CampaignFlow.login(CampaignFlow.java:58)
	at com.loylty.mobileautomation.campaign.Campaign_Test.campaignWithoutAgeGender(Campaign_Test.java:205)
	at com.loylty.automationframework.TestRunner.main(TestRunner.java:116)
	at org.codehaus.mojo.exec.ExecJavaMojo$1.run(ExecJavaMojo.java:294)
	at java.lang.Thread.run(Thread.java:745)
... Removed 25 stack frames]]>
    </failure>
  </testcase> <!-- campaignWithoutAgeGender -->
  <testcase name="campaignWithoutEligibleStore" time="234.809" classname="com.loylty.mobileautomation.campaign.Campaign_Test"/>
  <testcase name="campaignWithoutGPS" time="119.257" classname="com.loylty.mobileautomation.campaign.Campaign_Test"/>
  <testcase name="campaignWithoutSubcategoryStore" time="205.663" classname="com.loylty.mobileautomation.campaign.Campaign_Test"/>
  <testcase name="campaignWithoutsmsScript" time="250.945" classname="com.loylty.mobileautomation.campaign.Campaign_Test">
    <failure type="java.lang.NullPointerException">
      <![CDATA[java.lang.NullPointerException
	at com.loylty.mobileautomation.campaign.Campaign_po.clickonsubcategory(Campaign_po.java:366)
	at com.loylty.mobileautomation.campaign.CampaignFlow.CampaignWsmsscript(CampaignFlow.java:124)
	at com.loylty.mobileautomation.campaign.Campaign_Test.campaignWithoutsmsScript(Campaign_Test.java:237)
	at com.loylty.automationframework.TestRunner.main(TestRunner.java:116)
	at org.codehaus.mojo.exec.ExecJavaMojo$1.run(ExecJavaMojo.java:294)
	at java.lang.Thread.run(Thread.java:745)
... Removed 25 stack frames]]>
    </failure>
  </testcase> <!-- campaignWithoutsmsScript -->
  <testcase name="checkCSpanelApprovecampaigns" time="24.29" classname="com.loylty.mobileautomation.campaign.Campaign_Test"/>
  <testcase name="checkCSpanelAutoschedule" time="19.161" classname="com.loylty.mobileautomation.campaign.Campaign_Test"/>
  <testcase name="checkCSpanelCustomschedule" time="79.773" classname="com.loylty.mobileautomation.campaign.Campaign_Test">
    <failure type="org.openqa.selenium.InvalidElementStateException" message="invalid element state: Element is not currently interactable and may not be manipulated
  (Session info: chrome=63.0.3239.84)
  (Driver info: chromedriver=2.28.455520 (cc17746adff54984afff480136733114c6b3704b),platform=Windows NT 10.0.14393 x86_64) (WARNING: The server did not provide any stacktrace information)
Command duration or timeout: 70 milliseconds
Build info: version: &amp;apos;2.53.1&amp;apos;, revision: &amp;apos;a36b8b1cd5757287168e54b817830adce9b0158d&amp;apos;, time: &amp;apos;2016-06-30 19:26:09&amp;apos;
System info: host: &amp;apos;BiswaranjanD-PC&amp;apos;, ip: &amp;apos;192.168.102.105&amp;apos;, os.name: &amp;apos;Windows 10&amp;apos;, os.arch: &amp;apos;amd64&amp;apos;, os.version: &amp;apos;10.0&amp;apos;, java.version: &amp;apos;1.8.0_121&amp;apos;
Driver info: org.openqa.selenium.chrome.ChromeDriver
Capabilities [{applicationCacheEnabled=false, rotatable=false, mobileEmulationEnabled=false, networkConnectionEnabled=false, chrome={chromedriverVersion=2.28.455520 (cc17746adff54984afff480136733114c6b3704b), userDataDir=C:\Users\BISWAR~1\AppData\Local\Temp\scoped_dir136540_11520}, takesHeapSnapshot=true, pageLoadStrategy=normal, databaseEnabled=false, handlesAlerts=true, hasTouchScreen=false, version=63.0.3239.84, platform=XP, browserConnectionEnabled=false, nativeEvents=true, acceptSslCerts=true, locationContextEnabled=true, webStorageEnabled=true, browserName=chrome, takesScreenshot=true, javascriptEnabled=true, cssSelectorsEnabled=true, unexpectedAlertBehaviour=}]
Session ID: 0ad8735feda724e6f948b211c82ddc8f">
      <![CDATA[org.openqa.selenium.InvalidElementStateException: invalid element state: Element is not currently interactable and may not be manipulated
  (Session info: chrome=63.0.3239.84)
  (Driver info: chromedriver=2.28.455520 (cc17746adff54984afff480136733114c6b3704b),platform=Windows NT 10.0.14393 x86_64) (WARNING: The server did not provide any stacktrace information)
Command duration or timeout: 70 milliseconds
Build info: version: '2.53.1', revision: 'a36b8b1cd5757287168e54b817830adce9b0158d', time: '2016-06-30 19:26:09'
System info: host: 'BiswaranjanD-PC', ip: '192.168.102.105', os.name: 'Windows 10', os.arch: 'amd64', os.version: '10.0', java.version: '1.8.0_121'
Driver info: org.openqa.selenium.chrome.ChromeDriver
Capabilities [{applicationCacheEnabled=false, rotatable=false, mobileEmulationEnabled=false, networkConnectionEnabled=false, chrome={chromedriverVersion=2.28.455520 (cc17746adff54984afff480136733114c6b3704b), userDataDir=C:\Users\BISWAR~1\AppData\Local\Temp\scoped_dir136540_11520}, takesHeapSnapshot=true, pageLoadStrategy=normal, databaseEnabled=false, handlesAlerts=true, hasTouchScreen=false, version=63.0.3239.84, platform=XP, browserConnectionEnabled=false, nativeEvents=true, acceptSslCerts=true, locationContextEnabled=true, webStorageEnabled=true, browserName=chrome, takesScreenshot=true, javascriptEnabled=true, cssSelectorsEnabled=true, unexpectedAlertBehaviour=}]
Session ID: 0ad8735feda724e6f948b211c82ddc8f
	at org.openqa.selenium.remote.ErrorHandler.createThrowable(ErrorHandler.java:206)
	at org.openqa.selenium.remote.ErrorHandler.throwIfResponseFailed(ErrorHandler.java:158)
	at org.openqa.selenium.remote.RemoteWebDriver.execute(RemoteWebDriver.java:678)
	at org.openqa.selenium.remote.RemoteWebElement.execute(RemoteWebElement.java:327)
	at org.openqa.selenium.remote.RemoteWebElement.clear(RemoteWebElement.java:140)
	at org.openqa.selenium.support.pagefactory.internal.LocatingElementHandler.invoke(LocatingElementHandler.java:51)
	at com.sun.proxy.$Proxy30.clear(Unknown Source)
	at com.loylty.mobileautomation.util.DrivercCommonLib.type(DrivercCommonLib.java:166)
	at com.loylty.mobileautomation.campaign.CSPanelDashboard_po.scheduleFirstsms(CSPanelDashboard_po.java:300)
	at com.loylty.mobileautomation.campaign.CampaignFlow.check_customSchedule(CampaignFlow.java:421)
	at com.loylty.mobileautomation.campaign.Campaign_Test.checkCSpanelCustomschedule(Campaign_Test.java:411)
	at com.loylty.automationframework.TestRunner.main(TestRunner.java:116)
	at org.codehaus.mojo.exec.ExecJavaMojo$1.run(ExecJavaMojo.java:294)
	at java.lang.Thread.run(Thread.java:745)
... Removed 32 stack frames]]>
    </failure>
  </testcase> <!-- checkCSpanelCustomschedule -->
  <testcase name="checkCSpanelDashboard" time="15.707" classname="com.loylty.mobileautomation.campaign.Campaign_Test"/>
  <testcase name="checkcampaignHistory" time="375.76" classname="com.loylty.mobileautomation.campaign.Campaign_Test"/>
</testsuite> <!-- Command line test fe01ce75-085b-4c92-a511-52e3d73b92a9 -->
