<?xml version="1.0" encoding="UTF-8"?>
<!-- Generated by org.testng.reporters.JUnitXMLReporter -->
<testsuite hostname="BiswaranjanD-PC" name="Command line test 7b166e95-0537-465f-a54e-46069273fae5" tests="1" failures="1" timestamp="11 Jan 2018 10:14:46 GMT" time="248.333" errors="0">
  <testcase name="campaignCheckPromocode" time="241.798" classname="com.loylty.mobileautomation.campaign.Campaign_Test">
    <failure type="java.lang.AssertionError" message="promocode verification unsucessfull expected [true] but found [false]">
      <![CDATA[java.lang.AssertionError: promocode verification unsucessfull expected [true] but found [false]
	at com.loylty.mobileautomation.campaign.Campaign_Test.campaignCheckPromocode(Campaign_Test.java:265)
	at com.loylty.automationframework.TestRunner.main(TestRunner.java:116)
	at org.codehaus.mojo.exec.ExecJavaMojo$1.run(ExecJavaMojo.java:294)
	at java.lang.Thread.run(Thread.java:745)
... Removed 28 stack frames]]>
    </failure>
  </testcase> <!-- campaignCheckPromocode -->
</testsuite> <!-- Command line test 7b166e95-0537-465f-a54e-46069273fae5 -->
