<?xml version="1.0" encoding="UTF-8"?>
<!-- Generated by org.testng.reporters.JUnitXMLReporter -->
<testsuite hostname="BiswaranjanD-PC" name="Command line test ee6a13a7-6998-4192-832f-9ef8d035b652" tests="9" failures="3" timestamp="11 Jan 2018 07:28:09 GMT" time="1855.969" errors="0">
  <testcase name="campaignCheckPromocode" time="357.422" classname="com.loylty.mobileautomation.campaign.Campaign_Test">
    <failure type="java.lang.AssertionError" message="promocode verification unsucessfull expected [true] but found [false]">
      <![CDATA[java.lang.AssertionError: promocode verification unsucessfull expected [true] but found [false]
	at com.loylty.mobileautomation.campaign.Campaign_Test.campaignCheckPromocode(Campaign_Test.java:265)
	at com.loylty.automationframework.TestRunner.main(TestRunner.java:116)
	at org.codehaus.mojo.exec.ExecJavaMojo$1.run(ExecJavaMojo.java:294)
	at java.lang.Thread.run(Thread.java:745)
... Removed 28 stack frames]]>
    </failure>
  </testcase> <!-- campaignCheckPromocode -->
  <testcase name="campaignCheckThirdsms" time="263.715" classname="com.loylty.mobileautomation.campaign.Campaign_Test">
    <failure type="java.lang.AssertionError" message="third sms verification unsucessfull expected [true] but found [false]">
      <![CDATA[java.lang.AssertionError: third sms verification unsucessfull expected [true] but found [false]
	at com.loylty.mobileautomation.campaign.Campaign_Test.campaignCheckThirdsms(Campaign_Test.java:295)
	at com.loylty.automationframework.TestRunner.main(TestRunner.java:116)
	at org.codehaus.mojo.exec.ExecJavaMojo$1.run(ExecJavaMojo.java:294)
	at java.lang.Thread.run(Thread.java:745)
... Removed 28 stack frames]]>
    </failure>
  </testcase> <!-- campaignCheckThirdsms -->
  <testcase name="campaignWithoneEligibleStore" time="168.284" classname="com.loylty.mobileautomation.campaign.Campaign_Test"/>
  <testcase name="campaignWithoutAgeGender" time="174.698" classname="com.loylty.mobileautomation.campaign.Campaign_Test"/>
  <testcase name="campaignWithoutEligibleMerchant" time="170.544" classname="com.loylty.mobileautomation.campaign.Campaign_Test">
    <failure type="java.lang.NullPointerException">
      <![CDATA[java.lang.NullPointerException
	at com.loylty.mobileautomation.campaign.Campaign_po.popupMsg(Campaign_po.java:858)
	at com.loylty.mobileautomation.campaign.CampaignFlow.CampaignWmerchant(CampaignFlow.java:77)
	at com.loylty.mobileautomation.campaign.Campaign_Test.campaignWithoutEligibleMerchant(Campaign_Test.java:95)
	at com.loylty.automationframework.TestRunner.main(TestRunner.java:116)
	at org.codehaus.mojo.exec.ExecJavaMojo$1.run(ExecJavaMojo.java:294)
	at java.lang.Thread.run(Thread.java:745)
... Removed 25 stack frames]]>
    </failure>
  </testcase> <!-- campaignWithoutEligibleMerchant -->
  <testcase name="campaignWithoutEligibleStore" time="168.104" classname="com.loylty.mobileautomation.campaign.Campaign_Test"/>
  <testcase name="campaignWithoutGPS" time="92.991" classname="com.loylty.mobileautomation.campaign.Campaign_Test"/>
  <testcase name="campaignWithoutSubcategoryStore" time="204.918" classname="com.loylty.mobileautomation.campaign.Campaign_Test"/>
  <testcase name="campaignWithoutsmsScript" time="204.722" classname="com.loylty.mobileautomation.campaign.Campaign_Test"/>
</testsuite> <!-- Command line test ee6a13a7-6998-4192-832f-9ef8d035b652 -->
