<?xml version="1.0" encoding="UTF-8"?>
<!-- Generated by org.testng.reporters.JUnitXMLReporter -->
<testsuite hostname="BiswaranjanD-PC" name="Command line test ada8e679-f55a-4776-a7c1-ce1957410df0" tests="3" failures="1" timestamp="27 Feb 2018 11:20:31 GMT" time="0.019" errors="0">
  <testcase name="@AfterMethod getResult" time="0.0" classname="com.selenium.demo.Demo1">
    <failure type="java.lang.NullPointerException">
      <![CDATA[java.lang.NullPointerException
	at com.loylty.automationframework.common.TestClassUtil.getResult(TestClassUtil.java:142)
	at com.loylty.automationframework.TestRunner.main(TestRunner.java:123)
	at org.codehaus.mojo.exec.ExecJavaMojo$1.run(ExecJavaMojo.java:294)
	at java.lang.Thread.run(Thread.java:745)
... Removed 27 stack frames]]>
    </failure>
  </testcase> <!-- @AfterMethod getResult -->
  <testcase name="@AfterMethod getResult" time="0.0" classname="com.selenium.demo.Demo1">
    <skipped/>
  </testcase> <!-- @AfterMethod getResult -->
  <testcase name="@AfterMethod getResult" time="0.0" classname="com.selenium.demo.Demo1">
    <skipped/>
  </testcase> <!-- @AfterMethod getResult -->
  <testcase name="method1" time="0.003" classname="com.selenium.demo.Demo1">
    <failure type="java.lang.AssertionError" message="null">
      <![CDATA[java.lang.AssertionError: null
	at com.selenium.demo.Demo1.method1(Demo1.java:14)
	at com.loylty.automationframework.TestRunner.main(TestRunner.java:123)
	at org.codehaus.mojo.exec.ExecJavaMojo$1.run(ExecJavaMojo.java:294)
	at java.lang.Thread.run(Thread.java:745)
... Removed 27 stack frames]]>
    </failure>
  </testcase> <!-- method1 -->
  <testcase name="method2" time="0.0" classname="com.selenium.demo.Demo1">
    <skipped/>
  </testcase> <!-- method2 -->
  <testcase name="method3" time="0.0" classname="com.selenium.demo.Demo1">
    <skipped/>
  </testcase> <!-- method3 -->
</testsuite> <!-- Command line test ada8e679-f55a-4776-a7c1-ce1957410df0 -->
