<?xml version="1.0" encoding="UTF-8"?>
<!-- Generated by org.testng.reporters.JUnitXMLReporter -->
<testsuite hostname="BiswaranjanD-PC" name="Command line test 1bd88bb7-a3ad-41bb-b759-cea547f66c8d" tests="13" failures="2" timestamp="26 Feb 2018 05:28:14 GMT" time="2933.231" errors="0">
  <testcase name="campaignCheckPromocode" time="329.958" classname="com.loylty.mobileautomation.campaign.Campaign_Test"/>
  <testcase name="campaignCheckSmsScheduling" time="471.257" classname="com.loylty.mobileautomation.campaign.Campaign_Test"/>
  <testcase name="campaignCheckThirdsms" time="363.938" classname="com.loylty.mobileautomation.campaign.Campaign_Test"/>
  <testcase name="campaignWithoneEligibleStore" time="167.889" classname="com.loylty.mobileautomation.campaign.Campaign_Test">
    <failure type="java.lang.NullPointerException">
      <![CDATA[java.lang.NullPointerException
	at com.loylty.mobileautomation.campaign.CampaignLogin_po.enter_Password(CampaignLogin_po.java:177)
	at com.loylty.mobileautomation.campaign.CampaignFlow.login(CampaignFlow.java:58)
	at com.loylty.mobileautomation.campaign.Campaign_Test.campaignWithoneEligibleStore(Campaign_Test.java:149)
	at com.loylty.automationframework.TestRunner.main(TestRunner.java:116)
	at org.codehaus.mojo.exec.ExecJavaMojo$1.run(ExecJavaMojo.java:294)
	at java.lang.Thread.run(Thread.java:745)
... Removed 25 stack frames]]>
    </failure>
  </testcase> <!-- campaignWithoneEligibleStore -->
  <testcase name="campaignWithoutAgeGender" time="204.517" classname="com.loylty.mobileautomation.campaign.Campaign_Test"/>
  <testcase name="campaignWithoutEligibleStore" time="202.043" classname="com.loylty.mobileautomation.campaign.Campaign_Test"/>
  <testcase name="campaignWithoutGPS" time="136.996" classname="com.loylty.mobileautomation.campaign.Campaign_Test"/>
  <testcase name="campaignWithoutSubcategoryStore" time="206.978" classname="com.loylty.mobileautomation.campaign.Campaign_Test"/>
  <testcase name="campaignWithoutsmsScript" time="249.631" classname="com.loylty.mobileautomation.campaign.Campaign_Test"/>
  <testcase name="checkCSpanelApprovecampaigns" time="28.225" classname="com.loylty.mobileautomation.campaign.Campaign_Test"/>
  <testcase name="checkCSpanelAutoschedule" time="19.088" classname="com.loylty.mobileautomation.campaign.Campaign_Test"/>
  <testcase name="checkCSpanelDashboard" time="19.082" classname="com.loylty.mobileautomation.campaign.Campaign_Test"/>
  <testcase name="checkcampaignHistory" time="449.613" classname="com.loylty.mobileautomation.campaign.Campaign_Test">
    <failure type="java.lang.NullPointerException">
      <![CDATA[java.lang.NullPointerException
	at com.loylty.mobileautomation.campaign.Campaign_po.click_on_sms_toSchedule(Campaign_po.java:799)
	at com.loylty.mobileautomation.campaign.CampaignFlow.checkcampaignHistory(CampaignFlow.java:296)
	at com.loylty.mobileautomation.campaign.Campaign_Test.checkcampaignHistory(Campaign_Test.java:353)
	at com.loylty.automationframework.TestRunner.main(TestRunner.java:116)
	at org.codehaus.mojo.exec.ExecJavaMojo$1.run(ExecJavaMojo.java:294)
	at java.lang.Thread.run(Thread.java:745)
... Removed 25 stack frames]]>
    </failure>
  </testcase> <!-- checkcampaignHistory -->
</testsuite> <!-- Command line test 1bd88bb7-a3ad-41bb-b759-cea547f66c8d -->
