<html>
<head>
<title>TestNG:  Command line test 7c164421-a52c-495c-a1a5-74ea71555862</title>
<link href="../testng.css" rel="stylesheet" type="text/css" />
<link href="../my-testng.css" rel="stylesheet" type="text/css" />

<style type="text/css">
.log { display: none;} 
.stack-trace { display: none;} 
</style>
<script type="text/javascript">
<!--
function flip(e) {
  current = e.style.display;
  if (current == 'block') {
    e.style.display = 'none';
    return 0;
  }
  else {
    e.style.display = 'block';
    return 1;
  }
}

function toggleBox(szDivId, elem, msg1, msg2)
{
  var res = -1;  if (document.getElementById) {
    res = flip(document.getElementById(szDivId));
  }
  else if (document.all) {
    // this is the way old msie versions work
    res = flip(document.all[szDivId]);
  }
  if(elem) {
    if(res == 0) elem.innerHTML = msg1; else elem.innerHTML = msg2;
  }

}

function toggleAllBoxes() {
  if (document.getElementsByTagName) {
    d = document.getElementsByTagName('div');
    for (i = 0; i < d.length; i++) {
      if (d[i].className == 'log') {
        flip(d[i]);
      }
    }
  }
}

// -->
</script>

</head>
<body>
<h2 align='center'>Command line test 7c164421-a52c-495c-a1a5-74ea71555862</h2><table border='1' align="center">
<tr>
<td>Tests passed/Failed/Skipped:</td><td>10/3/0</td>
</tr><tr>
<td>Started on:</td><td>Tue Feb 20 10:20:21 IST 2018</td>
</tr>
<tr><td>Total time:</td><td>2265 seconds (2265329 ms)</td>
</tr><tr>
<td>Included groups:</td><td></td>
</tr><tr>
<td>Excluded groups:</td><td></td>
</tr>
</table><p/>
<small><i>(Hover the method name to see the test class name)</i></small><p/>
<table width='100%' border='1' class='invocation-failed'>
<tr><td colspan='4' align='center'><b>FAILED TESTS</b></td></tr>
<tr><td><b>Test method</b></td>
<td width="30%"><b>Exception</b></td>
<td width="10%"><b>Time (seconds)</b></td>
<td><b>Instance</b></td>
</tr>
<tr>
<td title='com.loylty.mobileautomation.campaign.Campaign_Test.campaignCheckSmsScheduling()'><b>campaignCheckSmsScheduling</b><br>Test class: com.loylty.mobileautomation.campaign.Campaign_Test<br>Parameters: Apparel and Footwear-Apparel and Footwear, 400000-600000, Men-Women, Less than 21_21 - 30_Female_Male_Traditional mindset_Prefers local stores, New Collection, sms2, 23 February 2018, 5:05, xxx</td>
<td><div><pre>java.lang.NullPointerException
	at com.loylty.mobileautomation.campaign.Campaign_po.click_on_sms_toSchedule(Campaign_po.java:799)
	at com.loylty.mobileautomation.campaign.CampaignFlow.campaignCheckSmsScheduling(CampaignFlow.java:254)
	at com.loylty.mobileautomation.campaign.Campaign_Test.campaignCheckSmsScheduling(Campaign_Test.java:323)
	at com.loylty.automationframework.TestRunner.main(TestRunner.java:116)
	at org.codehaus.mojo.exec.ExecJavaMojo$1.run(ExecJavaMojo.java:294)
	at java.lang.Thread.run(Thread.java:745)
... Removed 25 stack frames</pre></div><a href='#' onClick='toggleBox("stack-trace499697795", this, "Click to show all stack frames", "Click to hide stack frames")'>Click to show all stack frames</a>
<div class='stack-trace' id='stack-trace499697795'><pre>java.lang.NullPointerException
	at com.loylty.mobileautomation.campaign.Campaign_po.click_on_sms_toSchedule(Campaign_po.java:799)
	at com.loylty.mobileautomation.campaign.CampaignFlow.campaignCheckSmsScheduling(CampaignFlow.java:254)
	at com.loylty.mobileautomation.campaign.Campaign_Test.campaignCheckSmsScheduling(Campaign_Test.java:323)
	at sun.reflect.NativeMethodAccessorImpl.invoke0(Native Method)
	at sun.reflect.NativeMethodAccessorImpl.invoke(NativeMethodAccessorImpl.java:62)
	at sun.reflect.DelegatingMethodAccessorImpl.invoke(DelegatingMethodAccessorImpl.java:43)
	at java.lang.reflect.Method.invoke(Method.java:498)
	at org.testng.internal.MethodInvocationHelper.invokeMethod(MethodInvocationHelper.java:86)
	at org.testng.internal.Invoker.invokeMethod(Invoker.java:643)
	at org.testng.internal.Invoker.invokeTestMethod(Invoker.java:820)
	at org.testng.internal.Invoker.invokeTestMethods(Invoker.java:1128)
	at org.testng.internal.TestMethodWorker.invokeTestMethods(TestMethodWorker.java:129)
	at org.testng.internal.TestMethodWorker.run(TestMethodWorker.java:112)
	at org.testng.TestRunner.privateRun(TestRunner.java:782)
	at org.testng.TestRunner.run(TestRunner.java:632)
	at org.testng.SuiteRunner.runTest(SuiteRunner.java:366)
	at org.testng.SuiteRunner.runSequentially(SuiteRunner.java:361)
	at org.testng.SuiteRunner.privateRun(SuiteRunner.java:319)
	at org.testng.SuiteRunner.run(SuiteRunner.java:268)
	at org.testng.SuiteRunnerWorker.runSuite(SuiteRunnerWorker.java:52)
	at org.testng.SuiteRunnerWorker.run(SuiteRunnerWorker.java:86)
	at org.testng.TestNG.runSuitesSequentially(TestNG.java:1244)
	at org.testng.TestNG.runSuitesLocally(TestNG.java:1169)
	at org.testng.TestNG.run(TestNG.java:1064)
	at com.loylty.automationframework.TestRunner.main(TestRunner.java:116)
	at sun.reflect.NativeMethodAccessorImpl.invoke0(Native Method)
	at sun.reflect.NativeMethodAccessorImpl.invoke(NativeMethodAccessorImpl.java:62)
	at sun.reflect.DelegatingMethodAccessorImpl.invoke(DelegatingMethodAccessorImpl.java:43)
	at java.lang.reflect.Method.invoke(Method.java:498)
	at org.codehaus.mojo.exec.ExecJavaMojo$1.run(ExecJavaMojo.java:294)
	at java.lang.Thread.run(Thread.java:745)
</pre></div></td>
<td>391</td>
<td>com.loylty.mobileautomation.campaign.Campaign_Test@2dfd7a69</td></tr>
<tr>
<td title='com.loylty.mobileautomation.campaign.Campaign_Test.checkCSpanelAutoschedule()'><b>checkCSpanelAutoschedule</b><br>Test class: com.loylty.mobileautomation.campaign.Campaign_Test<br>Parameters: mPoint CS Panel</td>
<td><div><pre>org.openqa.selenium.WebDriverException: unknown error: Element &lt;input type=&quot;checkbox&quot; id=&quot;isAutoChecked&quot; ng-model=&quot;IsAutoCheckedVal&quot; ng-click=&quot;isAuToChecked()&quot; class=&quot;ng-pristine ng-untouched ng-valid ng-empty&quot;&gt; is not clickable at point (525, 117). Other element would receive the click: &lt;div id=&quot;progress&quot; class=&quot;overlay&quot; ng-show=&quot;ShowProgress&quot;&gt;...&lt;/div&gt;
  (Session info: chrome=63.0.3239.132)
  (Driver info: chromedriver=2.28.455520 (cc17746adff54984afff480136733114c6b3704b),platform=Windows NT 10.0.14393 x86_64) (WARNING: The server did not provide any stacktrace information)
Command duration or timeout: 127 milliseconds
Build info: version: &apos;2.53.1&apos;, revision: &apos;a36b8b1cd5757287168e54b817830adce9b0158d&apos;, time: &apos;2016-06-30 19:26:09&apos;
System info: host: &apos;BiswaranjanD-PC&apos;, ip: &apos;192.168.102.105&apos;, os.name: &apos;Windows 10&apos;, os.arch: &apos;amd64&apos;, os.version: &apos;10.0&apos;, java.version: &apos;1.8.0_121&apos;
Driver info: org.openqa.selenium.chrome.ChromeDriver
Capabilities [{applicationCacheEnabled=false, rotatable=false, mobileEmulationEnabled=false, networkConnectionEnabled=false, chrome={chromedriverVersion=2.28.455520 (cc17746adff54984afff480136733114c6b3704b), userDataDir=C:\Users\BISWAR~1\AppData\Local\Temp\scoped_dir18320_13634}, takesHeapSnapshot=true, pageLoadStrategy=normal, databaseEnabled=false, handlesAlerts=true, hasTouchScreen=false, version=63.0.3239.132, platform=XP, browserConnectionEnabled=false, nativeEvents=true, acceptSslCerts=true, locationContextEnabled=true, webStorageEnabled=true, browserName=chrome, takesScreenshot=true, javascriptEnabled=true, cssSelectorsEnabled=true, unexpectedAlertBehaviour=}]
Session ID: 4352cc88ebba7cf6711b9fdf29e8b52e
	at org.openqa.selenium.remote.ErrorHandler.createThrowable(ErrorHandler.java:206)
	at org.openqa.selenium.remote.ErrorHandler.throwIfResponseFailed(ErrorHandler.java:158)
	at org.openqa.selenium.remote.RemoteWebDriver.execute(RemoteWebDriver.java:678)
	at org.openqa.selenium.remote.RemoteWebElement.execute(RemoteWebElement.java:327)
	at org.openqa.selenium.remote.RemoteWebElement.click(RemoteWebElement.java:85)
	at com.loylty.mobileautomation.campaign.CSPanelDashboard_po.click_on_autoschedule(CSPanelDashboard_po.java:270)
	at com.loylty.mobileautomation.campaign.CampaignFlow.checkAutoschedule(CampaignFlow.java:386)
	at com.loylty.mobileautomation.campaign.Campaign_Test.checkCSpanelAutoschedule(Campaign_Test.java:394)
	at com.loylty.automationframework.TestRunner.main(TestRunner.java:116)
	at org.codehaus.mojo.exec.ExecJavaMojo$1.run(ExecJavaMojo.java:294)
	at java.lang.Thread.run(Thread.java:745)
... Removed 29 stack frames</pre></div><a href='#' onClick='toggleBox("stack-trace2137455297", this, "Click to show all stack frames", "Click to hide stack frames")'>Click to show all stack frames</a>
<div class='stack-trace' id='stack-trace2137455297'><pre>org.openqa.selenium.WebDriverException: unknown error: Element &lt;input type=&quot;checkbox&quot; id=&quot;isAutoChecked&quot; ng-model=&quot;IsAutoCheckedVal&quot; ng-click=&quot;isAuToChecked()&quot; class=&quot;ng-pristine ng-untouched ng-valid ng-empty&quot;&gt; is not clickable at point (525, 117). Other element would receive the click: &lt;div id=&quot;progress&quot; class=&quot;overlay&quot; ng-show=&quot;ShowProgress&quot;&gt;...&lt;/div&gt;
  (Session info: chrome=63.0.3239.132)
  (Driver info: chromedriver=2.28.455520 (cc17746adff54984afff480136733114c6b3704b),platform=Windows NT 10.0.14393 x86_64) (WARNING: The server did not provide any stacktrace information)
Command duration or timeout: 127 milliseconds
Build info: version: &apos;2.53.1&apos;, revision: &apos;a36b8b1cd5757287168e54b817830adce9b0158d&apos;, time: &apos;2016-06-30 19:26:09&apos;
System info: host: &apos;BiswaranjanD-PC&apos;, ip: &apos;192.168.102.105&apos;, os.name: &apos;Windows 10&apos;, os.arch: &apos;amd64&apos;, os.version: &apos;10.0&apos;, java.version: &apos;1.8.0_121&apos;
Driver info: org.openqa.selenium.chrome.ChromeDriver
Capabilities [{applicationCacheEnabled=false, rotatable=false, mobileEmulationEnabled=false, networkConnectionEnabled=false, chrome={chromedriverVersion=2.28.455520 (cc17746adff54984afff480136733114c6b3704b), userDataDir=C:\Users\BISWAR~1\AppData\Local\Temp\scoped_dir18320_13634}, takesHeapSnapshot=true, pageLoadStrategy=normal, databaseEnabled=false, handlesAlerts=true, hasTouchScreen=false, version=63.0.3239.132, platform=XP, browserConnectionEnabled=false, nativeEvents=true, acceptSslCerts=true, locationContextEnabled=true, webStorageEnabled=true, browserName=chrome, takesScreenshot=true, javascriptEnabled=true, cssSelectorsEnabled=true, unexpectedAlertBehaviour=}]
Session ID: 4352cc88ebba7cf6711b9fdf29e8b52e
	at sun.reflect.NativeConstructorAccessorImpl.newInstance0(Native Method)
	at sun.reflect.NativeConstructorAccessorImpl.newInstance(NativeConstructorAccessorImpl.java:62)
	at sun.reflect.DelegatingConstructorAccessorImpl.newInstance(DelegatingConstructorAccessorImpl.java:45)
	at java.lang.reflect.Constructor.newInstance(Constructor.java:423)
	at org.openqa.selenium.remote.ErrorHandler.createThrowable(ErrorHandler.java:206)
	at org.openqa.selenium.remote.ErrorHandler.throwIfResponseFailed(ErrorHandler.java:158)
	at org.openqa.selenium.remote.RemoteWebDriver.execute(RemoteWebDriver.java:678)
	at org.openqa.selenium.remote.RemoteWebElement.execute(RemoteWebElement.java:327)
	at org.openqa.selenium.remote.RemoteWebElement.click(RemoteWebElement.java:85)
	at com.loylty.mobileautomation.campaign.CSPanelDashboard_po.click_on_autoschedule(CSPanelDashboard_po.java:270)
	at com.loylty.mobileautomation.campaign.CampaignFlow.checkAutoschedule(CampaignFlow.java:386)
	at com.loylty.mobileautomation.campaign.Campaign_Test.checkCSpanelAutoschedule(Campaign_Test.java:394)
	at sun.reflect.NativeMethodAccessorImpl.invoke0(Native Method)
	at sun.reflect.NativeMethodAccessorImpl.invoke(NativeMethodAccessorImpl.java:62)
	at sun.reflect.DelegatingMethodAccessorImpl.invoke(DelegatingMethodAccessorImpl.java:43)
	at java.lang.reflect.Method.invoke(Method.java:498)
	at org.testng.internal.MethodInvocationHelper.invokeMethod(MethodInvocationHelper.java:86)
	at org.testng.internal.Invoker.invokeMethod(Invoker.java:643)
	at org.testng.internal.Invoker.invokeTestMethod(Invoker.java:820)
	at org.testng.internal.Invoker.invokeTestMethods(Invoker.java:1128)
	at org.testng.internal.TestMethodWorker.invokeTestMethods(TestMethodWorker.java:129)
	at org.testng.internal.TestMethodWorker.run(TestMethodWorker.java:112)
	at org.testng.TestRunner.privateRun(TestRunner.java:782)
	at org.testng.TestRunner.run(TestRunner.java:632)
	at org.testng.SuiteRunner.runTest(SuiteRunner.java:366)
	at org.testng.SuiteRunner.runSequentially(SuiteRunner.java:361)
	at org.testng.SuiteRunner.privateRun(SuiteRunner.java:319)
	at org.testng.SuiteRunner.run(SuiteRunner.java:268)
	at org.testng.SuiteRunnerWorker.runSuite(SuiteRunnerWorker.java:52)
	at org.testng.SuiteRunnerWorker.run(SuiteRunnerWorker.java:86)
	at org.testng.TestNG.runSuitesSequentially(TestNG.java:1244)
	at org.testng.TestNG.runSuitesLocally(TestNG.java:1169)
	at org.testng.TestNG.run(TestNG.java:1064)
	at com.loylty.automationframework.TestRunner.main(TestRunner.java:116)
	at sun.reflect.NativeMethodAccessorImpl.invoke0(Native Method)
	at sun.reflect.NativeMethodAccessorImpl.invoke(NativeMethodAccessorImpl.java:62)
	at sun.reflect.DelegatingMethodAccessorImpl.invoke(DelegatingMethodAccessorImpl.java:43)
	at java.lang.reflect.Method.invoke(Method.java:498)
	at org.codehaus.mojo.exec.ExecJavaMojo$1.run(ExecJavaMojo.java:294)
	at java.lang.Thread.run(Thread.java:745)
</pre></div></td>
<td>15</td>
<td>com.loylty.mobileautomation.campaign.Campaign_Test@2dfd7a69</td></tr>
<tr>
<td title='com.loylty.mobileautomation.campaign.Campaign_Test.checkcampaignHistory()'><b>checkcampaignHistory</b><br>Test class: com.loylty.mobileautomation.campaign.Campaign_Test<br>Parameters: Apparel and Footwear-Apparel and Footwear, 400000-600000, Men-Women, Less than 21_21 - 30_Female_Male_Traditional mindset_Prefers local stores, New Collection, sms2, 23 February 2018, 5:05, Payment successful</td>
<td><div><pre>java.lang.NullPointerException
	at com.loylty.mobileautomation.campaign.Campaign_po.click_on_sms_toSchedule(Campaign_po.java:799)
	at com.loylty.mobileautomation.campaign.CampaignFlow.checkcampaignHistory(CampaignFlow.java:296)
	at com.loylty.mobileautomation.campaign.Campaign_Test.checkcampaignHistory(Campaign_Test.java:353)
	at com.loylty.automationframework.TestRunner.main(TestRunner.java:116)
	at org.codehaus.mojo.exec.ExecJavaMojo$1.run(ExecJavaMojo.java:294)
	at java.lang.Thread.run(Thread.java:745)
... Removed 25 stack frames</pre></div><a href='#' onClick='toggleBox("stack-trace680825513", this, "Click to show all stack frames", "Click to hide stack frames")'>Click to show all stack frames</a>
<div class='stack-trace' id='stack-trace680825513'><pre>java.lang.NullPointerException
	at com.loylty.mobileautomation.campaign.Campaign_po.click_on_sms_toSchedule(Campaign_po.java:799)
	at com.loylty.mobileautomation.campaign.CampaignFlow.checkcampaignHistory(CampaignFlow.java:296)
	at com.loylty.mobileautomation.campaign.Campaign_Test.checkcampaignHistory(Campaign_Test.java:353)
	at sun.reflect.NativeMethodAccessorImpl.invoke0(Native Method)
	at sun.reflect.NativeMethodAccessorImpl.invoke(NativeMethodAccessorImpl.java:62)
	at sun.reflect.DelegatingMethodAccessorImpl.invoke(DelegatingMethodAccessorImpl.java:43)
	at java.lang.reflect.Method.invoke(Method.java:498)
	at org.testng.internal.MethodInvocationHelper.invokeMethod(MethodInvocationHelper.java:86)
	at org.testng.internal.Invoker.invokeMethod(Invoker.java:643)
	at org.testng.internal.Invoker.invokeTestMethod(Invoker.java:820)
	at org.testng.internal.Invoker.invokeTestMethods(Invoker.java:1128)
	at org.testng.internal.TestMethodWorker.invokeTestMethods(TestMethodWorker.java:129)
	at org.testng.internal.TestMethodWorker.run(TestMethodWorker.java:112)
	at org.testng.TestRunner.privateRun(TestRunner.java:782)
	at org.testng.TestRunner.run(TestRunner.java:632)
	at org.testng.SuiteRunner.runTest(SuiteRunner.java:366)
	at org.testng.SuiteRunner.runSequentially(SuiteRunner.java:361)
	at org.testng.SuiteRunner.privateRun(SuiteRunner.java:319)
	at org.testng.SuiteRunner.run(SuiteRunner.java:268)
	at org.testng.SuiteRunnerWorker.runSuite(SuiteRunnerWorker.java:52)
	at org.testng.SuiteRunnerWorker.run(SuiteRunnerWorker.java:86)
	at org.testng.TestNG.runSuitesSequentially(TestNG.java:1244)
	at org.testng.TestNG.runSuitesLocally(TestNG.java:1169)
	at org.testng.TestNG.run(TestNG.java:1064)
	at com.loylty.automationframework.TestRunner.main(TestRunner.java:116)
	at sun.reflect.NativeMethodAccessorImpl.invoke0(Native Method)
	at sun.reflect.NativeMethodAccessorImpl.invoke(NativeMethodAccessorImpl.java:62)
	at sun.reflect.DelegatingMethodAccessorImpl.invoke(DelegatingMethodAccessorImpl.java:43)
	at java.lang.reflect.Method.invoke(Method.java:498)
	at org.codehaus.mojo.exec.ExecJavaMojo$1.run(ExecJavaMojo.java:294)
	at java.lang.Thread.run(Thread.java:745)
</pre></div></td>
<td>394</td>
<td>com.loylty.mobileautomation.campaign.Campaign_Test@2dfd7a69</td></tr>
</table><p>
<table width='100%' border='1' class='invocation-passed'>
<tr><td colspan='4' align='center'><b>PASSED TESTS</b></td></tr>
<tr><td><b>Test method</b></td>
<td width="30%"><b>Exception</b></td>
<td width="10%"><b>Time (seconds)</b></td>
<td><b>Instance</b></td>
</tr>
<tr>
<td title='com.loylty.mobileautomation.campaign.Campaign_Test.campaignCheckPromocode()'><b>campaignCheckPromocode</b><br>Test class: com.loylty.mobileautomation.campaign.Campaign_Test<br>Parameters: Apparel and Footwear-Apparel and Footwear, 400000-600000, Men-Women, Less than 21_21 - 30_Female_Male_Traditional mindset_Prefers local stores, New Collection, xxx</td>
<td></td>
<td>265</td>
<td>com.loylty.mobileautomation.campaign.Campaign_Test@2dfd7a69</td></tr>
<tr>
<td title='com.loylty.mobileautomation.campaign.Campaign_Test.campaignCheckThirdsms()'><b>campaignCheckThirdsms</b><br>Test class: com.loylty.mobileautomation.campaign.Campaign_Test<br>Parameters: Apparel and Footwear-Apparel and Footwear, 400000-600000, Men-Women, Less than 21_21 - 30_Female_Male_Traditional mindset_Prefers local stores, New Collection, xxx</td>
<td></td>
<td>254</td>
<td>com.loylty.mobileautomation.campaign.Campaign_Test@2dfd7a69</td></tr>
<tr>
<td title='com.loylty.mobileautomation.campaign.Campaign_Test.campaignWithoneEligibleStore()'><b>campaignWithoneEligibleStore</b><br>Test class: com.loylty.mobileautomation.campaign.Campaign_Test<br>Parameters: Jewellery-Food and Restaurants, 400000-600000, xxx</td>
<td></td>
<td>148</td>
<td>com.loylty.mobileautomation.campaign.Campaign_Test@2dfd7a69</td></tr>
<tr>
<td title='com.loylty.mobileautomation.campaign.Campaign_Test.campaignWithoutAgeGender()'><b>campaignWithoutAgeGender</b><br>Test class: com.loylty.mobileautomation.campaign.Campaign_Test<br>Parameters: Apparel and Footwear-Apparel and Footwear, 400000-600000, Men-Women, Please select customer age group</td>
<td></td>
<td>162</td>
<td>com.loylty.mobileautomation.campaign.Campaign_Test@2dfd7a69</td></tr>
<tr>
<td title='com.loylty.mobileautomation.campaign.Campaign_Test.campaignWithoutEligibleStore()'><b>campaignWithoutEligibleStore</b><br>Test class: com.loylty.mobileautomation.campaign.Campaign_Test<br>Parameters: Jewellery-Jewellery, 400000-600000, Coming Soon</td>
<td></td>
<td>148</td>
<td>com.loylty.mobileautomation.campaign.Campaign_Test@2dfd7a69</td></tr>
<tr>
<td title='com.loylty.mobileautomation.campaign.Campaign_Test.campaignWithoutGPS()'><b>campaignWithoutGPS</b><br>Test class: com.loylty.mobileautomation.campaign.Campaign_Test<br>Parameters: location</td>
<td></td>
<td>72</td>
<td>com.loylty.mobileautomation.campaign.Campaign_Test@2dfd7a69</td></tr>
<tr>
<td title='com.loylty.mobileautomation.campaign.Campaign_Test.campaignWithoutSubcategoryStore()'><b>campaignWithoutSubcategoryStore</b><br>Test class: com.loylty.mobileautomation.campaign.Campaign_Test<br>Parameters: Apparel and Footwear-Apparel and Footwear, 400000-600000, No sub category is selected</td>
<td></td>
<td>149</td>
<td>com.loylty.mobileautomation.campaign.Campaign_Test@2dfd7a69</td></tr>
<tr>
<td title='com.loylty.mobileautomation.campaign.Campaign_Test.campaignWithoutsmsScript()'><b>campaignWithoutsmsScript</b><br>Test class: com.loylty.mobileautomation.campaign.Campaign_Test<br>Parameters: Apparel and Footwear-Apparel and Footwear, 400000-600000, Men-Women, Less than 21_21 - 30_Female_Male_Traditional mindset_Prefers local stores, Please select an SMS message or create one</td>
<td></td>
<td>186</td>
<td>com.loylty.mobileautomation.campaign.Campaign_Test@2dfd7a69</td></tr>
<tr>
<td title='com.loylty.mobileautomation.campaign.Campaign_Test.checkCSpanelApprovecampaigns()'><b>checkCSpanelApprovecampaigns</b><br>Test class: com.loylty.mobileautomation.campaign.Campaign_Test<br>Parameters: mPoint CS Panel</td>
<td></td>
<td>19</td>
<td>com.loylty.mobileautomation.campaign.Campaign_Test@2dfd7a69</td></tr>
<tr>
<td title='com.loylty.mobileautomation.campaign.Campaign_Test.checkCSpanelDashboard()'><b>checkCSpanelDashboard</b><br>Test class: com.loylty.mobileautomation.campaign.Campaign_Test<br>Parameters: mPoint CS Panel</td>
<td></td>
<td>18</td>
<td>com.loylty.mobileautomation.campaign.Campaign_Test@2dfd7a69</td></tr>
</table><p>
</body>
</html>