<?xml version="1.0" encoding="UTF-8"?>
<!-- Generated by org.testng.reporters.JUnitXMLReporter -->
<testsuite hostname="BiswaranjanD-PC" name="Command line test c3fd73b0-6cb9-43d2-a54f-b18c1be7bf52" tests="4" failures="3" timestamp="25 Jul 2017 07:29:46 GMT" time="646.489" errors="0">
  <testcase name="recharge" time="120.704" classname="com.loylty.mobileautomation.testcases.Bom_Test">
    <failure type="java.lang.AssertionError" message="expected [true] but found [false]">
      <![CDATA[java.lang.AssertionError: expected [true] but found [false]
	at com.loylty.mobileautomation.testcases.Bom_Test.recharge(Bom_Test.java:92)
	at com.loylty.automationframework.TestRunner.main(TestRunner.java:123)
	at org.codehaus.mojo.exec.ExecJavaMojo$1.run(ExecJavaMojo.java:294)
	at java.lang.Thread.run(Thread.java:745)
... Removed 29 stack frames]]>
    </failure>
  </testcase> <!-- recharge -->
  <testcase name="recharge" time="107.253" classname="com.loylty.mobileautomation.testcases.Bom_Test">
    <failure type="java.lang.AssertionError" message="expected [true] but found [false]">
      <![CDATA[java.lang.AssertionError: expected [true] but found [false]
	at com.loylty.mobileautomation.testcases.Bom_Test.recharge(Bom_Test.java:92)
	at com.loylty.automationframework.TestRunner.main(TestRunner.java:123)
	at org.codehaus.mojo.exec.ExecJavaMojo$1.run(ExecJavaMojo.java:294)
	at java.lang.Thread.run(Thread.java:745)
... Removed 29 stack frames]]>
    </failure>
  </testcase> <!-- recharge -->
  <testcase name="recharge_Guest" time="96.206" classname="com.loylty.mobileautomation.testcases.Bom_Test">
    <failure type="java.lang.AssertionError" message="expected [true] but found [false]">
      <![CDATA[java.lang.AssertionError: expected [true] but found [false]
	at com.loylty.mobileautomation.testcases.Bom_Test.recharge_Guest(Bom_Test.java:111)
	at com.loylty.automationframework.TestRunner.main(TestRunner.java:123)
	at org.codehaus.mojo.exec.ExecJavaMojo$1.run(ExecJavaMojo.java:294)
	at java.lang.Thread.run(Thread.java:745)
... Removed 29 stack frames]]>
    </failure>
  </testcase> <!-- recharge_Guest -->
  <testcase name="verify_humberger" time="61.984" classname="com.loylty.mobileautomation.testcases.Bom_Test"/>
</testsuite> <!-- Command line test c3fd73b0-6cb9-43d2-a54f-b18c1be7bf52 -->
