<?xml version="1.0" encoding="UTF-8"?>
<!-- Generated by org.testng.reporters.JUnitXMLReporter -->
<testsuite hostname="BiswaranjanD-PC" name="Command line test 432398c9-9d62-4584-8a99-81eced15ac6e" tests="1" failures="1" timestamp="19 Dec 2017 12:42:30 GMT" time="270.025" errors="0">
  <testcase name="campaignCheckPromocode" time="261.44" classname="com.loylty.mobileautomation.campaign.Campaign_Test">
    <failure type="java.lang.AssertionError" message="promocode verification unsucessfull expected [true] but found [false]">
      <![CDATA[java.lang.AssertionError: promocode verification unsucessfull expected [true] but found [false]
	at com.loylty.mobileautomation.campaign.Campaign_Test.campaignCheckPromocode(Campaign_Test.java:258)
	at com.loylty.automationframework.TestRunner.main(TestRunner.java:116)
	at org.codehaus.mojo.exec.ExecJavaMojo$1.run(ExecJavaMojo.java:294)
	at java.lang.Thread.run(Thread.java:745)
... Removed 28 stack frames]]>
    </failure>
  </testcase> <!-- campaignCheckPromocode -->
</testsuite> <!-- Command line test 432398c9-9d62-4584-8a99-81eced15ac6e -->
