<?xml version="1.0" encoding="UTF-8"?>
<!-- Generated by org.testng.reporters.JUnitXMLReporter -->
<testsuite hostname="BiswaranjanD-PC" name="Command line test cfa55a01-582e-448f-841f-f94be2efbc00" tests="2" failures="0" timestamp="21 Jul 2017 12:52:38 GMT" time="22.506" errors="0">
  <testcase name="@BeforeMethod setup" time="0.0" classname="com.loylty.mobileautomation.testcases.Bom_Test">
    <failure type="org.openqa.selenium.remote.SessionNotFoundException" message="
Command duration or timeout: 21.69 seconds
Build info: version: &amp;apos;2.53.1&amp;apos;, revision: &amp;apos;a36b8b1cd5757287168e54b817830adce9b0158d&amp;apos;, time: &amp;apos;2016-06-30 19:26:09&amp;apos;
System info: host: &amp;apos;BiswaranjanD-PC&amp;apos;, ip: &amp;apos;192.168.136.2&amp;apos;, os.name: &amp;apos;Windows 10&amp;apos;, os.arch: &amp;apos;amd64&amp;apos;, os.version: &amp;apos;10.0&amp;apos;, java.version: &amp;apos;1.8.0_121&amp;apos;
Driver info: io.appium.java_client.android.AndroidDriver">
      <![CDATA[org.openqa.selenium.remote.SessionNotFoundException: 
Command duration or timeout: 21.69 seconds
Build info: version: '2.53.1', revision: 'a36b8b1cd5757287168e54b817830adce9b0158d', time: '2016-06-30 19:26:09'
System info: host: 'BiswaranjanD-PC', ip: '192.168.136.2', os.name: 'Windows 10', os.arch: 'amd64', os.version: '10.0', java.version: '1.8.0_121'
Driver info: io.appium.java_client.android.AndroidDriver
	at org.openqa.selenium.remote.ErrorHandler.createThrowable(ErrorHandler.java:206)
	at org.openqa.selenium.remote.ErrorHandler.throwIfResponseFailed(ErrorHandler.java:158)
	at org.openqa.selenium.remote.RemoteWebDriver.execute(RemoteWebDriver.java:678)
	at io.appium.java_client.DefaultGenericMobileDriver.execute(DefaultGenericMobileDriver.java:40)
	at io.appium.java_client.AppiumDriver.execute(AppiumDriver.java:1)
	at io.appium.java_client.android.AndroidDriver.execute(AndroidDriver.java:1)
	at org.openqa.selenium.remote.RemoteWebDriver.startSession(RemoteWebDriver.java:249)
	at org.openqa.selenium.remote.RemoteWebDriver.<init>(RemoteWebDriver.java:131)
	at org.openqa.selenium.remote.RemoteWebDriver.<init>(RemoteWebDriver.java:144)
	at io.appium.java_client.DefaultGenericMobileDriver.<init>(DefaultGenericMobileDriver.java:36)
	at io.appium.java_client.AppiumDriver.<init>(AppiumDriver.java:114)
	at io.appium.java_client.AppiumDriver.<init>(AppiumDriver.java:132)
	at io.appium.java_client.android.AndroidDriver.<init>(AndroidDriver.java:92)
	at com.loylty.mobileautomation.util.DriverManager.getDriver(DriverManager.java:38)
	at com.loylty.mobileautomation.testcases.Bom_Test.setup(Bom_Test.java:49)
	at com.loylty.automationframework.TestRunner.main(TestRunner.java:121)
	at org.codehaus.mojo.exec.ExecJavaMojo$1.run(ExecJavaMojo.java:294)
	at java.lang.Thread.run(Thread.java:745)
... Removed 31 stack frames]]>
    </failure>
  </testcase> <!-- @BeforeMethod setup -->
  <testcase name="@AfterMethod teardown" time="0.0" classname="com.loylty.mobileautomation.testcases.Bom_Test">
    <skipped/>
  </testcase> <!-- @AfterMethod teardown -->
  <testcase name="@AfterMethod getResult" time="0.0" classname="com.loylty.mobileautomation.testcases.Bom_Test">
    <skipped/>
  </testcase> <!-- @AfterMethod getResult -->
  <testcase name="@BeforeMethod setup" time="0.0" classname="com.loylty.mobileautomation.testcases.Tmb_Test">
    <skipped/>
  </testcase> <!-- @BeforeMethod setup -->
  <testcase name="@AfterMethod teaardown" time="0.0" classname="com.loylty.mobileautomation.testcases.Tmb_Test">
    <skipped/>
  </testcase> <!-- @AfterMethod teaardown -->
  <testcase name="@AfterMethod getResult" time="0.0" classname="com.loylty.mobileautomation.testcases.Tmb_Test">
    <skipped/>
  </testcase> <!-- @AfterMethod getResult -->
  <testcase name="verify_humberger" time="0.0" classname="com.loylty.mobileautomation.testcases.Bom_Test">
    <skipped/>
  </testcase> <!-- verify_humberger -->
  <testcase name="verify_humberger" time="0.0" classname="com.loylty.mobileautomation.testcases.Tmb_Test">
    <skipped/>
  </testcase> <!-- verify_humberger -->
</testsuite> <!-- Command line test cfa55a01-582e-448f-841f-f94be2efbc00 -->
