<html>
<head>
<title>TestNG:  Command line test bec7e859-f5fe-4018-8f1c-6790f1ec7265</title>
<link href="../testng.css" rel="stylesheet" type="text/css" />
<link href="../my-testng.css" rel="stylesheet" type="text/css" />

<style type="text/css">
.log { display: none;} 
.stack-trace { display: none;} 
</style>
<script type="text/javascript">
<!--
function flip(e) {
  current = e.style.display;
  if (current == 'block') {
    e.style.display = 'none';
    return 0;
  }
  else {
    e.style.display = 'block';
    return 1;
  }
}

function toggleBox(szDivId, elem, msg1, msg2)
{
  var res = -1;  if (document.getElementById) {
    res = flip(document.getElementById(szDivId));
  }
  else if (document.all) {
    // this is the way old msie versions work
    res = flip(document.all[szDivId]);
  }
  if(elem) {
    if(res == 0) elem.innerHTML = msg1; else elem.innerHTML = msg2;
  }

}

function toggleAllBoxes() {
  if (document.getElementsByTagName) {
    d = document.getElementsByTagName('div');
    for (i = 0; i < d.length; i++) {
      if (d[i].className == 'log') {
        flip(d[i]);
      }
    }
  }
}

// -->
</script>

</head>
<body>
<h2 align='center'>Command line test bec7e859-f5fe-4018-8f1c-6790f1ec7265</h2><table border='1' align="center">
<tr>
<td>Tests passed/Failed/Skipped:</td><td>0/1/13</td>
</tr><tr>
<td>Started on:</td><td>Wed Jan 24 10:43:35 IST 2018</td>
</tr>
<tr><td>Total time:</td><td>148 seconds (148327 ms)</td>
</tr><tr>
<td>Included groups:</td><td></td>
</tr><tr>
<td>Excluded groups:</td><td></td>
</tr>
</table><p/>
<small><i>(Hover the method name to see the test class name)</i></small><p/>
<table width='100%' border='1' class='invocation-failed'>
<tr><td colspan='4' align='center'><b>FAILED CONFIGURATIONS</b></td></tr>
<tr><td><b>Test method</b></td>
<td width="30%"><b>Exception</b></td>
<td width="10%"><b>Time (seconds)</b></td>
<td><b>Instance</b></td>
</tr>
<tr>
<td title='com.loylty.mobileautomation.campaign.Campaign_Test.teardown()'><b>teardown</b><br>Test class: com.loylty.mobileautomation.campaign.Campaign_Test</td>
<td><div><pre>java.lang.NullPointerException
	at com.loylty.mobileautomation.campaign.Campaign_Test.teardown(Campaign_Test.java:443)
	at com.loylty.automationframework.TestRunner.main(TestRunner.java:116)
	at org.codehaus.mojo.exec.ExecJavaMojo$1.run(ExecJavaMojo.java:294)
	at java.lang.Thread.run(Thread.java:745)
... Removed 27 stack frames</pre></div><a href='#' onClick='toggleBox("stack-trace2041764008", this, "Click to show all stack frames", "Click to hide stack frames")'>Click to show all stack frames</a>
<div class='stack-trace' id='stack-trace2041764008'><pre>java.lang.NullPointerException
	at com.loylty.mobileautomation.campaign.Campaign_Test.teardown(Campaign_Test.java:443)
	at sun.reflect.NativeMethodAccessorImpl.invoke0(Native Method)
	at sun.reflect.NativeMethodAccessorImpl.invoke(NativeMethodAccessorImpl.java:62)
	at sun.reflect.DelegatingMethodAccessorImpl.invoke(DelegatingMethodAccessorImpl.java:43)
	at java.lang.reflect.Method.invoke(Method.java:498)
	at org.testng.internal.MethodInvocationHelper.invokeMethod(MethodInvocationHelper.java:86)
	at org.testng.internal.Invoker.invokeConfigurationMethod(Invoker.java:514)
	at org.testng.internal.Invoker.invokeConfigurations(Invoker.java:215)
	at org.testng.internal.Invoker.invokeMethod(Invoker.java:707)
	at org.testng.internal.Invoker.invokeTestMethod(Invoker.java:820)
	at org.testng.internal.Invoker.invokeTestMethods(Invoker.java:1128)
	at org.testng.internal.TestMethodWorker.invokeTestMethods(TestMethodWorker.java:129)
	at org.testng.internal.TestMethodWorker.run(TestMethodWorker.java:112)
	at org.testng.TestRunner.privateRun(TestRunner.java:782)
	at org.testng.TestRunner.run(TestRunner.java:632)
	at org.testng.SuiteRunner.runTest(SuiteRunner.java:366)
	at org.testng.SuiteRunner.runSequentially(SuiteRunner.java:361)
	at org.testng.SuiteRunner.privateRun(SuiteRunner.java:319)
	at org.testng.SuiteRunner.run(SuiteRunner.java:268)
	at org.testng.SuiteRunnerWorker.runSuite(SuiteRunnerWorker.java:52)
	at org.testng.SuiteRunnerWorker.run(SuiteRunnerWorker.java:86)
	at org.testng.TestNG.runSuitesSequentially(TestNG.java:1244)
	at org.testng.TestNG.runSuitesLocally(TestNG.java:1169)
	at org.testng.TestNG.run(TestNG.java:1064)
	at com.loylty.automationframework.TestRunner.main(TestRunner.java:116)
	at sun.reflect.NativeMethodAccessorImpl.invoke0(Native Method)
	at sun.reflect.NativeMethodAccessorImpl.invoke(NativeMethodAccessorImpl.java:62)
	at sun.reflect.DelegatingMethodAccessorImpl.invoke(DelegatingMethodAccessorImpl.java:43)
	at java.lang.reflect.Method.invoke(Method.java:498)
	at org.codehaus.mojo.exec.ExecJavaMojo$1.run(ExecJavaMojo.java:294)
	at java.lang.Thread.run(Thread.java:745)
</pre></div></td>
<td>0</td>
<td>com.loylty.mobileautomation.campaign.Campaign_Test@4c528c92</td></tr>
</table><p>
<table width='100%' border='1' class='invocation-skipped'>
<tr><td colspan='4' align='center'><b>SKIPPED CONFIGURATIONS</b></td></tr>
<tr><td><b>Test method</b></td>
<td width="30%"><b>Exception</b></td>
<td width="10%"><b>Time (seconds)</b></td>
<td><b>Instance</b></td>
</tr>
<tr>
<td title='com.loylty.mobileautomation.campaign.Campaign_Test.getResult()'><b>getResult</b><br>Test class: com.loylty.mobileautomation.campaign.Campaign_Test</td>
<td></td>
<td>0</td>
<td>com.loylty.mobileautomation.campaign.Campaign_Test@4c528c92</td></tr>
<tr>
<td title='com.loylty.mobileautomation.campaign.Campaign_Test.teardown()'><b>teardown</b><br>Test class: com.loylty.mobileautomation.campaign.Campaign_Test</td>
<td></td>
<td>0</td>
<td>com.loylty.mobileautomation.campaign.Campaign_Test@4c528c92</td></tr>
<tr>
<td title='com.loylty.mobileautomation.campaign.Campaign_Test.getResult()'><b>getResult</b><br>Test class: com.loylty.mobileautomation.campaign.Campaign_Test</td>
<td></td>
<td>0</td>
<td>com.loylty.mobileautomation.campaign.Campaign_Test@4c528c92</td></tr>
<tr>
<td title='com.loylty.mobileautomation.campaign.Campaign_Test.teardown()'><b>teardown</b><br>Test class: com.loylty.mobileautomation.campaign.Campaign_Test</td>
<td></td>
<td>0</td>
<td>com.loylty.mobileautomation.campaign.Campaign_Test@4c528c92</td></tr>
<tr>
<td title='com.loylty.mobileautomation.campaign.Campaign_Test.getResult()'><b>getResult</b><br>Test class: com.loylty.mobileautomation.campaign.Campaign_Test</td>
<td></td>
<td>0</td>
<td>com.loylty.mobileautomation.campaign.Campaign_Test@4c528c92</td></tr>
<tr>
<td title='com.loylty.mobileautomation.campaign.Campaign_Test.teardown()'><b>teardown</b><br>Test class: com.loylty.mobileautomation.campaign.Campaign_Test</td>
<td></td>
<td>0</td>
<td>com.loylty.mobileautomation.campaign.Campaign_Test@4c528c92</td></tr>
<tr>
<td title='com.loylty.mobileautomation.campaign.Campaign_Test.getResult()'><b>getResult</b><br>Test class: com.loylty.mobileautomation.campaign.Campaign_Test</td>
<td></td>
<td>0</td>
<td>com.loylty.mobileautomation.campaign.Campaign_Test@4c528c92</td></tr>
<tr>
<td title='com.loylty.mobileautomation.campaign.Campaign_Test.teardown()'><b>teardown</b><br>Test class: com.loylty.mobileautomation.campaign.Campaign_Test</td>
<td></td>
<td>0</td>
<td>com.loylty.mobileautomation.campaign.Campaign_Test@4c528c92</td></tr>
<tr>
<td title='com.loylty.mobileautomation.campaign.Campaign_Test.getResult()'><b>getResult</b><br>Test class: com.loylty.mobileautomation.campaign.Campaign_Test</td>
<td></td>
<td>0</td>
<td>com.loylty.mobileautomation.campaign.Campaign_Test@4c528c92</td></tr>
<tr>
<td title='com.loylty.mobileautomation.campaign.Campaign_Test.teardown()'><b>teardown</b><br>Test class: com.loylty.mobileautomation.campaign.Campaign_Test</td>
<td></td>
<td>0</td>
<td>com.loylty.mobileautomation.campaign.Campaign_Test@4c528c92</td></tr>
<tr>
<td title='com.loylty.mobileautomation.campaign.Campaign_Test.getResult()'><b>getResult</b><br>Test class: com.loylty.mobileautomation.campaign.Campaign_Test</td>
<td></td>
<td>0</td>
<td>com.loylty.mobileautomation.campaign.Campaign_Test@4c528c92</td></tr>
<tr>
<td title='com.loylty.mobileautomation.campaign.Campaign_Test.teardown()'><b>teardown</b><br>Test class: com.loylty.mobileautomation.campaign.Campaign_Test</td>
<td></td>
<td>0</td>
<td>com.loylty.mobileautomation.campaign.Campaign_Test@4c528c92</td></tr>
<tr>
<td title='com.loylty.mobileautomation.campaign.Campaign_Test.getResult()'><b>getResult</b><br>Test class: com.loylty.mobileautomation.campaign.Campaign_Test</td>
<td></td>
<td>0</td>
<td>com.loylty.mobileautomation.campaign.Campaign_Test@4c528c92</td></tr>
<tr>
<td title='com.loylty.mobileautomation.campaign.Campaign_Test.teardown()'><b>teardown</b><br>Test class: com.loylty.mobileautomation.campaign.Campaign_Test</td>
<td></td>
<td>0</td>
<td>com.loylty.mobileautomation.campaign.Campaign_Test@4c528c92</td></tr>
<tr>
<td title='com.loylty.mobileautomation.campaign.Campaign_Test.getResult()'><b>getResult</b><br>Test class: com.loylty.mobileautomation.campaign.Campaign_Test</td>
<td></td>
<td>0</td>
<td>com.loylty.mobileautomation.campaign.Campaign_Test@4c528c92</td></tr>
<tr>
<td title='com.loylty.mobileautomation.campaign.Campaign_Test.teardown()'><b>teardown</b><br>Test class: com.loylty.mobileautomation.campaign.Campaign_Test</td>
<td></td>
<td>0</td>
<td>com.loylty.mobileautomation.campaign.Campaign_Test@4c528c92</td></tr>
<tr>
<td title='com.loylty.mobileautomation.campaign.Campaign_Test.getResult()'><b>getResult</b><br>Test class: com.loylty.mobileautomation.campaign.Campaign_Test</td>
<td></td>
<td>0</td>
<td>com.loylty.mobileautomation.campaign.Campaign_Test@4c528c92</td></tr>
<tr>
<td title='com.loylty.mobileautomation.campaign.Campaign_Test.teardown()'><b>teardown</b><br>Test class: com.loylty.mobileautomation.campaign.Campaign_Test</td>
<td></td>
<td>0</td>
<td>com.loylty.mobileautomation.campaign.Campaign_Test@4c528c92</td></tr>
<tr>
<td title='com.loylty.mobileautomation.campaign.Campaign_Test.getResult()'><b>getResult</b><br>Test class: com.loylty.mobileautomation.campaign.Campaign_Test</td>
<td></td>
<td>0</td>
<td>com.loylty.mobileautomation.campaign.Campaign_Test@4c528c92</td></tr>
<tr>
<td title='com.loylty.mobileautomation.campaign.Campaign_Test.teardown()'><b>teardown</b><br>Test class: com.loylty.mobileautomation.campaign.Campaign_Test</td>
<td></td>
<td>0</td>
<td>com.loylty.mobileautomation.campaign.Campaign_Test@4c528c92</td></tr>
<tr>
<td title='com.loylty.mobileautomation.campaign.Campaign_Test.getResult()'><b>getResult</b><br>Test class: com.loylty.mobileautomation.campaign.Campaign_Test</td>
<td></td>
<td>0</td>
<td>com.loylty.mobileautomation.campaign.Campaign_Test@4c528c92</td></tr>
<tr>
<td title='com.loylty.mobileautomation.campaign.Campaign_Test.teardown()'><b>teardown</b><br>Test class: com.loylty.mobileautomation.campaign.Campaign_Test</td>
<td></td>
<td>0</td>
<td>com.loylty.mobileautomation.campaign.Campaign_Test@4c528c92</td></tr>
<tr>
<td title='com.loylty.mobileautomation.campaign.Campaign_Test.getResult()'><b>getResult</b><br>Test class: com.loylty.mobileautomation.campaign.Campaign_Test</td>
<td></td>
<td>0</td>
<td>com.loylty.mobileautomation.campaign.Campaign_Test@4c528c92</td></tr>
<tr>
<td title='com.loylty.mobileautomation.campaign.Campaign_Test.teardown()'><b>teardown</b><br>Test class: com.loylty.mobileautomation.campaign.Campaign_Test</td>
<td></td>
<td>0</td>
<td>com.loylty.mobileautomation.campaign.Campaign_Test@4c528c92</td></tr>
<tr>
<td title='com.loylty.mobileautomation.campaign.Campaign_Test.getResult()'><b>getResult</b><br>Test class: com.loylty.mobileautomation.campaign.Campaign_Test</td>
<td></td>
<td>0</td>
<td>com.loylty.mobileautomation.campaign.Campaign_Test@4c528c92</td></tr>
<tr>
<td title='com.loylty.mobileautomation.campaign.Campaign_Test.teardown()'><b>teardown</b><br>Test class: com.loylty.mobileautomation.campaign.Campaign_Test</td>
<td></td>
<td>0</td>
<td>com.loylty.mobileautomation.campaign.Campaign_Test@4c528c92</td></tr>
<tr>
<td title='com.loylty.mobileautomation.campaign.Campaign_Test.getResult()'><b>getResult</b><br>Test class: com.loylty.mobileautomation.campaign.Campaign_Test</td>
<td></td>
<td>0</td>
<td>com.loylty.mobileautomation.campaign.Campaign_Test@4c528c92</td></tr>
</table><p>
<table width='100%' border='1' class='invocation-failed'>
<tr><td colspan='4' align='center'><b>FAILED TESTS</b></td></tr>
<tr><td><b>Test method</b></td>
<td width="30%"><b>Exception</b></td>
<td width="10%"><b>Time (seconds)</b></td>
<td><b>Instance</b></td>
</tr>
<tr>
<td title='com.loylty.mobileautomation.campaign.Campaign_Test.campaignCheckPromocode()'><b>campaignCheckPromocode</b><br>Test class: com.loylty.mobileautomation.campaign.Campaign_Test<br>Parameters: Apparel and Footwear-Apparel and Footwear, 400000-600000, Men-Women, Less than 21_21 - 30_Female_Male_Traditional mindset_Prefers local stores, New Collection, xxx</td>
<td><div><pre>org.openqa.selenium.NoSuchElementException: An element could not be located on the page using the given search parameters. (WARNING: The server did not provide any stacktrace information)
Command duration or timeout: 11.32 seconds
For documentation on this error, please visit: http://seleniumhq.org/exceptions/no_such_element.html
Build info: version: &apos;2.53.1&apos;, revision: &apos;a36b8b1cd5757287168e54b817830adce9b0158d&apos;, time: &apos;2016-06-30 19:26:09&apos;
System info: host: &apos;BiswaranjanD-PC&apos;, ip: &apos;192.168.102.105&apos;, os.name: &apos;Windows 10&apos;, os.arch: &apos;amd64&apos;, os.version: &apos;10.0&apos;, java.version: &apos;1.8.0_121&apos;
Driver info: io.appium.java_client.android.AndroidDriver
Capabilities [{app=C:\LR_MOBILE\mPointBusiness2.13.apk, networkConnectionEnabled=true, noReset=false, automatioNname=appium, warnings={}, apppackage=com.mgm.merchant-1.apk, databaseEnabled=false, fullReset=false, deviceName=0bf06532, platform=LINUX, desired={app=C:\LR_MOBILE\mPointBusiness2.13.apk, noReset=false, automatioNname=appium, appactivity=com.mgm.merchant.account.SplashScreenActivity, newCommandTimeout=10000, apppackage=com.mgm.merchant-1.apk, platformName=Android, platformversion=5.1.1, fullReset=false, deviceName=0bf06532}, appactivity=com.mgm.merchant.account.SplashScreenActivity, newCommandTimeout=10000, platformVersion=4.4.2, webStorageEnabled=false, locationContextEnabled=false, browserName=Android, takesScreenshot=true, javascriptEnabled=true, platformName=Android, platformversion=5.1.1}]
Session ID: f4fc5e7c-c093-4010-b76a-5ab51b0952d0
	at org.openqa.selenium.remote.ErrorHandler.createThrowable(ErrorHandler.java:206)
	at org.openqa.selenium.remote.ErrorHandler.throwIfResponseFailed(ErrorHandler.java:158)
	at org.openqa.selenium.remote.RemoteWebDriver.execute(RemoteWebDriver.java:678)
	at io.appium.java_client.DefaultGenericMobileDriver.execute(DefaultGenericMobileDriver.java:40)
	at io.appium.java_client.AppiumDriver.execute(AppiumDriver.java:1)
	at io.appium.java_client.android.AndroidDriver.execute(AndroidDriver.java:1)
	at org.openqa.selenium.remote.RemoteWebElement.execute(RemoteWebElement.java:327)
	at io.appium.java_client.DefaultGenericMobileElement.execute(DefaultGenericMobileElement.java:33)
	at io.appium.java_client.MobileElement.execute(MobileElement.java:1)
	at io.appium.java_client.android.AndroidElement.execute(AndroidElement.java:1)
	at org.openqa.selenium.remote.RemoteWebElement.getText(RemoteWebElement.java:179)
	at com.loylty.mobileautomation.campaign.CampaignCreateStore_po.clickon_Storelist_Btn(CampaignCreateStore_po.java:245)
	at com.loylty.mobileautomation.campaign.CampaignFlow.createStore(CampaignFlow.java:340)
	at com.loylty.mobileautomation.campaign.Campaign_Test.campaignCheckPromocode(Campaign_Test.java:262)
	at com.loylty.automationframework.TestRunner.main(TestRunner.java:116)
	at org.codehaus.mojo.exec.ExecJavaMojo$1.run(ExecJavaMojo.java:294)
	at java.lang.Thread.run(Thread.java:745)
... Removed 29 stack frames</pre></div><a href='#' onClick='toggleBox("stack-trace1891272155", this, "Click to show all stack frames", "Click to hide stack frames")'>Click to show all stack frames</a>
<div class='stack-trace' id='stack-trace1891272155'><pre>org.openqa.selenium.NoSuchElementException: An element could not be located on the page using the given search parameters. (WARNING: The server did not provide any stacktrace information)
Command duration or timeout: 11.32 seconds
For documentation on this error, please visit: http://seleniumhq.org/exceptions/no_such_element.html
Build info: version: &apos;2.53.1&apos;, revision: &apos;a36b8b1cd5757287168e54b817830adce9b0158d&apos;, time: &apos;2016-06-30 19:26:09&apos;
System info: host: &apos;BiswaranjanD-PC&apos;, ip: &apos;192.168.102.105&apos;, os.name: &apos;Windows 10&apos;, os.arch: &apos;amd64&apos;, os.version: &apos;10.0&apos;, java.version: &apos;1.8.0_121&apos;
Driver info: io.appium.java_client.android.AndroidDriver
Capabilities [{app=C:\LR_MOBILE\mPointBusiness2.13.apk, networkConnectionEnabled=true, noReset=false, automatioNname=appium, warnings={}, apppackage=com.mgm.merchant-1.apk, databaseEnabled=false, fullReset=false, deviceName=0bf06532, platform=LINUX, desired={app=C:\LR_MOBILE\mPointBusiness2.13.apk, noReset=false, automatioNname=appium, appactivity=com.mgm.merchant.account.SplashScreenActivity, newCommandTimeout=10000, apppackage=com.mgm.merchant-1.apk, platformName=Android, platformversion=5.1.1, fullReset=false, deviceName=0bf06532}, appactivity=com.mgm.merchant.account.SplashScreenActivity, newCommandTimeout=10000, platformVersion=4.4.2, webStorageEnabled=false, locationContextEnabled=false, browserName=Android, takesScreenshot=true, javascriptEnabled=true, platformName=Android, platformversion=5.1.1}]
Session ID: f4fc5e7c-c093-4010-b76a-5ab51b0952d0
	at sun.reflect.NativeConstructorAccessorImpl.newInstance0(Native Method)
	at sun.reflect.NativeConstructorAccessorImpl.newInstance(NativeConstructorAccessorImpl.java:62)
	at sun.reflect.DelegatingConstructorAccessorImpl.newInstance(DelegatingConstructorAccessorImpl.java:45)
	at java.lang.reflect.Constructor.newInstance(Constructor.java:423)
	at org.openqa.selenium.remote.ErrorHandler.createThrowable(ErrorHandler.java:206)
	at org.openqa.selenium.remote.ErrorHandler.throwIfResponseFailed(ErrorHandler.java:158)
	at org.openqa.selenium.remote.RemoteWebDriver.execute(RemoteWebDriver.java:678)
	at io.appium.java_client.DefaultGenericMobileDriver.execute(DefaultGenericMobileDriver.java:40)
	at io.appium.java_client.AppiumDriver.execute(AppiumDriver.java:1)
	at io.appium.java_client.android.AndroidDriver.execute(AndroidDriver.java:1)
	at org.openqa.selenium.remote.RemoteWebElement.execute(RemoteWebElement.java:327)
	at io.appium.java_client.DefaultGenericMobileElement.execute(DefaultGenericMobileElement.java:33)
	at io.appium.java_client.MobileElement.execute(MobileElement.java:1)
	at io.appium.java_client.android.AndroidElement.execute(AndroidElement.java:1)
	at org.openqa.selenium.remote.RemoteWebElement.getText(RemoteWebElement.java:179)
	at com.loylty.mobileautomation.campaign.CampaignCreateStore_po.clickon_Storelist_Btn(CampaignCreateStore_po.java:245)
	at com.loylty.mobileautomation.campaign.CampaignFlow.createStore(CampaignFlow.java:340)
	at com.loylty.mobileautomation.campaign.Campaign_Test.campaignCheckPromocode(Campaign_Test.java:262)
	at sun.reflect.NativeMethodAccessorImpl.invoke0(Native Method)
	at sun.reflect.NativeMethodAccessorImpl.invoke(NativeMethodAccessorImpl.java:62)
	at sun.reflect.DelegatingMethodAccessorImpl.invoke(DelegatingMethodAccessorImpl.java:43)
	at java.lang.reflect.Method.invoke(Method.java:498)
	at org.testng.internal.MethodInvocationHelper.invokeMethod(MethodInvocationHelper.java:86)
	at org.testng.internal.Invoker.invokeMethod(Invoker.java:643)
	at org.testng.internal.Invoker.invokeTestMethod(Invoker.java:820)
	at org.testng.internal.Invoker.invokeTestMethods(Invoker.java:1128)
	at org.testng.internal.TestMethodWorker.invokeTestMethods(TestMethodWorker.java:129)
	at org.testng.internal.TestMethodWorker.run(TestMethodWorker.java:112)
	at org.testng.TestRunner.privateRun(TestRunner.java:782)
	at org.testng.TestRunner.run(TestRunner.java:632)
	at org.testng.SuiteRunner.runTest(SuiteRunner.java:366)
	at org.testng.SuiteRunner.runSequentially(SuiteRunner.java:361)
	at org.testng.SuiteRunner.privateRun(SuiteRunner.java:319)
	at org.testng.SuiteRunner.run(SuiteRunner.java:268)
	at org.testng.SuiteRunnerWorker.runSuite(SuiteRunnerWorker.java:52)
	at org.testng.SuiteRunnerWorker.run(SuiteRunnerWorker.java:86)
	at org.testng.TestNG.runSuitesSequentially(TestNG.java:1244)
	at org.testng.TestNG.runSuitesLocally(TestNG.java:1169)
	at org.testng.TestNG.run(TestNG.java:1064)
	at com.loylty.automationframework.TestRunner.main(TestRunner.java:116)
	at sun.reflect.NativeMethodAccessorImpl.invoke0(Native Method)
	at sun.reflect.NativeMethodAccessorImpl.invoke(NativeMethodAccessorImpl.java:62)
	at sun.reflect.DelegatingMethodAccessorImpl.invoke(DelegatingMethodAccessorImpl.java:43)
	at java.lang.reflect.Method.invoke(Method.java:498)
	at org.codehaus.mojo.exec.ExecJavaMojo$1.run(ExecJavaMojo.java:294)
	at java.lang.Thread.run(Thread.java:745)
</pre></div></td>
<td>142</td>
<td>com.loylty.mobileautomation.campaign.Campaign_Test@4c528c92</td></tr>
</table><p>
<table width='100%' border='1' class='invocation-skipped'>
<tr><td colspan='4' align='center'><b>SKIPPED TESTS</b></td></tr>
<tr><td><b>Test method</b></td>
<td width="30%"><b>Exception</b></td>
<td width="10%"><b>Time (seconds)</b></td>
<td><b>Instance</b></td>
</tr>
<tr>
<td title='com.loylty.mobileautomation.campaign.Campaign_Test.campaignCheckSmsScheduling()'><b>campaignCheckSmsScheduling</b><br>Test class: com.loylty.mobileautomation.campaign.Campaign_Test<br>Parameters: Apparel and Footwear-Apparel and Footwear, 400000-600000, Men-Women, Less than 21_21 - 30_Female_Male_Traditional mindset_Prefers local stores, New Collection, sms2, 26 January 2018, 5:05, xxx</td>
<td></td>
<td>0</td>
<td>com.loylty.mobileautomation.campaign.Campaign_Test@4c528c92</td></tr>
<tr>
<td title='com.loylty.mobileautomation.campaign.Campaign_Test.campaignCheckThirdsms()'><b>campaignCheckThirdsms</b><br>Test class: com.loylty.mobileautomation.campaign.Campaign_Test<br>Parameters: Apparel and Footwear-Apparel and Footwear, 400000-600000, Men-Women, Less than 21_21 - 30_Female_Male_Traditional mindset_Prefers local stores, New Collection, xxx</td>
<td></td>
<td>0</td>
<td>com.loylty.mobileautomation.campaign.Campaign_Test@4c528c92</td></tr>
<tr>
<td title='com.loylty.mobileautomation.campaign.Campaign_Test.campaignWithoneEligibleStore()'><b>campaignWithoneEligibleStore</b><br>Test class: com.loylty.mobileautomation.campaign.Campaign_Test<br>Parameters: Jewellery-Food and Restaurants, 400000-600000, xxx</td>
<td></td>
<td>0</td>
<td>com.loylty.mobileautomation.campaign.Campaign_Test@4c528c92</td></tr>
<tr>
<td title='com.loylty.mobileautomation.campaign.Campaign_Test.campaignWithoutAgeGender()'><b>campaignWithoutAgeGender</b><br>Test class: com.loylty.mobileautomation.campaign.Campaign_Test<br>Parameters: Apparel and Footwear-Apparel and Footwear, 400000-600000, Men-Women, Please select customer age group</td>
<td></td>
<td>0</td>
<td>com.loylty.mobileautomation.campaign.Campaign_Test@4c528c92</td></tr>
<tr>
<td title='com.loylty.mobileautomation.campaign.Campaign_Test.campaignWithoutEligibleStore()'><b>campaignWithoutEligibleStore</b><br>Test class: com.loylty.mobileautomation.campaign.Campaign_Test<br>Parameters: Jewellery-Jewellery, 400000-600000, Coming Soon</td>
<td></td>
<td>0</td>
<td>com.loylty.mobileautomation.campaign.Campaign_Test@4c528c92</td></tr>
<tr>
<td title='com.loylty.mobileautomation.campaign.Campaign_Test.campaignWithoutGPS()'><b>campaignWithoutGPS</b><br>Test class: com.loylty.mobileautomation.campaign.Campaign_Test<br>Parameters: location</td>
<td></td>
<td>0</td>
<td>com.loylty.mobileautomation.campaign.Campaign_Test@4c528c92</td></tr>
<tr>
<td title='com.loylty.mobileautomation.campaign.Campaign_Test.campaignWithoutSubcategoryStore()'><b>campaignWithoutSubcategoryStore</b><br>Test class: com.loylty.mobileautomation.campaign.Campaign_Test<br>Parameters: Apparel and Footwear-Apparel and Footwear, 400000-600000, No sub category is selected</td>
<td></td>
<td>0</td>
<td>com.loylty.mobileautomation.campaign.Campaign_Test@4c528c92</td></tr>
<tr>
<td title='com.loylty.mobileautomation.campaign.Campaign_Test.campaignWithoutsmsScript()'><b>campaignWithoutsmsScript</b><br>Test class: com.loylty.mobileautomation.campaign.Campaign_Test<br>Parameters: Apparel and Footwear-Apparel and Footwear, 400000-600000, Men-Women, Less than 21_21 - 30_Female_Male_Traditional mindset_Prefers local stores, Please select an SMS message or create one</td>
<td></td>
<td>0</td>
<td>com.loylty.mobileautomation.campaign.Campaign_Test@4c528c92</td></tr>
<tr>
<td title='com.loylty.mobileautomation.campaign.Campaign_Test.checkCSpanelApprovecampaigns()'><b>checkCSpanelApprovecampaigns</b><br>Test class: com.loylty.mobileautomation.campaign.Campaign_Test<br>Parameters: mPoint CS Panel</td>
<td></td>
<td>0</td>
<td>com.loylty.mobileautomation.campaign.Campaign_Test@4c528c92</td></tr>
<tr>
<td title='com.loylty.mobileautomation.campaign.Campaign_Test.checkCSpanelAutoschedule()'><b>checkCSpanelAutoschedule</b><br>Test class: com.loylty.mobileautomation.campaign.Campaign_Test<br>Parameters: mPoint CS Panel</td>
<td></td>
<td>0</td>
<td>com.loylty.mobileautomation.campaign.Campaign_Test@4c528c92</td></tr>
<tr>
<td title='com.loylty.mobileautomation.campaign.Campaign_Test.checkCSpanelCustomschedule()'><b>checkCSpanelCustomschedule</b><br>Test class: com.loylty.mobileautomation.campaign.Campaign_Test<br>Parameters: mPoint CS Panel, 26/Jan/2018, 12:30, 27/Jan/2018, 12:00, 28/Jan/2018, 10:30, 31/Jan/2018</td>
<td></td>
<td>0</td>
<td>com.loylty.mobileautomation.campaign.Campaign_Test@4c528c92</td></tr>
<tr>
<td title='com.loylty.mobileautomation.campaign.Campaign_Test.checkCSpanelDashboard()'><b>checkCSpanelDashboard</b><br>Test class: com.loylty.mobileautomation.campaign.Campaign_Test<br>Parameters: mPoint CS Panel</td>
<td></td>
<td>0</td>
<td>com.loylty.mobileautomation.campaign.Campaign_Test@4c528c92</td></tr>
<tr>
<td title='com.loylty.mobileautomation.campaign.Campaign_Test.checkcampaignHistory()'><b>checkcampaignHistory</b><br>Test class: com.loylty.mobileautomation.campaign.Campaign_Test<br>Parameters: Apparel and Footwear-Apparel and Footwear, 400000-600000, Men-Women, Less than 21_21 - 30_Female_Male_Traditional mindset_Prefers local stores, New Collection, sms2, 26 January 2018, 5:05, Payment successful</td>
<td></td>
<td>0</td>
<td>com.loylty.mobileautomation.campaign.Campaign_Test@4c528c92</td></tr>
</table><p>
</body>
</html>