<?xml version="1.0" encoding="UTF-8"?>
<!-- Generated by org.testng.reporters.JUnitXMLReporter -->
<testsuite hostname="BiswaranjanD-PC" name="Command line test 718a6e15-364a-4b41-8689-5c04f1dccb15" tests="4" failures="1" timestamp="27 Jul 2017 10:40:10 GMT" time="393.614" errors="0">
  <testcase name="payMarchant" time="123.546" classname="com.loylty.mobileautomation.testcases.Bom_Test"/>
  <testcase name="recharge" time="113.837" classname="com.loylty.mobileautomation.testcases.Bom_Test">
    <failure type="java.lang.AssertionError" message="expected [true] but found [false]">
      <![CDATA[java.lang.AssertionError: expected [true] but found [false]
	at com.loylty.mobileautomation.testcases.Bom_Test.recharge(Bom_Test.java:92)
	at com.loylty.automationframework.TestRunner.main(TestRunner.java:126)
	at org.codehaus.mojo.exec.ExecJavaMojo$1.run(ExecJavaMojo.java:294)
	at java.lang.Thread.run(Thread.java:745)
... Removed 29 stack frames]]>
    </failure>
  </testcase> <!-- recharge -->
  <testcase name="verify_humberger" time="74.201" classname="com.loylty.mobileautomation.testcases.Bom_Test"/>
  <testcase name="verify_humberger" time="72.011" classname="com.loylty.mobileautomation.testcases.Tmb_Test"/>
</testsuite> <!-- Command line test 718a6e15-364a-4b41-8689-5c04f1dccb15 -->
