<?xml version="1.0" encoding="UTF-8"?>
<!-- Generated by org.testng.reporters.JUnitXMLReporter -->
<testsuite hostname="BiswaranjanD-PC" name="Command line test dda7b99a-1e7b-4759-9fd9-e0f040eff29e" tests="6" failures="6" timestamp="5 Mar 2018 10:57:40 GMT" time="0.67" errors="0">
  <testcase name="method1" time="0.006" classname="com.selenium.demo.Demo1">
    <failure type="java.lang.AssertionError" message="null">
      <![CDATA[java.lang.AssertionError: null
	at com.selenium.demo.Demo1.method1(Demo1.java:16)
	at com.loylty.automationframework.TestRunner.main(TestRunner.java:123)
	at org.codehaus.mojo.exec.ExecJavaMojo$1.run(ExecJavaMojo.java:294)
	at java.lang.Thread.run(Thread.java:745)
... Removed 27 stack frames]]>
    </failure>
  </testcase> <!-- method1 -->
  <testcase name="method2" time="0.0" classname="com.selenium.demo.Demo1">
    <failure type="java.lang.AssertionError" message="null">
      <![CDATA[java.lang.AssertionError: null
	at com.selenium.demo.Demo1.method2(Demo1.java:26)
	at com.loylty.automationframework.TestRunner.main(TestRunner.java:123)
	at org.codehaus.mojo.exec.ExecJavaMojo$1.run(ExecJavaMojo.java:294)
	at java.lang.Thread.run(Thread.java:745)
... Removed 27 stack frames]]>
    </failure>
  </testcase> <!-- method2 -->
  <testcase name="method3" time="0.005" classname="com.selenium.demo.Demo1">
    <failure type="java.lang.AssertionError" message="null">
      <![CDATA[java.lang.AssertionError: null
	at com.selenium.demo.Demo1.method3(Demo1.java:35)
	at com.loylty.automationframework.TestRunner.main(TestRunner.java:123)
	at org.codehaus.mojo.exec.ExecJavaMojo$1.run(ExecJavaMojo.java:294)
	at java.lang.Thread.run(Thread.java:745)
... Removed 27 stack frames]]>
    </failure>
  </testcase> <!-- method3 -->
  <testcase name="method11" time="0.0" classname="com.selenium.demo.Demo2">
    <failure type="java.lang.AssertionError" message="null">
      <![CDATA[java.lang.AssertionError: null
	at com.selenium.demo.Demo2.method11(Demo2.java:18)
	at com.loylty.automationframework.TestRunner.main(TestRunner.java:123)
	at org.codehaus.mojo.exec.ExecJavaMojo$1.run(ExecJavaMojo.java:294)
	at java.lang.Thread.run(Thread.java:745)
... Removed 27 stack frames]]>
    </failure>
  </testcase> <!-- method11 -->
  <testcase name="method12" time="0.0" classname="com.selenium.demo.Demo2">
    <failure type="java.lang.AssertionError" message="null">
      <![CDATA[java.lang.AssertionError: null
	at com.selenium.demo.Demo2.method12(Demo2.java:27)
	at com.loylty.automationframework.TestRunner.main(TestRunner.java:123)
	at org.codehaus.mojo.exec.ExecJavaMojo$1.run(ExecJavaMojo.java:294)
	at java.lang.Thread.run(Thread.java:745)
... Removed 27 stack frames]]>
    </failure>
  </testcase> <!-- method12 -->
  <testcase name="method13" time="0.0" classname="com.selenium.demo.Demo2">
    <failure type="java.lang.AssertionError" message="null">
      <![CDATA[java.lang.AssertionError: null
	at com.selenium.demo.Demo2.method13(Demo2.java:36)
	at com.loylty.automationframework.TestRunner.main(TestRunner.java:123)
	at org.codehaus.mojo.exec.ExecJavaMojo$1.run(ExecJavaMojo.java:294)
	at java.lang.Thread.run(Thread.java:745)
... Removed 27 stack frames]]>
    </failure>
  </testcase> <!-- method13 -->
</testsuite> <!-- Command line test dda7b99a-1e7b-4759-9fd9-e0f040eff29e -->
