<?xml version="1.0" encoding="UTF-8"?>
<!-- Generated by org.testng.reporters.JUnitXMLReporter -->
<testsuite hostname="BiswaranjanD-PC" name="Command line test c9a6fc05-fe96-41ed-a654-8fcfcfb2a3ff" tests="1" failures="1" timestamp="15 Dec 2017 09:22:40 GMT" time="128.059" errors="0">
  <testcase name="campaignWithoutEligibleStore" time="122.658" classname="com.loylty.mobileautomation.campaign.Campaign_Test">
    <failure type="java.lang.ArrayIndexOutOfBoundsException" message="1">
      <![CDATA[java.lang.ArrayIndexOutOfBoundsException: 1
	at com.loylty.mobileautomation.campaign.CampaignCreateStore_po.clickon_Storelist_Btn(CampaignCreateStore_po.java:248)
	at com.loylty.mobileautomation.campaign.CampaignFlow.createStore(CampaignFlow.java:79)
	at com.loylty.mobileautomation.campaign.Campaign_Test.campaignWithoutEligibleStore(Campaign_Test.java:104)
	at com.loylty.automationframework.TestRunner.main(TestRunner.java:116)
	at org.codehaus.mojo.exec.ExecJavaMojo$1.run(ExecJavaMojo.java:294)
	at java.lang.Thread.run(Thread.java:745)
... Removed 25 stack frames]]>
    </failure>
  </testcase> <!-- campaignWithoutEligibleStore -->
</testsuite> <!-- Command line test c9a6fc05-fe96-41ed-a654-8fcfcfb2a3ff -->
